[2015.12.18-17.31.40:396][  0]Log file open, 12/18/15 09:31:40
[2015.12.18-17.31.40:396][  0]LogInit:Display: Running engine for game: MyProject5
[2015.12.18-17.31.40:396][  0]LogPlatformFile: Not using cached read wrapper
[2015.12.18-17.31.40:396][  0]LogInit:Display: RandInit(-1777813603) SRandInit(-1777813601).
[2015.12.18-17.31.40:396][  0]LogTaskGraph: Started task graph with 4 named threads and 6 total threads.
[2015.12.18-17.31.40:396][  0]LogStats: Stats thread started at 0.096234
[2015.12.18-17.31.40:396][  0]LogInit: Version: 4.10.0-2758231+++depot+UE4-Releases+4.10
[2015.12.18-17.31.40:396][  0]LogInit: API Version: 2758231
[2015.12.18-17.31.40:396][  0]LogInit: Compiled (64-bit): Nov  7 2015 05:13:45
[2015.12.18-17.31.40:396][  0]LogInit: Compiled with Visual C++: 19.00.23026.00
[2015.12.18-17.31.40:396][  0]LogInit: Build Configuration: Development
[2015.12.18-17.31.40:396][  0]LogInit: Branch Name: ++depot+UE4-Releases+4.10
[2015.12.18-17.31.40:396][  0]LogInit: Command line:  /Temp/Autosaves/Game/StarterContent/Maps/UEDPCMinimal_Default -game -PIEVIACONSOLE -ResX=1280 -ResY=720  -Multiprocess -featureleveles2 -faketouches 
[2015.12.18-17.31.40:396][  0]LogInit: Base directory: C:/Program Files (x86)/Epic Games/4.10/Engine/Binaries/Win64/
[2015.12.18-17.31.40:396][  0]LogInit: Rocket: 1
[2015.12.18-17.31.40:408][  0]LogInit: Using libcurl 7.41.0
[2015.12.18-17.31.40:408][  0]LogInit:  - built for x86_64-pc-win32
[2015.12.18-17.31.40:408][  0]LogInit:  - supports SSL with WinSSL
[2015.12.18-17.31.40:408][  0]LogInit:  - other features:
[2015.12.18-17.31.40:408][  0]LogInit:      CURL_VERSION_SSL
[2015.12.18-17.31.40:408][  0]LogInit:      CURL_VERSION_IPV6
[2015.12.18-17.31.40:408][  0]LogInit:      CURL_VERSION_ASYNCHDNS
[2015.12.18-17.31.40:408][  0]LogInit:      CURL_VERSION_LARGEFILE
[2015.12.18-17.31.40:408][  0]LogInit:      CURL_VERSION_IDN
[2015.12.18-17.31.40:408][  0]LogInit:  CurlRequestOptions (configurable via config and command line):
[2015.12.18-17.31.40:408][  0]LogInit:  - bVerifyPeer = true  - Libcurl will verify peer certificate
[2015.12.18-17.31.40:408][  0]LogInit:  - bUseHttpProxy = false  - Libcurl will NOT use HTTP proxy
[2015.12.18-17.31.40:408][  0]LogInit:  - bDontReuseConnections = false  - Libcurl will reuse connections
[2015.12.18-17.31.40:408][  0]LogInit:  - CertBundlePath = nullptr  - Libcurl will use whatever was configured at build time.
[2015.12.18-17.31.40:419][  0]LogInit: Presizing for 0 objects not considered by GC, pre-allocating 0 bytes.
[2015.12.18-17.31.40:430][  0]LogInit: Object subsystem initialized
[2015.12.18-17.31.40:432][  0]LogInit: Selected Device Profile: [Windows]
[2015.12.18-17.31.40:432][  0]LogInit: Applying CVar settings loaded from the selected device profile: [Windows]
[2015.12.18-17.31.40:446][  0]LogInit: Computer: DESKTOP-B87MP3I
[2015.12.18-17.31.40:446][  0]LogInit: User: 3DJoe
[2015.12.18-17.31.40:446][  0]LogInit: CPU Page size=4096, Cores=3
[2015.12.18-17.31.40:446][  0]LogInit: High frequency timer resolution =3.433149 MHz
[2015.12.18-17.31.40:446][  0]LogMemory: Memory total: Physical=8.0GB (8GB approx)
[2015.12.18-17.31.40:446][  0]LogMemory: Platform Memory Stats for Windows
[2015.12.18-17.31.40:446][  0]LogMemory: Process Physical Memory: 55.73 MB used, 55.73 MB peak
[2015.12.18-17.31.40:446][  0]LogMemory: Process Virtual Memory: 57.88 MB used, 57.88 MB peak
[2015.12.18-17.31.40:446][  0]LogMemory: Physical Memory: 4351.33 MB used, 8173.54 MB total
[2015.12.18-17.31.40:446][  0]LogMemory: Virtual Memory: 383.29 MB used, 134217728.00 MB total
[2015.12.18-17.31.40:515][  0]LogTextLocalizationManager: No specific translations for ('en-US') exist, so ('en') translations will be used.
[2015.12.18-17.31.41:115][  0]LogD3D11RHI: Found D3D11 adapter 0: NVIDIA GeForce GTX 960 (Feature Level 11_0)
[2015.12.18-17.31.41:115][  0]LogD3D11RHI: Adapter has 1969MB of dedicated video memory, 0MB of dedicated system memory, and 4086MB of shared system memory, 2 output[s]
[2015.12.18-17.31.41:117][  0]LogD3D11RHI: Found D3D11 adapter 1: Microsoft Basic Render Driver (Feature Level 11_0)
[2015.12.18-17.31.41:117][  0]LogD3D11RHI: Adapter has 0MB of dedicated video memory, 0MB of dedicated system memory, and 4086MB of shared system memory, 0 output[s]
[2015.12.18-17.31.41:117][  0]LogD3D11RHI: Chosen D3D11 Adapter Id = 0
[2015.12.18-17.31.41:124][  0]LogD3D11RHI: !Direct3DDevice
[2015.12.18-17.31.41:124][  0]LogRHI: Texture pool is 1361 MB (70% of 1945 MB)
[2015.12.18-17.31.41:147][  0]LogD3D11RHI: Async texture creation enabled
[2015.12.18-17.31.41:163][  0]LogShaderCompilers: Guid format shader working directory is -20 characters bigger than the processId version (../../../../../../Users/3DJoe/Documents/Unreal Projects/MyProject5/Intermediate/Shaders/WorkingDirectory/5864/).
[2015.12.18-17.31.41:163][  0]LogShaderCompilers: Cleaned the shader compiler working directory 'C:/Users/3DJoe/AppData/Local/Temp/UnrealShaderWorkingDir/A414B9894C8B75DDC47C89BE3E057B1A/'.
[2015.12.18-17.31.41:163][  0]LogShaderCompilers:Display: Using Local Shader Compiler.
[2015.12.18-17.31.42:566][  0]LogTemp:Display: Loaded TP AllDesktopTargetPlatform
[2015.12.18-17.31.42:574][  0]LogTemp:Display: Loaded TP WindowsClientTargetPlatform
[2015.12.18-17.31.42:582][  0]LogTemp:Display: Loaded TP WindowsNoEditorTargetPlatform
[2015.12.18-17.31.42:591][  0]LogTemp:Display: Loaded TP WindowsServerTargetPlatform
[2015.12.18-17.31.42:598][  0]LogTemp:Display: Loaded TP WindowsTargetPlatform
[2015.12.18-17.31.42:606][  0]LogTemp:Display: Loaded TP AndroidTargetPlatform
[2015.12.18-17.31.42:610][  0]LogTemp:Display: Loaded TP Android_ASTCTargetPlatform
[2015.12.18-17.31.42:614][  0]LogTemp:Display: Loaded TP Android_ATCTargetPlatform
[2015.12.18-17.31.42:619][  0]LogTemp:Display: Loaded TP Android_DXTTargetPlatform
[2015.12.18-17.31.42:623][  0]LogTemp:Display: Loaded TP Android_ETC1TargetPlatform
[2015.12.18-17.31.42:628][  0]LogTemp:Display: Loaded TP Android_ETC2TargetPlatform
[2015.12.18-17.31.42:638][  0]LogTemp:Display: Loaded TP Android_MultiTargetPlatform
[2015.12.18-17.31.42:638][  0]LogTemp:Display: Loaded TP Android_PVRTCTargetPlatform
[2015.12.18-17.31.42:639][  0]LogTemp:Display: Loaded TP HTML5TargetPlatform
[2015.12.18-17.31.42:660][  0]LogTemp:Display: Loaded TP IOSTargetPlatform
[2015.12.18-17.31.42:664][  0]LogTemp:Display: Loaded TP LinuxNoEditorTargetPlatform
[2015.12.18-17.31.42:669][  0]LogTemp:Display: Loaded TP LinuxServerTargetPlatform
[2015.12.18-17.31.42:675][  0]LogTemp:Display: Loaded TP LinuxTargetPlatform
[2015.12.18-17.31.42:676][  0]LogTargetPlatformManager:Display: Building Assets For Windows
[2015.12.18-17.31.42:825][  0]LogDerivedDataCache:Display: Max Cache Size: 512 MB
[2015.12.18-17.31.42:934][  0]LogDerivedDataCache: Loaded boot cache 0.11s 41MB C:/Users/3DJoe/AppData/Local/UnrealEngine/4.10/DerivedDataCache/Boot.ddc.
[2015.12.18-17.31.42:934][  0]LogDerivedDataCache:Display: Loaded Boot cache: C:/Users/3DJoe/AppData/Local/UnrealEngine/4.10/DerivedDataCache/Boot.ddc
[2015.12.18-17.31.42:934][  0]LogDerivedDataCache: FDerivedDataBackendGraph:  Pak pak cache file ../../../../../../Users/3DJoe/Documents/Unreal Projects/MyProject5/DerivedDataCache/DDC.ddp not found, will not use a pak cache.
[2015.12.18-17.31.42:934][  0]LogDerivedDataCache: Unable to find inner node Pak for hierarchical cache Hierarchy.
[2015.12.18-17.31.42:934][  0]LogDerivedDataCache: FDerivedDataBackendGraph:  CompressedPak pak cache file ../../../../../../Users/3DJoe/Documents/Unreal Projects/MyProject5/DerivedDataCache/Compressed.ddp not found, will not use a pak cache.
[2015.12.18-17.31.42:934][  0]LogDerivedDataCache: Unable to find inner node CompressedPak for hierarchical cache Hierarchy.
[2015.12.18-17.31.43:016][  0]LogDerivedDataCache:Display: Pak cache opened for reading ../../../Engine/DerivedDataCache/Compressed.ddp.
[2015.12.18-17.31.43:029][  0]LogDerivedDataCache: Using Local data cache path C:/Users/3DJoe/AppData/Local/UnrealEngine/Common/DerivedDataCache: Writable
[2015.12.18-17.31.43:342][  0]LogInit: Selected Device Profile: [Windows]
[2015.12.18-17.31.43:345][  0]LogContentStreaming: Texture pool size is 1000.000000MB
[2015.12.18-17.31.43:738][  0]LogMeshUtilities: No automatic mesh reduction module available
[2015.12.18-17.31.43:738][  0]LogMeshUtilities: No automatic mesh merging module available
[2015.12.18-17.31.44:007][  0]LogMaterial: Missing cached shader map for material LandscapeGizmoHeight_Mat, compiling. 
[2015.12.18-17.31.44:090][  0]LogMaterial: Missing cached shader map for material SplineEditorMeshMat, compiling. 
[2015.12.18-17.31.44:103][  0]LogMaterial: Missing cached shader map for material MatineeCam_mat, compiling. 
[2015.12.18-17.31.44:136][  0]LogMaterial: Missing cached shader map for material HelpActorMaterial, compiling. 
[2015.12.18-17.31.44:217][  0]LogMaterial: Missing cached shader map for material DefaultTextMaterialOpaque, compiling. 
[2015.12.18-17.31.44:295][  0]LogMaterial: Missing cached shader map for material DefaultMaterial, compiling. 
[2015.12.18-17.31.44:408][  0]LogInit: WinSock: version 1.1 (2.2), MaxSocks=32767, MaxUdp=65467
[2015.12.18-17.31.44:995][  0]LogWindowsMoviePlayer: Unable to load movie: ../../../../../../Users/3DJoe/Documents/Unreal Projects/MyProject5/Content/Movies/Default_Startup.mp4
[2015.12.18-17.31.45:066][  0]LogMaterial: Missing cached shader map for material DefaultSpriteMaterial, compiling. 
[2015.12.18-17.31.45:074][  0]LogMaterial: Missing cached shader map for material DefaultSpriteMaterial, compiling. 
[2015.12.18-17.31.45:169][  0]SourceControl: Info Source control is disabled
[2015.12.18-17.31.45:169][  0]SourceControl: Info Source control is disabled
[2015.12.18-17.31.45:196][  0]SourceControl: Info Source control is disabled
[2015.12.18-17.31.45:407][  0]LogMaterial: Missing cached shader map for material LM_HandColor, compiling. 
[2015.12.18-17.31.45:435][  0]LogMaterial: Missing cached shader map for material LM_PassthroughMaterial, compiling. 
[2015.12.18-17.31.45:610][  0]LogObj: 27935 objects as part of root set at end of initial load.
[2015.12.18-17.31.45:610][  0]LogUObjectAllocator: 5830072 out of 0 bytes used by permanent object pool.
[2015.12.18-17.31.45:670][  0]LogMaterial: Missing cached shader map for material HighResScreenshot, compiling. 
[2015.12.18-17.31.45:676][  0]LogMaterial: Missing cached shader map for material HighResScreenshotMask, compiling. 
[2015.12.18-17.31.45:688][  0]LogMaterial: Missing cached shader map for material HighResScreenshotCaptureRegion, compiling. 
[2015.12.18-17.31.45:729][  0]LogEngine: Initializing Engine...
[2015.12.18-17.31.45:735][  0]LogHMD: Can't find Oculus library dev build: is proper Runtime installed? Version: 0.8.0.0
[2015.12.18-17.31.45:736][  0]LogHMD: SteamVR failed to initialize.  Err: 110
[2015.12.18-17.31.45:751][  0]LogMaterial: Missing cached shader map for material WireframeMaterial, compiling. Is special engine material.
[2015.12.18-17.31.45:779][  0]LogMaterial: Missing cached shader map for material LevelColorationLitMaterial, compiling. Is special engine material.
[2015.12.18-17.31.45:974][  0]LogMaterial: Missing cached shader map for material LevelColorationUnlitMaterial, compiling. Is special engine material.
[2015.12.18-17.31.46:000][  0]LogMaterial: Missing cached shader map for material MAT_LevelColorationLitLightmapUV, compiling. Is special engine material.
[2015.12.18-17.31.46:001][  0]LogMaterial:Warning: Failed to compile Material /Engine/EngineDebugMaterials/MAT_LevelColorationLitLightmapUV.MAT_LevelColorationLitLightmapUV for platform PCD3D_ES2, Default Material will be used in game.
[2015.12.18-17.31.46:001][  0]LogMaterial:Warning: 	(Node LightmapUVs) Node not supported in feature level ES2
[2015.12.18-17.31.46:009][  0]LogMaterial: Missing cached shader map for material ShadedLevelColorationLitMaterial, compiling. Is special engine material.
[2015.12.18-17.31.46:202][  0]LogMaterial: Missing cached shader map for material ShadedLevelColorationUnlitMateri, compiling. Is special engine material.
[2015.12.18-17.31.46:227][  0]LogMaterial: Missing cached shader map for material VertexColorMaterial, compiling. 
[2015.12.18-17.31.46:262][  0]LogMaterial: Missing cached shader map for material VertexColorViewMode_ColorOnly, compiling. 
[2015.12.18-17.31.46:269][  0]LogMaterial: Missing cached shader map for material VertexColorViewMode_AlphaAsColor, compiling. 
[2015.12.18-17.31.46:275][  0]LogMaterial: Missing cached shader map for material VertexColorViewMode_RedOnly, compiling. 
[2015.12.18-17.31.46:282][  0]LogMaterial: Missing cached shader map for material VertexColorViewMode_GreenOnly, compiling. 
[2015.12.18-17.31.46:288][  0]LogMaterial: Missing cached shader map for material VertexColorViewMode_BlueOnly, compiling. 
[2015.12.18-17.31.46:295][  0]LogMaterial: Missing cached shader map for material RemoveSurfaceMaterial, compiling. 
[2015.12.18-17.31.46:300][  0]LogMaterial: Missing cached shader map for material DebugMeshMaterial, compiling. 
[2015.12.18-17.31.46:310][  0]LogMaterial: Missing cached shader map for material M_InvalidLightmapSettings, compiling. 
[2015.12.18-17.31.46:331][  0]LogMaterial: Missing cached shader map for material GizmoMaterial, compiling. 
[2015.12.18-17.31.46:353][  0]LogInit: XAudio2 using 'Realtek Digital Output (Realtek High Definition Audio)' : 2 channels at 48 kHz using 16 bits per sample (channel mask 0x3)
[2015.12.18-17.31.46:371][  0]LogInit: FAudioDevice initialized.
[2015.12.18-17.31.46:389][  0]LogInit: Texture streaming: Enabled
[2015.12.18-17.31.46:392][  0]LogMaterial: Missing cached shader map for material BaseColor, compiling. 
[2015.12.18-17.31.46:397][  0]LogMaterial: Missing cached shader map for material CustomDepth, compiling. 
[2015.12.18-17.31.46:408][  0]LogMaterial: Missing cached shader map for material CustomStencil, compiling. 
[2015.12.18-17.31.46:409][  0]LogMaterial:Warning: Failed to compile Material /Engine/BufferVisualization/CustomStencil.CustomStencil for platform PCD3D_ES2, Default Material will be used in game.
[2015.12.18-17.31.46:409][  0]LogMaterial:Warning: 	(Node SceneTexture) Node not supported in feature level ES2
[2015.12.18-17.31.46:412][  0]LogMaterial: Missing cached shader map for material DecalMask, compiling. 
[2015.12.18-17.31.46:417][  0]LogMaterial: Missing cached shader map for material FinalImage, compiling. 
[2015.12.18-17.31.46:422][  0]LogMaterial: Missing cached shader map for material LightingModel, compiling. 
[2015.12.18-17.31.46:427][  0]LogMaterial: Missing cached shader map for material MaterialAO, compiling. 
[2015.12.18-17.31.46:431][  0]LogMaterial: Missing cached shader map for material Metallic, compiling. 
[2015.12.18-17.31.46:436][  0]LogMaterial: Missing cached shader map for material Opacity, compiling. 
[2015.12.18-17.31.46:441][  0]LogMaterial: Missing cached shader map for material Roughness, compiling. 
[2015.12.18-17.31.46:447][  0]LogMaterial: Missing cached shader map for material SceneColor, compiling. 
[2015.12.18-17.31.46:452][  0]LogMaterial: Missing cached shader map for material SceneDepth, compiling. 
[2015.12.18-17.31.46:457][  0]LogMaterial: Missing cached shader map for material SeparateTranslucencyRGB, compiling. 
[2015.12.18-17.31.46:463][  0]LogMaterial: Missing cached shader map for material SeparateTranslucencyA, compiling. 
[2015.12.18-17.31.46:468][  0]LogMaterial: Missing cached shader map for material Specular, compiling. 
[2015.12.18-17.31.46:473][  0]LogMaterial: Missing cached shader map for material SubsurfaceColor, compiling. 
[2015.12.18-17.31.46:479][  0]LogMaterial: Missing cached shader map for material WorldNormal, compiling. 
[2015.12.18-17.31.46:484][  0]LogMaterial: Missing cached shader map for material AmbientOcclusion, compiling. 
[2015.12.18-17.31.46:491][  0]LogMaterial: Missing cached shader map for material CustomDepthWorldUnits, compiling. 
[2015.12.18-17.31.46:496][  0]LogMaterial: Missing cached shader map for material SceneDepthWorldUnits, compiling. 
[2015.12.18-17.31.46:522][  0]LogNet: Browse: /Temp/Autosaves/Game/StarterContent/Maps/UEDPCMinimal_Default?Name=Player
[2015.12.18-17.31.46:522][  0]LogLoad: LoadMap: /Temp/Autosaves/Game/StarterContent/Maps/UEDPCMinimal_Default?Name=Player
[2015.12.18-17.31.46:541][  0]LogParticles: Destroying 0 GPU particle simulations for FXSystem 0x000001D226D10D60
[2015.12.18-17.31.46:557][  0]LogMemory: Platform Memory Stats for Windows
[2015.12.18-17.31.46:557][  0]LogMemory: Process Physical Memory: 563.14 MB used, 563.14 MB peak
[2015.12.18-17.31.46:557][  0]LogMemory: Process Virtual Memory: 576.07 MB used, 576.07 MB peak
[2015.12.18-17.31.46:557][  0]LogMemory: Physical Memory: 4917.10 MB used, 8173.54 MB total
[2015.12.18-17.31.46:557][  0]LogMemory: Virtual Memory: 1129.20 MB used, 134217728.00 MB total
[2015.12.18-17.31.46:557][  0]LogMemory: 
[2015.12.18-17.31.46:557][  0]Allocator Stats for TBB: (not implemented)
[2015.12.18-17.31.47:046][  0]LogMaterial: Missing cached shader map for material M_Sky_Panning_Clouds2, compiling. 
[2015.12.18-17.31.47:104][  0]LogMaterial: Missing cached shader map for material M_Metal_Brushed_Nickel, compiling. 
[2015.12.18-17.31.47:156][  0]LogMaterial: Missing cached shader map for material M_Metal_Copper, compiling. 
[2015.12.18-17.31.47:215][  0]LogMaterial: Missing cached shader map for material M_Metal_Burnished_Steel, compiling. 
[2015.12.18-17.31.47:273][  0]LogMaterial: Missing cached shader map for material M_Chair, compiling. 
[2015.12.18-17.31.47:315][  0]LogMaterial: Missing cached shader map for material M_StatueGlass, compiling. 
[2015.12.18-17.31.47:365][  0]LogMaterial: Missing cached shader map for material M_Basic_Floor, compiling. 
[2015.12.18-17.31.47:398][  0]LogMaterial: Missing cached shader map for material M_Statue, compiling. 
[2015.12.18-17.31.47:434][  0]LogMaterial: Missing cached shader map for material M_TableRound, compiling. 
[2015.12.18-17.31.47:472][  0]LogMaterial: Missing cached shader map for material Charater_Parent, compiling. 
[2015.12.18-17.31.47:530][  0]LogAIModule: Creating AISystem for world Minimal_Default
[2015.12.18-17.31.47:530][  0]LogWorld: Game class is 'MyGame_C'
[2015.12.18-17.31.47:534][  0]LogWorld: Bringing World /Temp/Autosaves/Game/StarterContent/Maps/UEDPCMinimal_Default.Minimal_Default up for play (max tick rate 0) at 2015.12.18-09.31.47
[2015.12.18-17.31.47:534][  0]LogWorld: Bringing up level for play took: 0.002671
[2015.12.18-17.31.47:543][  0]LogInit:Display: Game Engine Initialized.
[2015.12.18-17.31.47:783][  0]LogLoad: Full Startup: 7.91 seconds (BP compile: 0.17 seconds)
[2015.12.18-17.31.47:805][  0]LogOcInput: Can't find Oculus library dev build: is proper Runtime installed? Version: 0.8.0.0
[2015.12.18-17.31.47:877][  1]LogRenderer: Reallocating scene render targets to support 1280x720 (Frame:2).
[2015.12.18-17.32.02:188][876]LogWindowsTextInputMethodSystem:Display: IME system now deactivated.
[2015.12.18-17.32.02:191][876]LogEngine: All Windows Closed
[2015.12.18-17.32.02:191][876]LogWindows: FPlatformMisc::RequestExit(0)
[2015.12.18-17.32.02:741][877]LogExit: Preparing to exit.
[2015.12.18-17.32.02:849][877]LogExit: Game engine shut down
[2015.12.18-17.32.02:852][877]LogParticles: Destroying 0 GPU particle simulations for FXSystem 0x000001D23FDFD580
[2015.12.18-17.32.03:080][877]LogExit: Object subsystem successfully closed.
[2015.12.18-17.32.03:090][877]LogD3D11RHI: Shutdown
[2015.12.18-17.32.03:090][877]LogD3D11RHI: CleanupD3DDevice
[2015.12.18-17.32.03:131][877]LogD3D11RHI: ~FD3D11DynamicRHI
[2015.12.18-17.32.03:144][877]LogModuleManager: Shutting down and abandoning module AndroidDeviceDetection (117)
[2015.12.18-17.32.03:796][877]LogModuleManager: Shutting down and abandoning module AutomationController (116)
[2015.12.18-17.32.03:796][877]LogModuleManager: Shutting down and abandoning module AutomationWorker (115)
[2015.12.18-17.32.03:796][877]LogModuleManager: Shutting down and abandoning module CharacterAI (114)
[2015.12.18-17.32.03:796][877]LogModuleManager: Shutting down and abandoning module AITestSuite (113)
[2015.12.18-17.32.03:796][877]LogModuleManager: Shutting down and abandoning module GameplayDebugger (112)
[2015.12.18-17.32.03:796][877]LogModuleManager: Shutting down and abandoning module AIModule (111)
[2015.12.18-17.32.03:796][877]LogModuleManager: Shutting down and abandoning module MovieSceneCapture (110)
[2015.12.18-17.32.03:796][877]LogModuleManager: Shutting down and abandoning module GameLiveStreaming (109)
[2015.12.18-17.32.03:796][877]LogModuleManager: Shutting down and abandoning module StreamingPauseRendering (108)
[2015.12.18-17.32.03:796][877]LogModuleManager: Shutting down and abandoning module ProfilerService (107)
[2015.12.18-17.32.03:913][877]LogModuleManager: Shutting down and abandoning module TaskGraph (106)
[2015.12.18-17.32.03:913][877]LogModuleManager: Shutting down and abandoning module SlateRemote (105)
[2015.12.18-17.32.03:913][877]LogModuleManager: Shutting down and abandoning module SteamVRController (104)
[2015.12.18-17.32.03:913][877]LogModuleManager: Shutting down and abandoning module SteamVR (103)
[2015.12.18-17.32.03:913][877]LogModuleManager: Shutting down and abandoning module ProceduralMeshComponent (102)
[2015.12.18-17.32.03:913][877]LogModuleManager: Shutting down and abandoning module OculusLibrary (101)
[2015.12.18-17.32.03:913][877]LogModuleManager: Shutting down and abandoning module OculusInput (100)
[2015.12.18-17.32.03:913][877]LogModuleManager: Shutting down and abandoning module LeapMotionController (99)
[2015.12.18-17.32.03:941][877]LogModuleManager: Shutting down and abandoning module CustomMeshComponent (98)
[2015.12.18-17.32.03:941][877]LogModuleManager: Shutting down and abandoning module CableComponent (97)
[2015.12.18-17.32.03:941][877]LogModuleManager: Shutting down and abandoning module ArchVisCharacter (96)
[2015.12.18-17.32.03:941][877]LogModuleManager: Shutting down and abandoning module HTML5Networking (95)
[2015.12.18-17.32.03:941][877]LogModuleManager: Shutting down and abandoning module DesktopPlatform (94)
[2015.12.18-17.32.03:941][877]LogModuleManager: Shutting down and abandoning module DirectoryWatcher (93)
[2015.12.18-17.32.03:941][877]LogModuleManager: Shutting down and abandoning module HotReload (92)
[2015.12.18-17.32.03:941][877]LogModuleManager: Shutting down and abandoning module VisualStudioSourceCodeAccess (91)
[2015.12.18-17.32.03:941][877]LogModuleManager: Shutting down and abandoning module UObjectPlugin (90)
[2015.12.18-17.32.03:941][877]LogModuleManager: Shutting down and abandoning module SubversionSourceControl (89)
[2015.12.18-17.32.03:941][877]LogModuleManager: Shutting down and abandoning module SourceControl (88)
[2015.12.18-17.32.03:941][877]LogModuleManager: Shutting down and abandoning module PerforceSourceControl (87)
[2015.12.18-17.32.03:941][877]LogModuleManager: Shutting down and abandoning module UdpMessaging (86)
[2015.12.18-17.32.03:941][877]LogModuleManager: Shutting down and abandoning module LightPropagationVolumeRuntime (85)
[2015.12.18-17.32.03:941][877]LogModuleManager: Shutting down and abandoning module Paper2D (84)
[2015.12.18-17.32.03:941][877]LogModuleManager: Shutting down and abandoning module WindowsMoviePlayer (83)
[2015.12.18-17.32.03:942][877]LogModuleManager: Shutting down and abandoning module Media (82)
[2015.12.18-17.32.03:942][877]LogModuleManager: Shutting down and abandoning module WmfMedia (81)
[2015.12.18-17.32.03:942][877]LogModuleManager: Shutting down and abandoning module OnlineBlueprintSupport (80)
[2015.12.18-17.32.03:942][877]LogModuleManager: Shutting down and abandoning module GameplayTasksEditor (79)
[2015.12.18-17.32.03:942][877]LogModuleManager: Shutting down and abandoning module PropertyEditor (78)
[2015.12.18-17.32.03:942][877]LogModuleManager: Shutting down and abandoning module BehaviorTreeEditor (77)
[2015.12.18-17.32.03:942][877]LogModuleManager: Shutting down and abandoning module FunctionalTesting (76)
[2015.12.18-17.32.03:942][877]LogModuleManager: Shutting down and abandoning module CollisionAnalyzer (75)
[2015.12.18-17.32.03:942][877]LogModuleManager: Shutting down and abandoning module WorkspaceMenuStructure (74)
[2015.12.18-17.32.03:942][877]LogModuleManager: Shutting down and abandoning module MessageLog (73)
[2015.12.18-17.32.03:942][877]LogModuleManager: Shutting down and abandoning module Sequencer (72)
[2015.12.18-17.32.03:942][877]LogModuleManager: Shutting down and abandoning module AssetTools (71)
[2015.12.18-17.32.03:942][877]LogModuleManager: Shutting down and abandoning module UMGEditor (70)
[2015.12.18-17.32.03:942][877]LogModuleManager: Shutting down and abandoning module UMG (69)
[2015.12.18-17.32.03:942][877]LogModuleManager: Shutting down and abandoning module Slate (68)
[2015.12.18-17.32.03:942][877]LogModuleManager: Shutting down and abandoning module EditorStyle (67)
[2015.12.18-17.32.03:946][877]LogModuleManager: Shutting down and abandoning module SessionServices (66)
[2015.12.18-17.32.03:946][877]LogModuleManager: Shutting down and abandoning module SourceCodeAccess (65)
[2015.12.18-17.32.03:946][877]LogModuleManager: Shutting down and abandoning module HeadMountedDisplay (64)
[2015.12.18-17.32.03:946][877]LogModuleManager: Shutting down and abandoning module XAudio2 (63)
[2015.12.18-17.32.03:946][877]LogModuleManager: Shutting down and abandoning module Networking (61)
[2015.12.18-17.32.03:946][877]LogModuleManager: Shutting down and abandoning module Core (60)
[2015.12.18-17.32.03:946][877]LogModuleManager: Shutting down and abandoning module KismetCompiler (59)
[2015.12.18-17.32.03:946][877]LogModuleManager: Shutting down and abandoning module PhysXFormats (58)
[2015.12.18-17.32.03:946][877]LogModuleManager: Shutting down and abandoning module MeshUtilities (57)
[2015.12.18-17.32.03:946][877]LogModuleManager: Shutting down and abandoning module DerivedDataCache (56)
[2015.12.18-17.32.04:027][877]LogDerivedDataCache: Shutdown
[2015.12.18-17.32.04:027][877]LogModuleManager: Shutting down and abandoning module ShaderFormatOpenGL (55)
[2015.12.18-17.32.04:027][877]LogModuleManager: Shutting down and abandoning module ShaderFormatD3D (54)
[2015.12.18-17.32.04:027][877]LogModuleManager: Shutting down and abandoning module MetalShaderFormat (53)
[2015.12.18-17.32.04:027][877]LogModuleManager: Shutting down and abandoning module TextureFormatUncompressed (52)
[2015.12.18-17.32.04:027][877]LogModuleManager: Shutting down and abandoning module TextureFormatPVR (51)
[2015.12.18-17.32.04:027][877]LogModuleManager: Shutting down and abandoning module TextureFormatIntelISPCTexComp (50)
[2015.12.18-17.32.04:027][877]LogModuleManager: Shutting down and abandoning module TextureFormatDXT (49)
[2015.12.18-17.32.04:027][877]LogModuleManager: Shutting down and abandoning module ImageWrapper (48)
[2015.12.18-17.32.04:027][877]LogModuleManager: Shutting down and abandoning module TextureFormatASTC (47)
[2015.12.18-17.32.04:027][877]LogModuleManager: Shutting down and abandoning module TextureFormatAndroid (46)
[2015.12.18-17.32.04:027][877]LogModuleManager: Shutting down and abandoning module AudioFormatOpus (45)
[2015.12.18-17.32.04:027][877]LogModuleManager: Shutting down and abandoning module AudioFormatOgg (44)
[2015.12.18-17.32.04:027][877]LogModuleManager: Shutting down and abandoning module AudioFormatADPCM (43)
[2015.12.18-17.32.04:027][877]LogModuleManager: Shutting down and abandoning module LinuxTargetPlatform (42)
[2015.12.18-17.32.04:027][877]LogModuleManager: Shutting down and abandoning module LinuxServerTargetPlatform (41)
[2015.12.18-17.32.04:027][877]LogModuleManager: Shutting down and abandoning module LinuxNoEditorTargetPlatform (40)
[2015.12.18-17.32.04:027][877]LogModuleManager: Shutting down and abandoning module Messaging (39)
[2015.12.18-17.32.04:027][877]LogModuleManager: Shutting down and abandoning module IOSTargetPlatform (38)
[2015.12.18-17.32.04:027][877]LogModuleManager: Shutting down and abandoning module HTML5TargetPlatform (37)
[2015.12.18-17.32.04:027][877]LogModuleManager: Shutting down and abandoning module Android_PVRTCTargetPlatform (36)
[2015.12.18-17.32.04:027][877]LogModuleManager: Shutting down and abandoning module Android_MultiTargetPlatform (35)
[2015.12.18-17.32.04:027][877]LogModuleManager: Shutting down and abandoning module Android_ETC2TargetPlatform (34)
[2015.12.18-17.32.04:027][877]LogModuleManager: Shutting down and abandoning module Android_ETC1TargetPlatform (33)
[2015.12.18-17.32.04:027][877]LogModuleManager: Shutting down and abandoning module Android_DXTTargetPlatform (32)
[2015.12.18-17.32.04:027][877]LogModuleManager: Shutting down and abandoning module Android_ATCTargetPlatform (31)
[2015.12.18-17.32.04:027][877]LogModuleManager: Shutting down and abandoning module Android_ASTCTargetPlatform (30)
[2015.12.18-17.32.04:027][877]LogModuleManager: Shutting down and abandoning module AndroidTargetPlatform (29)
[2015.12.18-17.32.04:027][877]LogModuleManager: Shutting down and abandoning module WindowsTargetPlatform (28)
[2015.12.18-17.32.04:027][877]LogModuleManager: Shutting down and abandoning module WindowsServerTargetPlatform (27)
[2015.12.18-17.32.04:027][877]LogModuleManager: Shutting down and abandoning module WindowsNoEditorTargetPlatform (26)
[2015.12.18-17.32.04:027][877]LogModuleManager: Shutting down and abandoning module WindowsClientTargetPlatform (25)
[2015.12.18-17.32.04:027][877]LogModuleManager: Shutting down and abandoning module AllDesktopTargetPlatform (24)
[2015.12.18-17.32.04:027][877]LogModuleManager: Shutting down and abandoning module TargetPlatform (23)
[2015.12.18-17.32.04:027][877]LogModuleManager: Shutting down and abandoning module InputCore (22)
[2015.12.18-17.32.04:027][877]LogModuleManager: Shutting down and abandoning module Settings (21)
[2015.12.18-17.32.04:027][877]LogModuleManager: Shutting down and abandoning module OnlineSubsystem (19)
[2015.12.18-17.32.04:027][877]LogModuleManager: Shutting down and abandoning module HTTP (18)
[2015.12.18-17.32.04:027][877]LogModuleManager: Shutting down and abandoning module XMPP (17)
[2015.12.18-17.32.04:027][877]LogModuleManager: Shutting down and abandoning module OculusRift (16)
[2015.12.18-17.32.04:027][877]LogModuleManager: Shutting down and abandoning module ExampleDeviceProfileSelector (15)
[2015.12.18-17.32.04:027][877]LogModuleManager: Shutting down and abandoning module TextureCompressor (14)
[2015.12.18-17.32.04:027][877]LogModuleManager: Shutting down and abandoning module ShaderCore (13)
[2015.12.18-17.32.04:027][877]LogModuleManager: Shutting down and abandoning module Landscape (12)
[2015.12.18-17.32.04:027][877]LogModuleManager: Shutting down and abandoning module SlateRHIRenderer (11)
[2015.12.18-17.32.04:028][877]LogModuleManager: Shutting down and abandoning module OpenGLDrv (10)
[2015.12.18-17.32.04:028][877]LogModuleManager: Shutting down and abandoning module D3D11RHI (9)
[2015.12.18-17.32.04:028][877]LogModuleManager: Shutting down and abandoning module AnimGraphRuntime (8)
[2015.12.18-17.32.04:028][877]LogModuleManager: Shutting down and abandoning module Renderer (7)
[2015.12.18-17.32.04:028][877]LogModuleManager: Shutting down and abandoning module Engine (6)
[2015.12.18-17.32.04:028][877]LogModuleManager: Shutting down and abandoning module CoreUObject (5)
[2015.12.18-17.32.04:028][877]LogModuleManager: Shutting down and abandoning module NetworkFile (4)
[2015.12.18-17.32.04:028][877]LogModuleManager: Shutting down and abandoning module StreamingFile (3)
[2015.12.18-17.32.04:028][877]LogModuleManager: Shutting down and abandoning module SandboxFile (2)
[2015.12.18-17.32.04:028][877]LogModuleManager: Shutting down and abandoning module PakFile (1)
[2015.12.18-17.32.04:029][877]LogExit: Exiting.
[2015.12.18-17.32.04:030][877]Log file closed, 12/18/15 09:32:04
