[2015.12.17-00.30.26:207][  0]Log file open, 12/16/15 16:30:26
[2015.12.17-00.30.26:207][  0]LogInit:Display: Running engine for game: MyProject5
[2015.12.17-00.30.26:207][  0]LogPlatformFile: Not using cached read wrapper
[2015.12.17-00.30.26:207][  0]LogInit:Display: RandInit(1219918075) SRandInit(1219918077).
[2015.12.17-00.30.26:207][  0]LogTaskGraph: Started task graph with 4 named threads and 6 total threads.
[2015.12.17-00.30.26:207][  0]LogStats: Stats thread started at 0.084377
[2015.12.17-00.30.26:207][  0]LogInit: Version: 4.10.0-2758231+++depot+UE4-Releases+4.10
[2015.12.17-00.30.26:207][  0]LogInit: API Version: 2758231
[2015.12.17-00.30.26:207][  0]LogInit: Compiled (64-bit): Nov  7 2015 05:13:45
[2015.12.17-00.30.26:207][  0]LogInit: Compiled with Visual C++: 19.00.23026.00
[2015.12.17-00.30.26:207][  0]LogInit: Build Configuration: Development
[2015.12.17-00.30.26:207][  0]LogInit: Branch Name: ++depot+UE4-Releases+4.10
[2015.12.17-00.30.26:207][  0]LogInit: Command line: 
[2015.12.17-00.30.26:207][  0]LogInit: Base directory: C:/Program Files (x86)/Epic Games/4.10/Engine/Binaries/Win64/
[2015.12.17-00.30.26:207][  0]LogInit: Rocket: 1
[2015.12.17-00.30.26:217][  0]LogInit: Using libcurl 7.41.0
[2015.12.17-00.30.26:217][  0]LogInit:  - built for x86_64-pc-win32
[2015.12.17-00.30.26:217][  0]LogInit:  - supports SSL with WinSSL
[2015.12.17-00.30.26:217][  0]LogInit:  - other features:
[2015.12.17-00.30.26:217][  0]LogInit:      CURL_VERSION_SSL
[2015.12.17-00.30.26:217][  0]LogInit:      CURL_VERSION_IPV6
[2015.12.17-00.30.26:217][  0]LogInit:      CURL_VERSION_ASYNCHDNS
[2015.12.17-00.30.26:217][  0]LogInit:      CURL_VERSION_LARGEFILE
[2015.12.17-00.30.26:217][  0]LogInit:      CURL_VERSION_IDN
[2015.12.17-00.30.26:217][  0]LogInit:  CurlRequestOptions (configurable via config and command line):
[2015.12.17-00.30.26:217][  0]LogInit:  - bVerifyPeer = true  - Libcurl will verify peer certificate
[2015.12.17-00.30.26:217][  0]LogInit:  - bUseHttpProxy = false  - Libcurl will NOT use HTTP proxy
[2015.12.17-00.30.26:217][  0]LogInit:  - bDontReuseConnections = false  - Libcurl will reuse connections
[2015.12.17-00.30.26:217][  0]LogInit:  - CertBundlePath = nullptr  - Libcurl will use whatever was configured at build time.
[2015.12.17-00.30.26:229][  0]LogInit: Presizing for 0 objects not considered by GC, pre-allocating 0 bytes.
[2015.12.17-00.30.26:241][  0]LogInit: Object subsystem initialized
[2015.12.17-00.30.26:242][  0]LogInit: Selected Device Profile: [Windows]
[2015.12.17-00.30.26:242][  0]LogInit: Applying CVar settings loaded from the selected device profile: [Windows]
[2015.12.17-00.30.26:257][  0]LogInit: Computer: DESKTOP-B87MP3I
[2015.12.17-00.30.26:257][  0]LogInit: User: 3DJoe
[2015.12.17-00.30.26:257][  0]LogInit: CPU Page size=4096, Cores=3
[2015.12.17-00.30.26:257][  0]LogInit: High frequency timer resolution =3.433158 MHz
[2015.12.17-00.30.26:257][  0]LogMemory: Memory total: Physical=8.0GB (8GB approx)
[2015.12.17-00.30.26:257][  0]LogMemory: Platform Memory Stats for Windows
[2015.12.17-00.30.26:257][  0]LogMemory: Process Physical Memory: 55.86 MB used, 55.86 MB peak
[2015.12.17-00.30.26:257][  0]LogMemory: Process Virtual Memory: 57.57 MB used, 57.57 MB peak
[2015.12.17-00.30.26:257][  0]LogMemory: Physical Memory: 4065.57 MB used, 8173.54 MB total
[2015.12.17-00.30.26:257][  0]LogMemory: Virtual Memory: 383.29 MB used, 134217728.00 MB total
[2015.12.17-00.30.26:301][  0]LogTextLocalizationManager: No specific translations for ('en-US') exist, so ('en') translations will be used.
[2015.12.17-00.30.26:949][  0]LogD3D11RHI: Found D3D11 adapter 0: NVIDIA GeForce GTX 960 (Feature Level 11_0)
[2015.12.17-00.30.26:949][  0]LogD3D11RHI: Adapter has 1969MB of dedicated video memory, 0MB of dedicated system memory, and 4086MB of shared system memory, 2 output[s]
[2015.12.17-00.30.26:951][  0]LogD3D11RHI: Found D3D11 adapter 1: Microsoft Basic Render Driver (Feature Level 11_0)
[2015.12.17-00.30.26:951][  0]LogD3D11RHI: Adapter has 0MB of dedicated video memory, 0MB of dedicated system memory, and 4086MB of shared system memory, 0 output[s]
[2015.12.17-00.30.26:951][  0]LogD3D11RHI: Chosen D3D11 Adapter Id = 0
[2015.12.17-00.30.26:958][  0]LogD3D11RHI: !Direct3DDevice
[2015.12.17-00.30.26:958][  0]LogRHI: Texture pool is 1361 MB (70% of 1945 MB)
[2015.12.17-00.30.26:979][  0]LogD3D11RHI: Async texture creation enabled
[2015.12.17-00.30.26:997][  0]LogShaderCompilers: Guid format shader working directory is -20 characters bigger than the processId version (../../../../../../Users/3DJoe/Documents/Unreal Projects/MyProject5/Intermediate/Shaders/WorkingDirectory/8580/).
[2015.12.17-00.30.26:997][  0]LogShaderCompilers: Cleaned the shader compiler working directory 'C:/Users/3DJoe/AppData/Local/Temp/UnrealShaderWorkingDir/F953B26143ABEA8CD9FFEDB644A4E458/'.
[2015.12.17-00.30.26:997][  0]LogShaderCompilers:Display: Using Local Shader Compiler.
[2015.12.17-00.30.28:186][  0]LogTemp:Display: Loaded TP AllDesktopTargetPlatform
[2015.12.17-00.30.28:194][  0]LogTemp:Display: Loaded TP WindowsClientTargetPlatform
[2015.12.17-00.30.28:201][  0]LogTemp:Display: Loaded TP WindowsNoEditorTargetPlatform
[2015.12.17-00.30.28:209][  0]LogTemp:Display: Loaded TP WindowsServerTargetPlatform
[2015.12.17-00.30.28:216][  0]LogTemp:Display: Loaded TP WindowsTargetPlatform
[2015.12.17-00.30.28:221][  0]LogTemp:Display: Loaded TP AndroidTargetPlatform
[2015.12.17-00.30.28:225][  0]LogTemp:Display: Loaded TP Android_ASTCTargetPlatform
[2015.12.17-00.30.28:229][  0]LogTemp:Display: Loaded TP Android_ATCTargetPlatform
[2015.12.17-00.30.28:233][  0]LogTemp:Display: Loaded TP Android_DXTTargetPlatform
[2015.12.17-00.30.28:238][  0]LogTemp:Display: Loaded TP Android_ETC1TargetPlatform
[2015.12.17-00.30.28:243][  0]LogTemp:Display: Loaded TP Android_ETC2TargetPlatform
[2015.12.17-00.30.28:252][  0]LogTemp:Display: Loaded TP Android_MultiTargetPlatform
[2015.12.17-00.30.28:252][  0]LogTemp:Display: Loaded TP Android_PVRTCTargetPlatform
[2015.12.17-00.30.28:253][  0]LogTemp:Display: Loaded TP HTML5TargetPlatform
[2015.12.17-00.30.28:274][  0]LogTemp:Display: Loaded TP IOSTargetPlatform
[2015.12.17-00.30.28:278][  0]LogTemp:Display: Loaded TP LinuxNoEditorTargetPlatform
[2015.12.17-00.30.28:282][  0]LogTemp:Display: Loaded TP LinuxServerTargetPlatform
[2015.12.17-00.30.28:286][  0]LogTemp:Display: Loaded TP LinuxTargetPlatform
[2015.12.17-00.30.28:286][  0]LogTargetPlatformManager:Display: Building Assets For Windows
[2015.12.17-00.30.28:424][  0]LogDerivedDataCache:Display: Max Cache Size: 512 MB
[2015.12.17-00.30.28:525][  0]LogDerivedDataCache: Loaded boot cache 0.10s 41MB C:/Users/3DJoe/AppData/Local/UnrealEngine/4.10/DerivedDataCache/Boot.ddc.
[2015.12.17-00.30.28:525][  0]LogDerivedDataCache:Display: Loaded Boot cache: C:/Users/3DJoe/AppData/Local/UnrealEngine/4.10/DerivedDataCache/Boot.ddc
[2015.12.17-00.30.28:525][  0]LogDerivedDataCache: FDerivedDataBackendGraph:  Pak pak cache file ../../../../../../Users/3DJoe/Documents/Unreal Projects/MyProject5/DerivedDataCache/DDC.ddp not found, will not use a pak cache.
[2015.12.17-00.30.28:525][  0]LogDerivedDataCache: Unable to find inner node Pak for hierarchical cache Hierarchy.
[2015.12.17-00.30.28:525][  0]LogDerivedDataCache: FDerivedDataBackendGraph:  CompressedPak pak cache file ../../../../../../Users/3DJoe/Documents/Unreal Projects/MyProject5/DerivedDataCache/Compressed.ddp not found, will not use a pak cache.
[2015.12.17-00.30.28:525][  0]LogDerivedDataCache: Unable to find inner node CompressedPak for hierarchical cache Hierarchy.
[2015.12.17-00.30.28:610][  0]LogDerivedDataCache:Display: Pak cache opened for reading ../../../Engine/DerivedDataCache/Compressed.ddp.
[2015.12.17-00.30.28:623][  0]LogDerivedDataCache: Using Local data cache path C:/Users/3DJoe/AppData/Local/UnrealEngine/Common/DerivedDataCache: Writable
[2015.12.17-00.30.28:897][  0]LogInit: Selected Device Profile: [Windows]
[2015.12.17-00.30.28:900][  0]LogContentStreaming: Texture pool size is 0.000000MB
[2015.12.17-00.30.29:068][  0]LogMeshUtilities: No automatic mesh reduction module available
[2015.12.17-00.30.29:068][  0]LogMeshUtilities: No automatic mesh merging module available
[2015.12.17-00.30.29:419][  0]LogInit: WinSock: version 1.1 (2.2), MaxSocks=32767, MaxUdp=65467
[2015.12.17-00.30.30:437][  0]UdpMessaging: Initializing bridge on interface 0.0.0.0:0 to multicast group 230.0.0.1:6666.
[2015.12.17-00.30.30:553][  0]LogAssetRegistry: FAssetRegistry took 0.0110 seconds to start up
[2015.12.17-00.30.30:796][  0]SourceControl: Info Source control is disabled
[2015.12.17-00.30.30:797][  0]SourceControl: Info Source control is disabled
[2015.12.17-00.30.30:821][  0]SourceControl: Info Source control is disabled
[2015.12.17-00.30.30:844][  0]SourceControl: Info Source control is disabled
[2015.12.17-00.30.31:316][  0]LogObj: 28633 objects as part of root set at end of initial load.
[2015.12.17-00.30.31:316][  0]LogUObjectAllocator: 6099752 out of 0 bytes used by permanent object pool.
[2015.12.17-00.30.31:397][  0]LogEngine: Initializing Engine...
[2015.12.17-00.30.31:401][  0]LogHMD: Can't find Oculus library dev build: is proper Runtime installed? Version: 0.8.0.0
[2015.12.17-00.30.31:401][  0]LogHMD: SteamVR failed to initialize.  Err: 110
[2015.12.17-00.30.31:561][  0]LogAIModule: Creating AISystem for world NewWorld
[2015.12.17-00.30.31:570][  0]LogInit: XAudio2 using 'Realtek Digital Output (Realtek High Definition Audio)' : 2 channels at 48 kHz using 16 bits per sample (channel mask 0x3)
[2015.12.17-00.30.31:593][  0]LogInit: FAudioDevice initialized.
[2015.12.17-00.30.31:637][  0]LogDerivedDataCache: Saved boot cache 0.04s 41MB C:/Users/3DJoe/AppData/Local/UnrealEngine/4.10/DerivedDataCache/Boot.ddc.
[2015.12.17-00.30.31:654][  0]LogInit: Texture streaming: Enabled
[2015.12.17-00.30.31:664][  0]LogAnalytics: Creating configured Analytics provider AnalyticsET
[2015.12.17-00.30.31:664][  0]LogAnalytics: [UEEditor.Rocket.Release] APIServer = http://et2.epicgames.com/ET2/. AppVersion = 4.10.0-2758231+++depot+UE4-Releases+4.10
[2015.12.17-00.30.31:664][  0]LogAnalytics: [UEEditor.Rocket.Release] SetUserId 1a807d494f5b66ec1ec29184428bbc4c|db07f81b636248bea7701d154ca95474|e39d2392-a47f-464b-8725-f8b9ff408f2a
[2015.12.17-00.30.31:664][  0]LogAnalytics: [UEEditor.Rocket.Release] AnalyticsET::StartSession
[2015.12.17-00.30.31:705][  0]LogInit: Transaction tracking system initialized
[2015.12.17-00.30.31:756][  0]BlueprintLog: New page: Editor Load
[2015.12.17-00.30.31:895][  0]LocalizationService: Info Localization service is disabled
[2015.12.17-00.30.32:010][  0]LogConsoleResponse:Display: 
[2015.12.17-00.30.32:197][  0]LogCook:Display: Done creating registry. It took  0.00s.
[2015.12.17-00.30.32:319][  0]LogFileCache: Scanning file cache for directory 'C:/Users/3DJoe/Documents/Unreal Projects/MyProject5/Content/' took 0.04s
[2015.12.17-00.30.32:320][  0]SourceControl: Info Source control is disabled
[2015.12.17-00.30.32:320][  0]Cmd: MAP LOAD FILE="../../../../../../Users/3DJoe/Documents/Unreal Projects/MyProject5/Content/StarterContent/Maps/Minimal_Default.umap" TEMPLATE=0 SHOWPROGRESS=1 FEATURELEVEL=3
[2015.12.17-00.30.32:426][  0]LightingResults: New page: Lighting Build
[2015.12.17-00.30.32:431][  0]MapCheck: New page: Map Check
[2015.12.17-00.30.32:431][  0]LightingResults: New page: Lighting Build
[2015.12.17-00.30.32:451][  0]LogParticles: Destroying 0 GPU particle simulations for FXSystem 0x0000014D488D3420
[2015.12.17-00.30.36:096][  0]LogAIModule: Creating AISystem for world Minimal_Default
[2015.12.17-00.30.36:234][  0]LogEditorServer: Finished looking for orphan Actors (0.000 secs)
[2015.12.17-00.30.36:283][  0]Cmd: MAP CHECKDEP NOCLEARLOG
[2015.12.17-00.30.36:370][  0]MapCheck: Info Map check complete: 0 Error(s), 0 Warning(s), took 86.762ms to complete.
[2015.12.17-00.30.36:371][  0]LogFileHelpers: Loading map 'Minimal_Default' took 4.051
[2015.12.17-00.30.36:949][  0]LogCollectionManager: Loaded 0 collections in 0.003993 seconds
[2015.12.17-00.30.37:159][  0]LogFileCache: Scanning file cache for directory 'C:/Users/3DJoe/Documents/Unreal Projects/MyProject5/Saved/Collections/' took 0.01s
[2015.12.17-00.30.37:159][  0]LogFileCache: Scanning file cache for directory 'C:/Users/3DJoe/Documents/Unreal Projects/MyProject5/Content/Developers/3DJoe/Collections/' took 0.01s
[2015.12.17-00.30.37:159][  0]LogFileCache: Scanning file cache for directory 'C:/Users/3DJoe/Documents/Unreal Projects/MyProject5/Content/Collections/' took 0.01s
[2015.12.17-00.30.37:159][  0]LogCollectionManager: Rebuilt the GUID cache for 0 collections in 0.000002 seconds
[2015.12.17-00.30.37:172][  0]LogContentBrowser: Native class hierarchy populated in 0.0127 seconds. Added 1893 classes and 338 folders.
[2015.12.17-00.30.37:261][  0]LogContentBrowser: Native class hierarchy updated for 'WidgetCarousel' in 0.0004 seconds. Added 0 classes and 0 folders.
[2015.12.17-00.30.38:032][  0]LogContentBrowser: Native class hierarchy updated for 'AddContentDialog' in 0.0004 seconds. Added 0 classes and 0 folders.
[2015.12.17-00.30.38:099][  0]LogContentBrowser: Native class hierarchy updated for 'SceneOutliner' in 0.0005 seconds. Added 1 classes and 2 folders.
[2015.12.17-00.30.38:485][  0]LogCrashTracker: Crashtracker disabled due to settings.
[2015.12.17-00.30.38:560][  0]LogUObjectGlobals:Warning: Failed to find object 'Class None.'
[2015.12.17-00.30.38:595][  0]LogLoad: Full Startup: 13.17 seconds (BP compile: 0.07 seconds)
[2015.12.17-00.30.38:609][  0]LogOcInput: Can't find Oculus library dev build: is proper Runtime installed? Version: 0.8.0.0
[2015.12.17-00.30.38:876][  0]LogContentStreaming: Texture pool size now 1000 MB
[2015.12.17-00.30.39:441][  0]LogRenderer: Reallocating scene render targets to support 1208x572 (Frame:2).
[2015.12.17-00.30.39:813][  3]LogAssetRegistry: Asset discovery search completed in 9.2705 seconds
[2015.12.17-00.30.39:813][  3]LogCollectionManager: Rebuilt the object cache for 0 collections in 0.000001 seconds (found 0 objects)
[2015.12.17-00.30.39:813][  3]LogCollectionManager: Fixed up redirectors for 0 collections in 0.000020 seconds (updated 0 objects)
[2015.12.17-00.30.47:893][797]LogSkeletalMesh: InitArticulated: Bodies already created (/Engine/Transient.DebugSkelMeshComponent_0) - call TermArticulated first.
[2015.12.17-00.30.48:071][797]LogActorComponent: RegisterComponentWithWorld: (/Engine/Transient.DebugSkelMeshComponent_0) Already registered. Aborting.
[2015.12.17-00.30.48:112][797]LogContentBrowser: Native class hierarchy updated for 'PhAT' in 0.0005 seconds. Added 1 classes and 2 folders.
[2015.12.17-00.30.48:544][797]LogMaterial: Missing cached shader map for material Charater_Parent, compiling. 
[2015.12.17-00.30.48:815][797]LogMaterial: Missing cached shader map for material Charater_Parent, compiling. 
[2015.12.17-00.30.48:827][797]LogMaterial: 0.000170 seconds spent updating 1 materials, 1 interfaces, 0 instances, 0 with static permutations.
[2015.12.17-00.30.48:853][797]LogMaterial: Missing cached shader map for material FMatExpressionPreview MaterialExpressionVectorParameter_0, compiling. 
[2015.12.17-00.30.50:097][797]LogLinker:Warning: Asset '../../../Engine/Content/ArtTools/RenderToTexture/Macros/RenderToTextureMacros.uasset' has been saved with empty engine version. The asset will be loaded but may be incompatible.
[2015.12.17-00.30.51:010][797]LogContentBrowser: Native class hierarchy updated for 'BlueprintGraph' in 0.0015 seconds. Added 107 classes and 0 folders.
[2015.12.17-00.30.51:180][797]LogSkeletalMesh: InitArticulated: Bodies already created (/Engine/Transient.DebugSkelMeshComponent_3) - call TermArticulated first.
[2015.12.17-00.30.51:499][797]LogActorComponent: RegisterComponentWithWorld: (/Engine/Transient.DebugSkelMeshComponent_3) Already registered. Aborting.
[2015.12.17-00.30.52:106][797]LogRenderer: Reallocating scene render targets to support 1208x696 (Frame:690).
[2015.12.17-00.30.56:287][960]MaterialEditorStats: Info Base pass shader with only dynamic lighting: 51 instructions
[2015.12.17-00.30.56:287][960]MaterialEditorStats: Info Verte