[2015.12.17-21.38.57:942][  0]Log file open, 12/17/15 13:38:57
[2015.12.17-21.38.57:942][  0]LogInit:Display: Running engine for game: MyProject5
[2015.12.17-21.38.57:942][  0]LogPlatformFile: Not using cached read wrapper
[2015.12.17-21.38.57:942][  0]LogInit:Display: RandInit(1644194225) SRandInit(1644194227).
[2015.12.17-21.38.57:942][  0]LogTaskGraph: Started task graph with 4 named threads and 6 total threads.
[2015.12.17-21.38.57:942][  0]LogStats: Stats thread started at 0.082466
[2015.12.17-21.38.57:942][  0]LogInit: Version: 4.10.0-2758231+++depot+UE4-Releases+4.10
[2015.12.17-21.38.57:942][  0]LogInit: API Version: 2758231
[2015.12.17-21.38.57:942][  0]LogInit: Compiled (64-bit): Nov  7 2015 05:13:45
[2015.12.17-21.38.57:942][  0]LogInit: Compiled with Visual C++: 19.00.23026.00
[2015.12.17-21.38.57:942][  0]LogInit: Build Configuration: Development
[2015.12.17-21.38.57:942][  0]LogInit: Branch Name: ++depot+UE4-Releases+4.10
[2015.12.17-21.38.57:942][  0]LogInit: Command line: 
[2015.12.17-21.38.57:942][  0]LogInit: Base directory: C:/Program Files (x86)/Epic Games/4.10/Engine/Binaries/Win64/
[2015.12.17-21.38.57:942][  0]LogInit: Rocket: 1
[2015.12.17-21.38.58:009][  0]LogInit: Using libcurl 7.41.0
[2015.12.17-21.38.58:009][  0]LogInit:  - built for x86_64-pc-win32
[2015.12.17-21.38.58:009][  0]LogInit:  - supports SSL with WinSSL
[2015.12.17-21.38.58:009][  0]LogInit:  - other features:
[2015.12.17-21.38.58:010][  0]LogInit:      CURL_VERSION_SSL
[2015.12.17-21.38.58:010][  0]LogInit:      CURL_VERSION_IPV6
[2015.12.17-21.38.58:010][  0]LogInit:      CURL_VERSION_ASYNCHDNS
[2015.12.17-21.38.58:010][  0]LogInit:      CURL_VERSION_LARGEFILE
[2015.12.17-21.38.58:010][  0]LogInit:      CURL_VERSION_IDN
[2015.12.17-21.38.58:010][  0]LogInit:  CurlRequestOptions (configurable via config and command line):
[2015.12.17-21.38.58:010][  0]LogInit:  - bVerifyPeer = true  - Libcurl will verify peer certificate
[2015.12.17-21.38.58:010][  0]LogInit:  - bUseHttpProxy = false  - Libcurl will NOT use HTTP proxy
[2015.12.17-21.38.58:010][  0]LogInit:  - bDontReuseConnections = false  - Libcurl will reuse connections
[2015.12.17-21.38.58:010][  0]LogInit:  - CertBundlePath = nullptr  - Libcurl will use whatever was configured at build time.
[2015.12.17-21.38.58:019][  0]LogInit: Presizing for 0 objects not considered by GC, pre-allocating 0 bytes.
[2015.12.17-21.38.58:028][  0]LogInit: Object subsystem initialized
[2015.12.17-21.38.58:029][  0]LogInit: Selected Device Profile: [Windows]
[2015.12.17-21.38.58:029][  0]LogInit: Applying CVar settings loaded from the selected device profile: [Windows]
[2015.12.17-21.38.58:044][  0]LogInit: Computer: DESKTOP-B87MP3I
[2015.12.17-21.38.58:044][  0]LogInit: User: 3DJoe
[2015.12.17-21.38.58:044][  0]LogInit: CPU Page size=4096, Cores=3
[2015.12.17-21.38.58:044][  0]LogInit: High frequency timer resolution =3.433149 MHz
[2015.12.17-21.38.58:044][  0]LogMemory: Memory total: Physical=8.0GB (8GB approx)
[2015.12.17-21.38.58:044][  0]LogMemory: Platform Memory Stats for Windows
[2015.12.17-21.38.58:044][  0]LogMemory: Process Physical Memory: 55.90 MB used, 55.90 MB peak
[2015.12.17-21.38.58:044][  0]LogMemory: Process Virtual Memory: 55.57 MB used, 55.57 MB peak
[2015.12.17-21.38.58:044][  0]LogMemory: Physical Memory: 2493.72 MB used, 8173.54 MB total
[2015.12.17-21.38.58:044][  0]LogMemory: Virtual Memory: 381.35 MB used, 134217728.00 MB total
[2015.12.17-21.38.58:085][  0]LogTextLocalizationManager: No specific translations for ('en-US') exist, so ('en') translations will be used.
[2015.12.17-21.38.58:658][  0]LogD3D11RHI: Found D3D11 adapter 0: NVIDIA GeForce GTX 960 (Feature Level 11_0)
[2015.12.17-21.38.58:658][  0]LogD3D11RHI: Adapter has 1969MB of dedicated video memory, 0MB of dedicated system memory, and 4086MB of shared system memory, 2 output[s]
[2015.12.17-21.38.58:660][  0]LogD3D11RHI: Found D3D11 adapter 1: Microsoft Basic Render Driver (Feature Level 11_0)
[2015.12.17-21.38.58:660][  0]LogD3D11RHI: Adapter has 0MB of dedicated video memory, 0MB of dedicated system memory, and 4086MB of shared system memory, 0 output[s]
[2015.12.17-21.38.58:660][  0]LogD3D11RHI: Chosen D3D11 Adapter Id = 0
[2015.12.17-21.38.58:666][  0]LogD3D11RHI: !Direct3DDevice
[2015.12.17-21.38.58:666][  0]LogRHI: Texture pool is 1361 MB (70% of 1945 MB)
[2015.12.17-21.38.58:686][  0]LogD3D11RHI: Async texture creation enabled
[2015.12.17-21.38.58:703][  0]LogShaderCompilers: Guid format shader working directory is -20 characters bigger than the processId version (../../../../../../Users/3DJoe/Documents/Unreal Projects/MyProject5/Intermediate/Shaders/WorkingDirectory/3984/).
[2015.12.17-21.38.58:703][  0]LogShaderCompilers: Cleaned the shader compiler working directory 'C:/Users/3DJoe/AppData/Local/Temp/UnrealShaderWorkingDir/34C0D7EE4B8844E39E879D990F8C6596/'.
[2015.12.17-21.38.58:703][  0]LogShaderCompilers:Display: Using Local Shader Compiler.
[2015.12.17-21.38.59:758][  0]LogTemp:Display: Loaded TP AllDesktopTargetPlatform
[2015.12.17-21.38.59:765][  0]LogTemp:Display: Loaded TP WindowsClientTargetPlatform
[2015.12.17-21.38.59:771][  0]LogTemp:Display: Loaded TP WindowsNoEditorTargetPlatform
[2015.12.17-21.38.59:778][  0]LogTemp:Display: Loaded TP WindowsServerTargetPlatform
[2015.12.17-21.38.59:785][  0]LogTemp:Display: Loaded TP WindowsTargetPlatform
[2015.12.17-21.38.59:789][  0]LogTemp:Display: Loaded TP AndroidTargetPlatform
[2015.12.17-21.38.59:793][  0]LogTemp:Display: Loaded TP Android_ASTCTargetPlatform
[2015.12.17-21.38.59:797][  0]LogTemp:Display: Loaded TP Android_ATCTargetPlatform
[2015.12.17-21.38.59:801][  0]LogTemp:Display: Loaded TP Android_DXTTargetPlatform
[2015.12.17-21.38.59:804][  0]LogTemp:Display: Loaded TP Android_ETC1TargetPlatform
[2015.12.17-21.38.59:808][  0]LogTemp:Display: Loaded TP Android_ETC2TargetPlatform
[2015.12.17-21.38.59:817][  0]LogTemp:Display: Loaded TP Android_MultiTargetPlatform
[2015.12.17-21.38.59:817][  0]LogTemp:Display: Loaded TP Android_PVRTCTargetPlatform
[2015.12.17-21.38.59:818][  0]LogTemp:Display: Loaded TP HTML5TargetPlatform
[2015.12.17-21.38.59:838][  0]LogTemp:Display: Loaded TP IOSTargetPlatform
[2015.12.17-21.38.59:841][  0]LogTemp:Display: Loaded TP LinuxNoEditorTargetPlatform
[2015.12.17-21.38.59:845][  0]LogTemp:Display: Loaded TP LinuxServerTargetPlatform
[2015.12.17-21.38.59:849][  0]LogTemp:Display: Loaded TP LinuxTargetPlatform
[2015.12.17-21.38.59:849][  0]LogTargetPlatformManager:Display: Building Assets For Windows
[2015.12.17-21.38.59:971][  0]LogDerivedDataCache:Display: Max Cache Size: 512 MB
[2015.12.17-21.39.00:161][  0]LogDerivedDataCache: Loaded boot cache 0.11s 41MB C:/Users/3DJoe/AppData/Local/UnrealEngine/4.10/DerivedDataCache/Boot.ddc.
[2015.12.17-21.39.00:200][  0]LogDerivedDataCache:Display: Loaded Boot cache: C:/Users/3DJoe/AppData/Local/UnrealEngine/4.10/DerivedDataCache/Boot.ddc
[2015.12.17-21.39.00:200][  0]LogDerivedDataCache: FDerivedDataBackendGraph:  Pak pak cache file ../../../../../../Users/3DJoe/Documents/Unreal Projects/MyProject5/DerivedDataCache/DDC.ddp not found, will not use a pak cache.
[2015.12.17-21.39.00:200][  0]LogDerivedDataCache: Unable to find inner node Pak for hierarchical cache Hierarchy.
[2015.12.17-21.39.00:200][  0]LogDerivedDataCache: FDerivedDataBackendGraph:  CompressedPak pak cache file ../../../../../../Users/3DJoe/Documents/Unreal Projects/MyProject5/DerivedDataCache/Compressed.ddp not found, will not use a pak cache.
[2015.12.17-21.39.00:200][  0]LogDerivedDataCache: Unable to find inner node CompressedPak for hierarchical cache Hierarchy.
[2015.12.17-21.39.00:272][  0]LogDerivedDataCache:Display: Pak cache opened for reading ../../../Engine/DerivedDataCache/Compressed.ddp.
[2015.12.17-21.39.00:285][  0]LogDerivedDataCache: Using Local data cache path C:/Users/3DJoe/AppData/Local/UnrealEngine/Common/DerivedDataCache: Writable
[2015.12.17-21.39.00:526][  0]LogInit: Selected Device Profile: [Windows]
[2015.12.17-21.39.00:530][  0]LogContentStreaming: Texture pool size is 0.000000MB
[2015.12.17-21.39.00:714][  0]LogMeshUtilities: No automatic mesh reduction module available
[2015.12.17-21.39.00:714][  0]LogMeshUtilities: No automatic mesh merging module available
[2015.12.17-21.39.01:074][  0]LogInit: WinSock: version 1.1 (2.2), MaxSocks=32767, MaxUdp=65467
[2015.12.17-21.39.02:046][  0]UdpMessaging: Initializing bridge on interface 0.0.0.0:0 to multicast group 230.0.0.1:6666.
[2015.12.17-21.39.02:175][  0]LogAssetRegistry: FAssetRegistry took 0.0110 seconds to start up
[2015.12.17-21.39.02:444][  0]SourceControl: Info Source control is disabled
[2015.12.17-21.39.02:445][  0]SourceControl: Info Source control is disabled
[2015.12.17-21.39.02:462][  0]SourceControl: Info Source control is disabled
[2015.12.17-21.39.02:479][  0]SourceControl: Info Source control is disabled
[2015.12.17-21.39.02:871][  0]LogObj: 28633 objects as part of root set at end of initial load.
[2015.12.17-21.39.02:871][  0]LogUObjectAllocator: 6099752 out of 0 bytes used by permanent object pool.
[2015.12.17-21.39.02:937][  0]LogEngine: Initializing Engine...
[2015.12.17-21.39.02:941][  0]LogHMD: Can't find Oculus library dev build: is proper Runtime installed? Version: 0.8.0.0
[2015.12.17-21.39.02:942][  0]LogHMD: SteamVR failed to initialize.  Err: 110
[2015.12.17-21.39.03:088][  0]LogAIModule: Creating AISystem for world NewWorld
[2015.12.17-21.39.03:096][  0]LogInit: XAudio2 using 'Realtek Digital Output (Realtek High Definition Audio)' : 2 channels at 48 kHz using 16 bits per sample (channel mask 0x3)
[2015.12.17-21.39.03:117][  0]LogInit: FAudioDevice initialized.
[2015.12.17-21.39.03:225][  0]LogDerivedDataCache: Saved boot cache 0.11s 41MB C:/Users/3DJoe/AppData/Local/UnrealEngine/4.10/DerivedDataCache/Boot.ddc.
[2015.12.17-21.39.03:241][  0]LogInit: Texture streaming: Enabled
[2015.12.17-21.39.03:249][  0]LogAnalytics: Creating configured Analytics provider AnalyticsET
[2015.12.17-21.39.03:249][  0]LogAnalytics: [UEEditor.Rocket.Release] APIServer = http://et2.epicgames.com/ET2/. AppVersion = 4.10.0-2758231+++depot+UE4-Releases+4.10
[2015.12.17-21.39.03:249][  0]LogAnalytics: [UEEditor.Rocket.Release] SetUserId 1a807d494f5b66ec1ec29184428bbc4c|db07f81b636248bea7701d154ca95474|e39d2392-a47f-464b-8725-f8b9ff408f2a
[2015.12.17-21.39.03:249][  0]LogAnalytics: [UEEditor.Rocket.Release] AnalyticsET::StartSession
[2015.12.17-21.39.03:287][  0]LogInit: Transaction tracking system initialized
[2015.12.17-21.39.03:329][  0]BlueprintLog: New page: Editor Load
[2015.12.17-21.39.03:456][  0]LocalizationService: Info Localization service is disabled
[2015.12.17-21.39.03:570][  0]LogConsoleResponse:Display: 
[2015.12.17-21.39.03:860][  0]LogCook:Display: Done creating registry. It took  0.00s.
[2015.12.17-21.39.03:946][  0]SourceControl: Info Source control is disabled
[2015.12.17-21.39.03:946][  0]Cmd: MAP LOAD FILE="../../../../../../Users/3DJoe/Documents/Unreal Projects/MyProject5/Content/StarterContent/Maps/Minimal_Default.umap" TEMPLATE=0 SHOWPROGRESS=1 FEATURELEVEL=3
[2015.12.17-21.39.04:127][  0]LightingResults: New page: Lighting Build
[2015.12.17-21.39.04:131][  0]MapCheck: New page: Map Check
[2015.12.17-21.39.04:132][  0]LightingResults: New page: Lighting Build
[2015.12.17-21.39.04:150][  0]LogParticles: Destroying 0 GPU particle simulations for FXSystem 0x000001CF4123F420
[2015.12.17-21.39.05:357][  0]LogFileCache: Scanning file cache for directory 'C:/Users/3DJoe/Documents/Unreal Projects/MyProject5/Content/' took 0.64s
[2015.12.17-21.39.11:735][  0]LogAIModule: Creating AISystem for world Minimal_Default
[2015.12.17-21.39.11:910][  0]LogEditorServer: Finished looking for orphan Actors (0.000 secs)
[2015.12.17-21.39.11:973][  0]Cmd: MAP CHECKDEP NOCLEARLOG
[2015.12.17-21.39.12:042][  0]MapCheck: Info Map check complete: 0 Error(s), 0 Warning(s), took 69.519ms to complete.
[2015.12.17-21.39.12:042][  0]LogFileHelpers: Loading map 'Minimal_Default' took 8.096
[2015.12.17-21.39.13:809][  0]LogCollectionManager: Loaded 0 collections in 0.005019 seconds
[2015.12.17-21.39.14:492][  0]LogFileCache: Scanning file cache for directory 'C:/Users/3DJoe/Documents/Unreal Projects/MyProject5/Saved/Collections/' took 0.01s
[2015.12.17-21.39.14:492][  0]LogFileCache: Scanning file cache for directory 'C:/Users/3DJoe/Documents/Unreal Projects/MyProject5/Content/Developers/3DJoe/Collections/' took 0.01s
[2015.12.17-21.39.14:492][  0]LogFileCache: Scanning file cache for directory 'C:/Users/3DJoe/Documents/Unreal Projects/MyProject5/Content/Collections/' took 0.01s
[2015.12.17-21.39.14:492][  0]LogCollectionManager: Rebuilt the GUID cache for 0 collections in 0.000006 seconds
[2015.12.17-21.39.14:533][  0]LogContentBrowser: Native class hierarchy populated in 0.0224 seconds. Added 1893 classes and 338 folders.
[2015.12.17-21.39.14:743][  0]LogContentBrowser: Native class hierarchy updated for 'WidgetCarousel' in 0.0010 seconds. Added 0 classes and 0 folders.
[2015.12.17-21.39.17:986][  0]LogContentBrowser: Native class hierarchy updated for 'AddContentDialog' in 0.0010 seconds. Added 0 classes and 0 folders.
[2015.12.17-21.39.18:312][  0]LogContentBrowser: Native class hierarchy updated for 'SceneOutliner' in 0.0010 seconds. Added 1 classes and 2 folders.
[2015.12.17-21.39.19:982][  0]LogCrashTracker: Crashtracker disabled due to settings.
[2015.12.17-21.39.20:498][  0]LogUObjectGlobals:Warning: Failed to find object 'Class None.'
[2015.12.17-21.39.20:564][  0]LogLoad: Full Startup: 23.58 seconds (BP compile: 0.07 seconds)
[2015.12.17-21.39.20:583][  0]LogOcInput: Can't find Oculus library dev build: is proper Runtime installed? Version: 0.8.0.0
[2015.12.17-21.39.21:557][  0]LogContentStreaming: Texture pool size now 1000 MB
[2015.12.17-21.39.22:694][  0]LogRenderer: Reallocating scene render targets to support 1208x572 (Frame:2).
[2015.12.17-21.39.24:339][  5]LogAssetRegistry: Asset discovery search completed in 22.1746 seconds
[2015.12.17-21.39.24:339][  5]LogCollectionManager: Rebuilt the object cache for 0 collections in 0.000001 seconds (found 0 objects)
[2015.12.17-21.39.24:339][  5]LogCollectionManager: Fixed up redirectors for 0 collections in 0.000024 seconds (updated 0 objects)
[2015.12.17-21.39.46:338][336]LogLinker:Warning: Asset '../../../Engine/Content/ArtTools/RenderToTexture/Macros/RenderToTextureMacros.uasset' has been saved with empty engine version. The asset will be loaded but may be incompatible.
[2015.12.17-21.39.47:746][336]LogContentBrowser: Native class hierarchy updated for 'BlueprintGraph' in 0.0023 seconds. Added 107 classes and 0 folders.
[2015.12.17-21.39.48:799][336]LogSkeletalMesh: InitArticulated: Bodies already created (/Engine/Transient.DebugSkelMeshComponent_0) - call TermArticulated first.
[2015.12.17-21.45.33:061][683]LogRenderer: Reallocating scene render targets to support 1208x732 (Frame:49068).
[2015.12.17-21.45.33:061][683]LogContentBrowser:Verbose: The majority of assets in the view are of type: AnimSequence
[2015.12.17-21.45.34:534][754]LogContentBrowser:Verbose: The majority of assets in the view are of type: AnimSequence
[2015.12.17-21.59.30:311][ 24]BlueprintLog: New page: Compile CharacterAnimBP
[2015.12.17-21.59.31:118][ 24]LogParticles: Destroying 0 GPU particle simulations for FXSystem 0x000001CF7475BD80
[2015.12.17-21.59.31:120][ 24]LogParticles: Destroying 0 GPU particle simulations for FXSystem 0x000001CF0DD8E2A0
[2015.12.17-21.59.31:121][ 24]LogParticles: Destroying 0 GPU particle simulations for FXSystem 0x000001CF4E7374C0
[2015.12.17-21.59.31:149][ 24]BlueprintEditorCompileResults: Info [1234.16] Compile of CharacterAnimBP successful! [in 837 ms]
[2015.12.17-21.59.31:855][ 51]LogSavePackage: Save=134.533051ms
[2015.12.17-21.59.31:855][ 51]LogSavePackage: Moving '../../../../../../Users/3DJoe/Documents/Unreal Projects/MyProject5/Saved/CharacterAnimBP92E9607D4EC37E76857949B99C512BB8.tmp' to '../../../../../../Users/3DJoe/Documents/Unreal Projects/MyProject5/Content/StarterContent/Character/CharacterAnimBP.uasset'
[2015.12.17-21.59.31:860][ 51]LogSavePackage: Total save time: 245.989908ms
[2015.12.17-21.59.31:860][ 51]LogSavePackage:Display: Finished SavePackage ../../../../../../Users/3DJoe/Documents/Unreal Projects/MyProject5/Content/StarterContent/Character/CharacterAnimBP.uasset
[2015.12.17-22.01.49:692][484]LogFileHelpers: Editor autosave (incl. sublevels) for '/Game/StarterContent/Maps/Minimal_Default' took 0.037
[2015.12.17-22.01.49:714][484]OBJ SavePackage: Generating thumbnails for [0] asset(s) in package [/Game/StarterContent/Character/CharacterAnimBP] ([1] browsable assets)...
[2015.12.17-22.01.49:714][484]OBJ SavePackage: Finished generating thumbnails for package [/Game/StarterContent/Character/CharacterAnimBP]
[2015.12.17-22.01.49:783][484]LogSavePackage: Save=65.708191ms
[2015.12.17-22.01.49:783][484]LogSavePackage: Moving '../../../../../../Users/3DJoe/Documents/Unreal Projects/MyProject5/Saved/CharacterAnimBP_Auto138469E8443C31678ED3DC0AA6CC1C20C.tmp' to '../../../../../../Users/3DJoe/Documents/Unreal Projects/MyProject5/Saved/Autosaves/Game/StarterContent/Character/CharacterAnimBP_Auto1.uasset'
[2015.12.17-22.01.49:793][484]LogSavePackage: Total save time: 77.578340ms
[2015.12.17-22.01.49:793][484]LogSavePackage:Display: Finished SavePackage ../../../../../../Users/3DJoe/Documents/Unreal Projects/MyProject5/Saved/Autosaves/Game/StarterContent/Character/CharacterAnimBP_Auto1.uasset
[2015.12.17-22.01.49:797][484]OBJ SavePackage: Generating thumbnails for [0] asset(s) in package [/Game/StarterContent/Character/MyCharacter] ([1] browsable assets)...
[2015.12.17-22.01.49:797][484]OBJ SavePackage: Finished generating thumbnails for package [/Game/StarterContent/Character/MyCharacter]
[2015.12.17-22.01.49:822][484]LogSavePackage: Save=22.908997ms
[2015.12.17-22.01.49:822][484]LogSavePackage: Moving '../../../../../../Users/3DJoe/Documents/Unreal Projects/MyProject5/Saved/MyCharacter_Auto1577B306A45BECBA160313CB7B05BDF3B.tmp' to '../../../../../../Users/3DJoe/Documents/Unreal Projects/MyProject5/Saved/Autosaves/Game/StarterContent/Character/MyCharacter_Auto1.uasset'
[2015.12.17-22.01.49:823][484]LogSavePackage: Total save time: 24.105273ms
[2015.12.17-22.01.49:823][484]LogSavePackage:Display: Finished SavePackage ../../../../../../Users/3DJoe/Documents/Unreal Projects/MyProject5/Saved/Autosaves/Game/StarterContent/Character/MyCharacter_Auto1.uasset
[2015.12.17-22.01.49:823][484]LogFileHelpers: Auto-saving content packages took 0.130
[2015.12.17-22.04.14:841][231]LogActorComponent: UnregisterComponent: (/Engine/Transient.CharMoveComp) Not registered. Aborting.
[2015.12.17-22.04.54:224][123]LogActorComponent: UnregisterComponent: (/Engine/Transient.CharacterMovementComponent_0) Not registered. Aborting.
[2015.12.17-22.04.58:934][574]LogActorComponent: UnregisterComponent: (/Engine/Transient.CharacterMovementComponent_1) Not registered. Aborting.
[2015.12.17-22.05.05:120][ 83]BlueprintLog: New page: Compile MyCharacter
[2015.12.17-22.05.05:240][ 83]LogActorComponent: UnregisterComponent: (/Engine/Transient.CharacterMovementComponent_2) Not registered. Aborting.
[2015.12.17-22.05.05:283][ 83]BlueprintEditorCompileResults: Info [1568.29] Compile of MyCharacter successful! [in 162 ms]
[2015.12.17-22.05.05:787][125]LogSavePackage: Save=34.994694ms
[2015.12.17-22.05.05:787][125]LogSavePackage: Moving '../../../../../../Users/3DJoe/Documents/Unreal Projects/MyProject5/Saved/MyCharacter5B4D71254302174B674A52BB75995063.tmp' to '../../../../../../Users/3DJoe/Documents/Unreal Projects/MyProject5/Content/StarterContent/Character/MyCharacter.uasset'
[2015.12.17-22.05.05:791][125]LogSavePackage: Total save time: 39.541252ms
[2015.12.17-22.05.05:791][125]LogSavePackage:Display: Finished SavePackage ../../../../../../Users/3DJoe/Documents/Unreal Projects/MyProject5/Content/StarterContent/Character/MyCharacter.uasset
[2015.12.17-22.05.23:281][812]LogActorComponent: UnregisterComponent: (/Engine/Transient.CharMoveComp) Not registered. Aborting.
[2015.12.17-22.06.12:414][766]LogActorComponent: UnregisterComponent: (/Engine/Transient.CharacterMovementComponent_3) Not registered. Aborting.
[2015.12.17-22.06.18:138][220]LogActorComponent: UnregisterComponent: (/Engine/Transient.CharacterMovementComponent_4) Not registered. Aborting.
[2015.12.17-22.07.11:982][623]LogActorComponent: UnregisterComponent: (/Engine/Transient.CharacterMovementComponent_5) Not registered. Aborting.
[2015.12.17-22.07.27:365][906]LogActorComponent: UnregisterComponent: (/Engine/Transient.CharacterMovementComponent_6) Not registered. Aborting.
[2015.12.17-22.07.41:619][ 71]LogActorComponent: UnregisterComponent: (/Engine/Transient.CharacterMovementComponent_7) Not registered. Aborting.
[2015.12.17-22.09.16:403][898]BlueprintLog: New page: Compile MyCharacter
[2015.12.17-22.09.16:474][898]LogActorComponent: UnregisterComponent: (/Engine/Transient.CharacterMovementComponent_8) Not registered. Aborting.
[2015.12.17-22.09.16:516][898]BlueprintEditorCompileResults: Info [1819.53] Compile of MyCharacter successful! [in 113 ms]
[2015.12.17-22.09.18:606][ 81]BlueprintLog: New page: Compile CharacterAnimBP
[2015.12.17-22.09.18:692][ 81]LogActorComponent: UnregisterComponent: (/Engine/Transient.CharMoveComp) Not registered. Aborting.
[2015.12.17-22.09.18:734][ 81]BlueprintEditorCompileResults: Info [1821.74] Compile of CharacterAnimBP successful! [in 126 ms]
[2015.12.17-22.09.19:460][124]LogSavePackage: Save=77.119286ms
[2015.12.17-22.09.19:460][124]LogSavePackage: Moving '../../../../../../Users/3DJoe/Documents/Unreal Projects/MyProject5/Saved/CharacterAnimBPCE666A7649CD99727FE2DBA2F4AC9843.tmp' to '../../../../../../Users/3DJoe/Documents/Unreal Projects/MyProject5/Content/StarterContent/Character/CharacterAnimBP.uasset'
[2015.12.17-22.09.19:463][124]LogSavePackage: Total save time: 90.857986ms
[2015.12.17-22.09.19:463][124]LogSavePackage:Display: Finished SavePackage ../../../../../../Users/3DJoe/Documents/Unreal Projects/MyProject5/Content/StarterContent/Character/CharacterAnimBP.uasset
[2015.12.17-22.09.21:314][281]LogSavePackage: Save=36.348263ms
[2015.12.17-22.09.21:314][281]LogSavePackage: Moving '../../../../../../Users/3DJoe/Documents/Unreal Projects/MyProject5/Saved/MyCharacterB7967DE14C64662B94EA0D9F6853DFAC.tmp' to '../../../../../../Users/3DJoe/Documents/Unreal Projects/MyProject5/Content/StarterContent/Character/MyCharacter.uasset'
[2015.12.17-22.09.21:316][281]LogSavePackage: Total save time: 45.383990ms
[2015.12.17-22.09.21:316][281]LogSavePackage:Display: Finished SavePackage ../../../../../../Users/3DJoe/Documents/Unreal Projects/MyProject5/Content/StarterContent/Character/MyCharacter.uasset
[2015.12.17-22.09.23:447][487]LogActorComponent: UnregisterComponent: (/Engine/Transient.CharMoveComp) Not registered. Aborting.
[2015.12.17-22.09.23:644][487]LogSavePackage: Save=154.461685ms
[2015.12.17-22.09.23:644][487]LogSavePackage: Moving '../../../../../../Users/3DJoe/Documents/Unreal Projects/MyProject5/Saved/Minimal_Default7249F9344BCDE7C84507FA8CEAE1E4C4.tmp' to '../../../../../../Users/3DJoe/Documents/Unreal Projects/MyProject5/Content/StarterContent/Maps/Minimal_Default.umap'
[2015.12.17-22.09.23:646][487]LogSavePackage: Total save time: 163.991719ms
[2015.12.17-22.09.23:646][487]LogSavePackage:Display: Finished SavePackage ../../../../../../Users/3DJoe/Documents/Unreal Projects/MyProject5/Content/StarterContent/Maps/Minimal_Default.umap
[2015.12.17-22.10.39:563][904]LogActorComponent: UnregisterComponent: (/Engine/Transient.CharMoveComp) Not registered. Aborting.
[2015.12.17-22.11.14:476][759]BlueprintLog: New page: Compile MyCharacter
[2015.12.17-22.11.14:544][759]LogActorComponent: UnregisterComponent: (/Engine/Transient.CharacterMovementComponent_9) Not registered. Aborting.
[2015.12.17-22.11.14:584][759]BlueprintEditorCompileResults: Info [1937.60] Compile of MyCharacter successful! [in 107 ms]
[2015.12.17-22.12.39:866][649]LogActorComponent: UnregisterComponent: (/Engine/Transient.CharMoveComp) Not registered. Aborting.
[2015.12.17-22.13.20:492][ 65]LogActorComponent: UnregisterComponent: (/Engine/Transient.CharacterMovementComponent_10) Not registered. Aborting.
[2015.12.17-22.13.51:440][816]BlueprintLog: New page: Compile MyCharacter
[2015.12.17-22.13.51:508][816]LogActorComponent: UnregisterComponent: (/Engine/Transient.CharacterMovementComponent_11) Not registered. Aborting.
[2015.12.17-22.13.51:549][816]BlueprintEditorCompileResults: Info [2094.56] Compile of MyCharacter successful! [in 108 ms]
[2015.12.17-22.14.10:464][383]LogBlueprintUserMessages: Early PlayInEditor Detection: Level '/Game/StarterContent/Maps/Minimal_Default.Minimal_Default:PersistentLevel' has LevelScriptBlueprint '/Game/StarterContent/Maps/Minimal_Default.Minimal_Default:PersistentLevel.Minimal_Default' with GeneratedClass '/Game/StarterContent/Maps/Minimal_Default.Minimal_Default_C' with ClassGeneratedBy '/Game/StarterContent/Maps/Minimal_Default.Minimal_Default:PersistentLevel.Minimal_Default'
[2015.12.17-22.14.10:465][383]LogPlayLevel: PlayLevel: No blueprints needed recompiling
[2015.12.17-22.14.10:474][383]PIE: New page: PIE session: Minimal_Default (Dec 17, 2015, 6:14:10 AM)
[2015.12.17-22.14.10:474][383]LogPlayLevel: Creating play world package: /Game/StarterContent/Maps/UEDPIE_0_Minimal_Default
[2015.12.17-22.14.10:501][383]LogPlayLevel: PIE: StaticDuplicateObject took: (0.027436s)
[2015.12.17-22.14.10:503][383]LogAIModule: Creating AISystem for world Minimal_Default
[2015.12.17-22.14.10:503][383]LogPlayLevel: PIE: World Init took: (0.001731s)
[2015.12.17-22.14.10:503][383]LogPlayLevel: PIE: Created PIE world by copying editor world from /Game/StarterContent/Maps/Minimal_Default.Minimal_Default to /Game/StarterContent/Maps/UEDPIE_0_Minimal_Default.Minimal_Default (0.029501s)
[2015.12.17-22.14.10:503][383]LogActorComponent: UnregisterComponent: (/Engine/Transient.CharMoveComp) Not registered. Aborting.
[2015.12.17-22.14.10:545][383]LogInit: XAudio2 using 'Realtek Digital Output (Realtek High Definition Audio)' : 2 channels at 48 kHz using 16 bits per sample (channel mask 0x3)
[2015.12.17-22.14.10:555][383]LogInit: FAudioDevice initialized.
[2015.12.17-22.14.10:636][383]LogWorld: Game class is 'GameMode'
[2015.12.17-22.14.10:640][383]LogWorld: Bringing World /Game/StarterContent/Maps/UEDPIE_0_Minimal_Default.Minimal_Default up for play (max tick rate 0) at 2015.12.17-14.14.10
[2015.12.17-22.14.10:641][383]LogActor:Warning: GameSession /Game/StarterContent/Maps/UEDPIE_0_Minimal_Default.Minimal_Default:PersistentLevel.GameSession_0 has natively added scene component(s), but none of them were set as the actor's RootComponent - picking one arbitrarily
[2015.12.17-22.14.10:641][383]LogActor:Warning: GameNetworkManager /Game/StarterContent/Maps/UEDPIE_0_Minimal_Default.Minimal_Default:PersistentLevel.GameNetworkManager_0 has natively added scene component(s), but none of them were set as the actor's RootComponent - picking one arbitrarily
[2015.12.17-22.14.10:641][383]LogWorld: Bringing up level for play took: 0.003616
[2015.12.17-22.14.10:704][383]PIE: Info Play in editor start time for /Game/StarterContent/Maps/UEDPIE_0_Minimal_Default 0.583
[2015.12.17-22.14.10:704][383]LogBlueprintUserMessages: Late PlayInEditor Detection: Level '/Game/StarterContent/Maps/Minimal_Default.Minimal_Default:PersistentLevel' has LevelScriptBlueprint '/Game/StarterContent/Maps/Minimal_Default.Minimal_Default:PersistentLevel.Minimal_Default' with GeneratedClass '/Game/StarterContent/Maps/Minimal_Default.Minimal_Default_C' with ClassGeneratedBy '/Game/StarterContent/Maps/Minimal_Default.Minimal_Default:PersistentLevel.Minimal_Default'
[2015.12.17-22.14.12:844][555]LogBlueprintUserMessages: Early EndPlayMap Detection: Level '/Game/StarterContent/Maps/Minimal_Default.Minimal_Default:PersistentLevel' has LevelScriptBlueprint '/Game/StarterContent/Maps/Minimal_Default.Minimal_Default:PersistentLevel.Minimal_Default' with GeneratedClass '/Game/StarterContent/Maps/Minimal_Default.Minimal_Default_C' with ClassGeneratedBy '/Game/StarterContent/Maps/Minimal_Default.Minimal_Default:PersistentLevel.Minimal_Default'
[2015.12.17-22.14.12:910][555]LogBlueprintUserMessages: Late EndPlayMap Detection: Level '/Game/StarterContent/Maps/Minimal_Default.Minimal_Default:PersistentLevel' has LevelScriptBlueprint '/Game/StarterContent/Maps/Minimal_Default.Minimal_Default:PersistentLevel.Minimal_Default' with GeneratedClass '/Game/StarterContent/Maps/Minimal_Default.Minimal_Default_C' with ClassGeneratedBy '/Game/StarterContent/Maps/Minimal_Default.Minimal_Default:PersistentLevel.Minimal_Default'
[2015.12.17-22.14.12:945][555]LogParticles: Destroying 0 GPU particle simulations for FXSystem 0x000001CF114F96C0
[2015.12.17-22.14.34:624][295]LogSlate:Warning: Prevented a slow task dialog from being summoned while a context menu was open
[2015.12.17-22.14.45:821][127]BlueprintLog: New page: Compile MyCharacter
[2015.12.17-22.14.45:893][127]LogActorComponent: UnregisterComponent: (/Engine/Transient.CharMoveComp) Not registered. Aborting.
[2015.12.17-22.14.45:933][127]BlueprintEditorCompileResults: Info [2148.94] Compile of MyCharacter successful! [in 111 ms]
[2015.12.17-22.16.07:673][865]LogSavePackage: Save=36.257675ms
[2015.12.17-22.16.07:673][865]LogSavePackage: Moving '../../../../../../Users/3DJoe/Documents/Unreal Projects/MyProject5/Saved/MyCharacter8C27A08F449EF9B1F3683A8C00659259.tmp' to '../../../../../../Users/3DJoe/Documents/Unreal Projects/MyProject5/Content/StarterContent/Character/MyCharacter.uasset'
[2015.12.17-22.16.07:676][865]LogSavePackage: Total save time: 46.258114ms
[2015.12.17-22.16.07:676][865]LogSavePackage:Display: Finished SavePackage ../../../../../../Users/3DJoe/Documents/Unreal Projects/MyProject5/Content/StarterContent/Character/MyCharacter.uasset
[2015.12.17-22.16.28:517][997]LogActorComponent: UnregisterComponent: (/Engine/Transient.CharMoveComp) Not registered. Aborting.
[2015.12.17-22.19.05:737][141]LogActorComponent: UnregisterComponent: (/Engine/Transient.CharacterMovementComponent_12) Not registered. Aborting.
[2015.12.17-22.19.30:113][240]LogProperty:Warning: ObjectProperty /Script/Engine.EdGraphPin:LinkedTo.LinkedTo: unresolved reference to 'EdGraphPin'K2Node_CallFunction_2342.EdGraphPin_23534''
[2015.12.17-22.20.34:677][951]LogEditorTransaction: Undo Move Node
[2015.12.17-22.20.34:686][951]LogActorComponent: UnregisterComponent: (/Engine/Transient.CharacterMovementComponent_13) Not registered. Aborting.
[2015.12.17-22.20.46:152][  3]BlueprintLog: New page: Compile MyCharacter
[2015.12.17-22.20.46:209][  3]LogActorComponent: UnregisterComponent: (/Engine/Transient.CharacterMovementComponent_14) Not registered. Aborting.
[2015.12.17-22.20.46:252][  3]BlueprintEditorCompileResults: Info [2509.26] Compile of MyCharacter successful! [in 99 ms]
[2015.12.17-22.21.52:663][915]LogActorComponent: UnregisterComponent: (/Engine/Transient.CharMoveComp) Not registered. Aborting.
[2015.12.17-22.22.33:016][457]LogActorComponent: UnregisterComponent: (/Engine/Transient.CharacterMovementComponent_15) Not registered. Aborting.
[2015.12.17-22.22.57:204][509]LogActorComponent: UnregisterComponent: (/Engine/Transient.CharacterMovementComponent_16) Not registered. Aborting.
[2015.12.17-22.23.04:761][125]LogActorComponent: UnregisterComponent: (/Engine/Transient.CharacterMovementComponent_17) Not registered. Aborting.
[2015.12.17-22.23.55:459][231]LogActorComponent: UnregisterComponent: (/Engine/Transient.CharacterMovementComponent_18) Not registered. Aborting.
[2015.12.17-22.24.13:208][638]BlueprintLog: New page: Compile MyCharacter
[2015.12.17-22.24.13:267][638]LogActorComponent: UnregisterComponent: (/Engine/Transient.CharacterMovementComponent_19) Not registered. Aborting.
[2015.12.17-22.24.13:313][638]BlueprintEditorCompileResults: Info [2716.32] Compile of MyCharacter successful! [in 104 ms]
[2015.12.17-22.24.39:048][581]LogActorComponent: UnregisterComponent: (/Engine/Transient.CharMoveComp) Not registered. Aborting.
[2015.12.17-22.24.39:084][581]LogFileHelpers: Editor autosave (incl. sublevels) for '/Game/StarterContent/Maps/Minimal_Default' took 0.037
[2015.12.17-22.24.39:090][581]OBJ SavePackage: Generating thumbnails for [1] asset(s) in package [/Game/StarterContent/Character/MyCharacter] ([1] browsable assets)...
[2015.12.17-22.24.39:109][581]OBJ SavePackage:     Rendered thumbnail for [Blueprint /Game/StarterContent/Character/MyCharacter.MyCharacter]
[2015.12.17-22.24.39:109][581]OBJ SavePackage: Finished generating thumbnails for package [/Game/StarterContent/Character/MyCharacter]
[2015.12.17-22.24.39:182][581]LogSavePackage: Save=64.286461ms
[2015.12.17-22.24.39:183][581]LogSavePackage: Moving '../../../../../../Users/3DJoe/Documents/Unreal Projects/MyProject5/Saved/MyCharacter_Auto275628CEB4BBF35875BE5F6808B70C2DF.tmp' to '../../../../../../Users/3DJoe/Documents/Unreal Projects/MyProject5/Saved/Autosaves/Game/StarterContent/Character/MyCharacter_Auto2.uasset'
[2015.12.17-22.24.39:184][581]LogSavePackage: Total save time: 72.612345ms
[2015.12.17-22.24.39:184][581]LogSavePackage:Display: Finished SavePackage ../../../../../../Users/3DJoe/Documents/Unreal Projects/MyProject5/Saved/Autosaves/Game/StarterContent/Character/MyCharacter_Auto2.uasset
[2015.12.17-22.24.39:184][581]LogFileHelpers: Auto-saving content packages took 0.099
[2015.12.17-22.24.44:485][976]LogActorComponent: UnregisterComponent: (/Engine/Transient.CharMoveComp) Not registered. Aborting.
[2015.12.17-22.24.44:655][976]LogSavePackage: Save=124.115204ms
[2015.12.17-22.24.44:655][976]LogSavePackage: Moving '../../../../../../Users/3DJoe/Documents/Unreal Projects/MyProject5/Saved/Minimal_Default0C891C034E2C71F637B008A9811C5AFB.tmp' to '../../../../../../Users/3DJoe/Documents/Unreal Projects/MyProject5/Content/StarterContent/Maps/Minimal_Default.umap'
[2015.12.17-22.24.44:656][976]LogSavePackage: Total save time: 134.777140ms
[2015.12.17-22.24.44:656][976]LogSavePackage:Display: Finished SavePackage ../../../../../../Users/3DJoe/Documents/Unreal Projects/MyProject5/Content/StarterContent/Maps/Minimal_Default.umap
[2015.12.17-22.25.45:710][596]LogEditorViewport: Clicking on Actor (LMB): StaticMeshActor (Floor)
[2015.12.17-22.27.15:887][203]LogActor:Warning: GameNetworkManager /Engine/Transient.World_13:PersistentLevel.GameNetworkManager_1 has natively added scene component(s), but none of them were set as the actor's RootComponent - picking one arbitrarily
[2015.12.17-22.27.43:976][345]LogSlate:Warning: Prevented a slow task dialog from being summoned while a context menu was open
[2015.12.17-22.28.01:520][810]Cmd: OBJ SAVEPACKAGE PACKAGE="/Game/StarterContent/Character/MyGame" FILE="../../../../../../Users/3DJoe/Documents/Unreal Projects/MyProject5/Content/StarterContent/Character/MyGame.uasset" SILENT=true
[2015.12.17-22.28.01:538][810]LogSavePackage: Save=15.502386ms
[2015.12.17-22.28.01:538][810]LogSavePackage: Moving '../../../../../../Users/3DJoe/Documents/Unreal Projects/MyProject5/Saved/MyGame681F2F014487CA13237D518FDA795712.tmp' to '../../../../../../Users/3DJoe/Documents/Unreal Projects/MyProject5/Content/StarterContent/Character/MyGame.uasset'
[2015.12.17-22.28.01:540][810]LogSavePackage: Total save time: 18.081650ms
[2015.12.17-22.28.01:540][810]LogSavePackage:Display: Finished SavePackage ../../../../../../Users/3DJoe/Documents/Unreal Projects/MyProject5/Content/StarterContent/Character/MyGame.uasset
[2015.12.17-22.28.03:730][955]LogSavePackage: Save=55.244324ms
[2015.12.17-22.28.03:730][955]LogSavePackage: Moving '../../../../../../Users/3DJoe/Documents/Unreal Projects/MyProject5/Saved/MyCharacterA3E1119945F55B48E59CF0BFA514B361.tmp' to '../../../../../../Users/3DJoe/Documents/Unreal Projects/MyProject5/Content/StarterContent/Character/MyCharacter.uasset'
[2015.12.17-22.28.03:733][955]LogSavePackage: Total save time: 60.684811ms
[2015.12.17-22.28.03:733][955]LogSavePackage:Display: Finished SavePackage ../../../../../../Users/3DJoe/Documents/Unreal Projects/MyProject5/Content/StarterContent/Character/MyCharacter.uasset
[2015.12.17-22.28.29:254][619]Cmd: UpdateLandscapeSetup
[2015.12.17-22.28.37:644][173]LogBlueprintUserMessages: Early PlayInEditor Detection: Level '/Game/StarterContent/Maps/Minimal_Default.Minimal_Default:PersistentLevel' has LevelScriptBlueprint '/Game/StarterContent/Maps/Minimal_Default.Minimal_Default:PersistentLevel.Minimal_Default' with GeneratedClass '/Game/StarterContent/Maps/Minimal_Default.Minimal_Default_C' with ClassGeneratedBy '/Game/StarterContent/Maps/Minimal_Default.Minimal_Default:PersistentLevel.Minimal_Default'
[2015.12.17-22.28.37:645][173]LogPlayLevel: PlayLevel: No blueprints needed recompiling
[2015.12.17-22.28.37:645][173]PIE: New page: PIE session: Minimal_Default (Dec 17, 2015, 6:28:37 AM)
[2015.12.17-22.28.37:645][173]LogPlayLevel: Creating play world package: /Game/StarterContent/Maps/UEDPIE_0_Minimal_Default
[2015.12.17-22.28.37:653][173]LogPlayLevel: PIE: StaticDuplicateObject took: (0.008485s)
[2015.12.17-22.28.37:655][173]LogAIModule: Creating AISystem for world Minimal_Default
[2015.12.17-22.28.37:655][173]LogPlayLevel: PIE: World Init took: (0.001895s)
[2015.12.17-22.28.37:655][173]LogPlayLevel: PIE: Created PIE world by copying editor world from /Game/StarterContent/Maps/Minimal_Default.Minimal_Default to /Game/StarterContent/Maps/UEDPIE_0_Minimal_Default.Minimal_Default (0.010698s)
[2015.12.17-22.28.37:656][173]LogActorComponent: UnregisterComponent: (/Engine/Transient.CharMoveComp) Not registered. Aborting.
[2015.12.17-22.28.37:704][173]LogInit: XAudio2 using 'Realtek Digital Output (Realtek High Definition Audio)' : 2 channels at 48 kHz using 16 bits per sample (channel mask 0x3)
[2015.12.17-22.28.37:713][173]LogInit: FAudioDevice initialized.
[2015.12.17-22.28.37:748][173]LogWorld: Game class is 'MyGame_C'
[2015.12.17-22.28.37:752][173]LogWorld: Bringing World /Game/StarterContent/Maps/UEDPIE_0_Minimal_Default.Minimal_Default up for play (max tick rate 0) at 2015.12.17-14.28.37
[2015.12.17-22.28.37:752][173]LogActor:Warning: GameSession /Game/StarterContent/Maps/UEDPIE_0_Minimal_Default.Minimal_Default:PersistentLevel.GameSession_1 has natively added scene component(s), but none of them were set as the actor's RootComponent - picking one arbitrarily
[2015.12.17-22.28.37:752][173]LogActor:Warning: GameNetworkManager /Game/StarterContent/Maps/UEDPIE_0_Minimal_Default.Minimal_Default:PersistentLevel.GameNetworkManager_2 has natively added scene component(s), but none of them were set as the actor's RootComponent - picking one arbitrarily
[2015.12.17-22.28.37:752][173]LogWorld: Bringing up level for play took: 0.002876
[2015.12.17-22.28.37:774][173]PIE: Info Play in editor start time for /Game/StarterContent/Maps/UEDPIE_0_Minimal_Default -0.347
[2015.12.17-22.28.37:774][173]LogBlueprintUserMessages: Late PlayInEditor Detection: Level '/Game/StarterContent/Maps/Minimal_Default.Minimal_Default:PersistentLevel' has LevelScriptBlueprint '/Game/StarterContent/Maps/Minimal_Default.Minimal_Default:PersistentLevel.Minimal_Default' with GeneratedClass '/Game/StarterContent/Maps/Minimal_Default.Minimal_Default_C' with ClassGeneratedBy '/Game/StarterContent/Maps/Minimal_Default.Minimal_Default:PersistentLevel.Minimal_Default'
[2015.12.17-22.28.39:525][275]MapCheck: New page: Map Check
[2015.12.17-22.28.39:648][275]Cmd: MAP REBUILD ALLVISIBLE
[2015.12.17-22.28.39:648][275]LogEditorServer: Rebuildmap Clear paths rebuilt
[2015.12.17-22.28.39:862][275]MapCheck:Warning: Warning WorldSettings_1 Hierarchical LOD System is disabled or no HLOD level settings available, unable to build LOD actors. 
[2015.12.17-22.28.39:862][275]LogStats:          STAT_HLOD_BuildClusters - 41.343 ms
[2015.12.17-22.28.39:869][275]LightingResults: New page: Lighting Build - Dec 17, 2015, 6:28:39 AM
[2015.12.17-22.28.55:472][275]LogStaticLightingSystem:Warning: No importance volume found, so the scene bounding box was used.  You can optimize your scene's quality and lighting build times by adding importance volumes.
[2015.12.17-22.28.55:473][275]LogStaticLightingSystem: Running Lightmass w/ ImmediateImport mode ENABLED
[2015.12.17-22.28.55:473][275]LogStaticLightingSystem: Running Lightmass w/ ImmediateProcess mode ENABLED
[2015.12.17-22.28.55:473][275]LogStaticLightingSystem: Running Lightmass w/ Sorting mode ENABLED
[2015.12.17-22.28.55:473][275]LogStaticLightingSystem: Running Lightmass w/ Mapping paddings ENABLED
[2015.12.17-22.28.55:473][275]LogStaticLightingSystem: Running Lightmass w/ Mapping debug paddings DISABLED
[2015.12.17-22.28.56:121][275]LogEditorBuildUtils: Build time 0:00:16
[2015.12.17-22.29.04:329][685]Job is a success!
[2015.12.17-22.29.07:026][809]LogTexture:Display: Building textures: SkyOcclusion1_1 (AutoDXT)
[2015.12.17-22.29.07:099][809]LogTexture:Display: Building textures: LQ_Lightmap_0_3 (DXT1)
[2015.12.17-22.29.07:104][809]LogTexture:Display: Building textures: HQ_Lightmap0_3 (AutoDXT)
[2015.12.17-22.29.07:110][809]LogTexture:Display: Building textures: SkyOcclusion0_3 (AutoDXT)
[2015.12.17-22.29.07:115][809]LogTexture:Display: Building textures: LQ_Lightmap_1_2 (DXT1)
[2015.12.17-22.29.07:201][809]LogTexture:Display: Building textures: HQ_Lightmap1_2 (AutoDXT)
[2015.12.17-22.29.07:337][809]LogTexture:Display: Building textures: SkyOcclusion1_2 (AutoDXT)
[2015.12.17-22.29.07:403][809]LogTexture:Display: Building textures: LQ_Lightmap_1_1 (DXT1)
[2015.12.17-22.29.07:409][809]LogTexture:Display: Building textures: HQ_Lightmap1_1 (AutoDXT)
[2015.12.17-22.29.07:438][809]LogTexture:Display: Building textures: ShadowMapTexture2D_2 (G8)
[2015.12.17-22.29.07:487][809]LogTexture:Display: Building textures: ShadowMapTexture2D_3 (G8)
[2015.12.17-22.29.07:494][809]LogTexture:Display: Building textures: ShadowMapTexture2D_4 (G8)
[2015.12.17-22.29.07:889][809]Lightmass on DESKTOP-B87MP3I: 10.1 sec total, 4.94 sec importing, 20 ms setup, 481 ms photons, 4.55 sec processing, 0 ms extra exporting [7/7 mappings]. Threads: 22.7 sec total, 4.34 sec processing.
[2015.12.17-22.29.07:923][809]LogStaticLightingSystem: Illumination: 25.4 sec (538 ms encoding lightmaps)
[2015.12.17-22.29.07:923][809]LogStaticLightingSystem: Lightmap texture memory:  0.4 MB (0.4 MB streaming, 0.0 MB non-streaming), 6 textures
[2015.12.17-22.29.07:923][809]LogStaticLightingSystem: Shadowmap texture memory: 0.2 MB (0.2 MB streaming, 0.0 MB non-streaming), 3 textures
[2015.12.17-22.29.08:508][809]LogBlueprintUserMessages: Early EndPlayMap Detection: Level '/Game/StarterContent/Maps/Minimal_Default.Minimal_Default:PersistentLevel' has LevelScriptBlueprint '/Game/StarterContent/Maps/Minimal_Default.Minimal_Default:PersistentLevel.Minimal_Default' with GeneratedClass '/Game/StarterContent/Maps/Minimal_Default.Minimal_Default_C' with ClassGeneratedBy '/Game/StarterContent/Maps/Minimal_Default.Minimal_Default:PersistentLevel.Minimal_Default'
[2015.12.17-22.29.08:583][809]LogBlueprintUserMessages: Late EndPlayMap Detection: Level '/Game/StarterContent/Maps/Minimal_Default.Minimal_Default:PersistentLevel' has LevelScriptBlueprint '/Game/StarterContent/Maps/Minimal_Default.Minimal_Default:PersistentLevel.Minimal_Default' with GeneratedClass '/Game/StarterContent/Maps/Minimal_Default.Minimal_Default_C' with ClassGeneratedBy '/Game/StarterContent/Maps/Minimal_Default.Minimal_Default:PersistentLevel.Minimal_Default'
[2015.12.17-22.29.08:623][809]LogParticles: Destroying 0 GPU particle simulations for FXSystem 0x000001CFCAE85120
[2015.12.17-22.29.08:646][810]Cmd: MAP CHECK NOTIFYRESULTS
[2015.12.17-22.29.08:646][810]MapCheck: New page: Minimal_Default - Dec 17, 2015, 6:29:08 AM
[2015.12.17-22.29.09:726][810]MapCheck: Info Map check complete: 0 Error(s), 0 Warning(s), took 1,079.539ms to complete.
[2015.12.17-22.29.10:092][829]LogBlueprintUserMessages: Early PlayInEditor Detection: Level '/Game/StarterContent/Maps/Minimal_Default.Minimal_Default:PersistentLevel' has LevelScriptBlueprint '/Game/StarterContent/Maps/Minimal_Default.Minimal_Default:PersistentLevel.Minimal_Default' with GeneratedClass '/Game/StarterContent/Maps/Minimal_Default.Minimal_Default_C' with ClassGeneratedBy '/Game/StarterContent/Maps/Minimal_Default.Minimal_Default:PersistentLevel.Minimal_Default'
[2015.12.17-22.29.10:092][829]LogPlayLevel: PlayLevel: No blueprints needed recompiling
[2015.12.17-22.29.10:092][829]PIE: New page: PIE session: Minimal_Default (Dec 17, 2015, 6:29:10 AM)
[2015.12.17-22.29.10:092][829]LogPlayLevel: Creating play world package: /Game/StarterContent/Maps/UEDPIE_0_Minimal_Default
[2015.12.17-22.29.10:097][829]LogPlayLevel: PIE: StaticDuplicateObject took: (0.004268s)
[2015.12.17-22.29.10:098][829]LogAIModule: Creating AISystem for world Minimal_Default
[2015.12.17-22.29.10:098][829]LogPlayLevel: PIE: World Init took: (0.001186s)
[2015.12.17-22.29.10:098][829]LogPlayLevel: PIE: Created PIE world by copying editor world from /Game/StarterContent/Maps/Minimal_Default.Minimal_Default to /Game/StarterContent/Maps/UEDPIE_0_Minimal_Default.Minimal_Default (0.005736s)
[2015.12.17-22.29.10:142][829]LogInit: XAudio2 using 'Realtek Digital Output (Realtek High Definition Audio)' : 2 channels at 48 kHz using 16 bits per sample (channel mask 0x3)
[2015.12.17-22.29.10:152][829]LogInit: FAudioDevice initialized.
[2015.12.17-22.29.10:188][829]LogWorld: Game class is 'MyGame_C'
[2015.12.17-22.29.10:192][829]LogWorld: Bringing World /Game/StarterContent/Maps/UEDPIE_0_Minimal_Default.Minimal_Default up for play (max tick rate 0) at 2015.12.17-14.29.10
[2015.12.17-22.29.10:192][829]LogActor:Warning: GameSession /Game/StarterContent/Maps/UEDPIE_0_Minimal_Default.Minimal_Default:PersistentLevel.GameSession_2 has natively added scene component(s), but none of them were set as the actor's RootComponent - picking one arbitrarily
[2015.12.17-22.29.10:193][829]LogActor:Warning: GameNetworkManager /Game/StarterContent/Maps/UEDPIE_0_Minimal_Default.Minimal_Default:PersistentLevel.GameNetworkManager_3 has natively added scene component(s), but none of them were set as the actor's RootComponent - picking one arbitrarily
[2015.12.17-22.29.10:193][829]LogWorld: Bringing up level for play took: 0.003623
[2015.12.17-22.29.10:196][829]PIE: Info Play in editor start time for /Game/StarterContent/Maps/UEDPIE_0_Minimal_Default 0.075
[2015.12.17-22.29.10:196][829]LogBlueprintUserMessages: Late PlayInEditor Detection: Level '/Game/StarterContent/Maps/Minimal_Default.Minimal_Default:PersistentLevel' has LevelScriptBlueprint '/Game/StarterContent/Maps/Minimal_Default.Minimal_Default:PersistentLevel.Minimal_Default' with GeneratedClass '/Game/StarterContent/Maps/Minimal_Default.Minimal_Default_C' with ClassGeneratedBy '/Game/StarterContent/Maps/Minimal_Default.Minimal_Default:PersistentLevel.Minimal_Default'
[2015.12.17-22.29.29:900][ 12]LogBlueprintUserMessages: Early EndPlayMap Detection: Level '/Game/StarterContent/Maps/Minimal_Default.Minimal_Default:PersistentLevel' has LevelScriptBlueprint '/Game/StarterContent/Maps/Minimal_Default.Minimal_Default:PersistentLevel.Minimal_Default' with GeneratedClass '/Game/StarterContent/Maps/Minimal_Default.Minimal_Default_C' with ClassGeneratedBy '/Game/StarterContent/Maps/Minimal_Default.Minimal_Default:PersistentLevel.Minimal_Default'
[2015.12.17-22.29.29:945][ 12]LogBlueprintUserMessages: Late EndPlayMap Detection: Level '/Game/StarterContent/Maps/Minimal_Default.Minimal_Default:PersistentLevel' has LevelScriptBlueprint '/Game/StarterContent/Maps/Minimal_Default.Minimal_Default:PersistentLevel.Minimal_Default' with GeneratedClass '/Game/StarterContent/Maps/Minimal_Default.Minimal_Default_C' with ClassGeneratedBy '/Game/StarterContent/Maps/Minimal_Default.Minimal_Default:PersistentLevel.Minimal_Default'
[2015.12.17-22.29.30:009][ 13]LogParticles: Destroying 0 GPU particle simulations for FXSystem 0x000001CFACBB5EE0
[2015.12.17-22.29.55:926][898]BlueprintLog: New page: Compile MyCharacter
[2015.12.17-22.29.56:016][898]LogActorComponent: UnregisterComponent: (/Engine/Transient.CharMoveComp) Not registered. Aborting.
[2015.12.17-22.29.56:060][898]BlueprintEditorCompileResults: Info [3059.07] Compile of MyCharacter successful! [in 133 ms]
[2015.12.17-22.29.56:632][932]LogSavePackage: Save=80.542671ms
[2015.12.17-22.29.56:632][932]LogSavePackage: Moving '../../../../../../Users/3DJoe/Documents/Unreal Projects/MyProject5/Saved/MyCharacter24EED44245CBA4F5D19A7DAD91239425.tmp' to '../../../../../../Users/3DJoe/Documents/Unreal Projects/MyProject5/Content/StarterContent/Character/MyCharacter.uasset'
[2015.12.17-22.29.56:637][932]LogSavePackage: Total save time: 92.555843ms
[2015.12.17-22.29.56:637][932]LogSavePackage:Display: Finished SavePackage ../../../../../../Users/3DJoe/Documents/Unreal Projects/MyProject5/Content/StarterContent/Character/MyCharacter.uasset
[2015.12.17-22.29.58:124][ 52]LogActorComponent: UnregisterComponent: (/Engine/Transient.CharMoveComp) Not registered. Aborting.
[2015.12.17-22.29.58:416][ 52]LogSavePackage: Save=248.622772ms
[2015.12.17-22.29.58:417][ 52]LogSavePackage: Moving '../../../../../../Users/3DJoe/Documents/Unreal Projects/MyProject5/Saved/Minimal_Default05B3E8114FABBBBB968ADABA01BC0F55.tmp' to '../../../../../../Users/3DJoe/Documents/Unreal Projects/MyProject5/Content/StarterContent/Maps/Minimal_Default.umap'
[2015.12.17-22.29.58:419][ 52]LogSavePackage: Total save time: 259.919100ms
[2015.12.17-22.29.58:419][ 52]LogSavePackage:Display: Finished SavePackage ../../../../../../Users/3DJoe/Documents/Unreal Projects/MyProject5/Content/StarterContent/Maps/Minimal_Default.umap
[2015.12.17-22.29.59:069][ 99]LogBlueprintUserMessages: Early PlayInEditor Detection: Level '/Game/StarterContent/Maps/Minimal_Default.Minimal_Default:PersistentLevel' has LevelScriptBlueprint '/Game/StarterContent/Maps/Minimal_Default.Minimal_Default:PersistentLevel.Minimal_Default' with GeneratedClass '/Game/StarterContent/Maps/Minimal_Default.Minimal_Default_C' with ClassGeneratedBy '/Game/StarterContent/Maps/Minimal_Default.Minimal_Default:PersistentLevel.Minimal_Default'
[2015.12.17-22.29.59:069][ 99]LogPlayLevel: PlayLevel: No blueprints needed recompiling
[2015.12.17-22.29.59:070][ 99]PIE: New page: PIE session: Minimal_Default (Dec 17, 2015, 6:29:59 AM)
[2015.12.17-22.29.59:070][ 99]LogPlayLevel: Creating play world package: /Game/StarterContent/Maps/UEDPIE_0_Minimal_Default
[2015.12.17-22.29.59:107][ 99]LogPlayLevel: PIE: StaticDuplicateObject took: (0.037098s)
[2015.12.17-22.29.59:108][ 99]LogAIModule: Creating AISystem for world Minimal_Default
[2015.12.17-22.29.59:108][ 99]LogPlayLevel: PIE: World Init took: (0.001660s)
[2015.12.17-22.29.59:109][ 99]LogPlayLevel: PIE: Created PIE world by copying editor world from /Game/StarterContent/Maps/Minimal_Default.Minimal_Default to /Game/StarterContent/Maps/UEDPIE_0_Minimal_Default.Minimal_Default (0.039105s)
[2015.12.17-22.29.59:152][ 99]LogInit: XAudio2 using 'Realtek Digital Output (Realtek High Definition Audio)' : 2 channels at 48 kHz using 16 bits per sample (channel mask 0x3)
[2015.12.17-22.29.59:161][ 99]LogInit: FAudioDevice initialized.
[2015.12.17-22.29.59:195][ 99]LogWorld: Game class is 'MyGame_C'
[2015.12.17-22.29.59:199][ 99]LogWorld: Bringing World /Game/StarterContent/Maps/UEDPIE_0_Minimal_Default.Minimal_Default up for play (max tick rate 0) at 2015.12.17-14.29.59
[2015.12.17-22.29.59:199][ 99]LogActor:Warning: GameSession /Game/StarterContent/Maps/UEDPIE_0_Minimal_Default.Minimal_Default:PersistentLevel.GameSession_3 has natively added scene component(s), but none of them were set as the actor's RootComponent - picking one arbitrarily
[2015.12.17-22.29.59:199][ 99]LogActor:Warning: GameNetworkManager /Game/StarterContent/Maps/UEDPIE_0_Minimal_Default.Minimal_Default:PersistentLevel.GameNetworkManager_4 has natively added scene component(s), but none of them were set as the actor's RootComponent - picking one arbitrarily
[2015.12.17-22.29.59:199][ 99]LogWorld: Bringing up level for play took: 0.002924
[2015.12.17-22.29.59:202][ 99]PIE: Info Play in editor start time for /Game/StarterContent/Maps/UEDPIE_0_Minimal_Default 1.081
[2015.12.17-22.29.59:202][ 99]LogBlueprintUserMessages: Late PlayInEditor Detection: Level '/Game/StarterContent/Maps/Minimal_Default.Minimal_Default:PersistentLevel' has LevelScriptBlueprint '/Game/StarterContent/Maps/Minimal_Default.Minimal_Default:PersistentLevel.Minimal_Default' with GeneratedClass '/Game/StarterContent/Maps/Minimal_Default.Minimal_Default_C' with ClassGeneratedBy '/Game/StarterContent/Maps/Minimal_Default.Minimal_Default:PersistentLevel.Minimal_Default'
[2015.12.17-22.30.07:398][819]LogBlueprintUserMessages: Early EndPlayMap Detection: Level '/Game/StarterContent/Maps/Minimal_Default.Minimal_Default:PersistentLevel' has LevelScriptBlueprint '/Game/StarterContent/Maps/Minimal_Default.Minimal_Default:PersistentLevel.Minimal_Default' with GeneratedClass '/Game/StarterContent/Maps/Minimal_Default.Minimal_Default_C' with ClassGeneratedBy '/Game/StarterContent/Maps/Minimal_Default.Minimal_Default:PersistentLevel.Minimal_Default'
[2015.12.17-22.30.07:444][819]LogBlueprintUserMessages: Late EndPlayMap Detection: Level '/Game/StarterContent/Maps/Minimal_Default.Minimal_Default:PersistentLevel' has LevelScriptBlueprint '/Game/StarterContent/Maps/Minimal_Default.Minimal_Default:PersistentLevel.Minimal_Default' with GeneratedClass '/Game/StarterContent/Maps/Minimal_Default.Minimal_Default_C' with ClassGeneratedBy '/Game/StarterContent/Maps/Minimal_Default.Minimal_Default:PersistentLevel.Minimal_Default'
[2015.12.17-22.30.07:481][819]LogParticles: Destroying 0 GPU particle simulations for FXSystem 0x000001CFB3D15080
[2015.12.17-22.33.38:184][740]LogActorComponent: UnregisterComponent: (/Engine/Transient.CharMoveComp) Not registered. Aborting.
[2015.12.17-22.33.43:576][112]LogActorComponent: UnregisterComponent: (/Engine/Transient.CharacterMovementComponent_20) Not registered. Aborting.
[2015.12.17-22.33.52:210][711]LogActorComponent: UnregisterComponent: (/Engine/Transient.CharacterMovementComponent_21) Not registered. Aborting.
[2015.12.17-22.35.45:775][886]LogActorComponent: UnregisterComponent: (/Engine/Transient.CharacterMovementComponent_22) Not registered. Aborting.
[2015.12.17-22.35.47:603][ 16]BlueprintLog: New page: Compile MyCharacter
[2015.12.17-22.35.47:667][ 16]LogActorComponent: UnregisterComponent: (/Engine/Transient.CharacterMovementComponent_23) Not registered. Aborting.
[2015.12.17-22.35.47:710][ 16]BlueprintEditorCompileResults: Info [3410.72] Compile of MyCharacter successful! [in 107 ms]
[2015.12.17-22.35.48:874][ 89]LogSavePackage: Save=85.387207ms
[2015.12.17-22.35.48:874][ 89]LogSavePackage: Moving '../../../../../../Users/3DJoe/Documents/Unreal Projects/MyProject5/Saved/MyCharacter3C981D9A425802096D35E5A9A9F28E5E.tmp' to '../../../../../../Users/3DJoe/Documents/Unreal Projects/MyProject5/Content/StarterContent/Character/MyCharacter.uasset'
[2015.12.17-22.35.48:877][ 89]LogSavePackage: Total save time: 95.392890ms
[2015.12.17-22.35.48:877][ 89]LogSavePackage:Display: Finished SavePackage ../../../../../../Users/3DJoe/Documents/Unreal Projects/MyProject5/Content/StarterContent/Character/MyCharacter.uasset
[2015.12.17-22.35.58:685][794]LogActorComponent: UnregisterComponent: (/Engine/Transient.CharMoveComp) Not registered. Aborting.
[2015.12.17-22.36.04:507][204]LogActorComponent: UnregisterComponent: (/Engine/Transient.CharacterMovementComponent_24) Not registered. Aborting.
[2015.12.17-22.36.17:620][142]LogActorComponent: UnregisterComponent: (/Engine/Transient.CharacterMovementComponent_25) Not registered. Aborting.
[2015.12.17-22.36.22:913][518]BlueprintLog: New page: Compile MyCharacter
[2015.12.17-22.36.22:973][518]LogActorComponent: UnregisterComponent: (/Engine/Transient.CharacterMovementComponent_26) Not registered. Aborting.
[2015.12.17-22.36.23:019][518]BlueprintEditorCompileResults: Info [3446.03] Compile of MyCharacter successful! [in 105 ms]
[2015.12.17-22.36.23:590][546]LogSavePackage: Save=72.733513ms
[2015.12.17-22.36.23:590][546]LogSavePackage: Moving '../../../../../../Users/3DJoe/Documents/Unreal Projects/MyProject5/Saved/MyCharacterA503E054490D90F3A7F95FA9D75A613D.tmp' to '../../../../../../Users/3DJoe/Documents/Unreal Projects/MyProject5/Content/StarterContent/Character/MyCharacter.uasset'
[2015.12.17-22.36.23:593][546]LogSavePackage: Total save time: 78.286145ms
[2015.12.17-22.36.23:593][546]LogSavePackage:Display: Finished SavePackage ../../../../../../Users/3DJoe/Documents/Unreal Projects/MyProject5/Content/StarterContent/Character/MyCharacter.uasset
[2015.12.17-22.37.01:734][120]LogActorComponent: UnregisterComponent: (/Engine/Transient.CharMoveComp) Not registered. Aborting.
[2015.12.17-22.37.02:959][205]LogActorComponent: UnregisterComponent: (/Engine/Transient.CharacterMovementComponent_27) Not registered. Aborting.
[2015.12.17-22.37.04:198][286]LogBlueprintUserMessages: Early PlayInEditor Detection: Level '/Game/StarterContent/Maps/Minimal_Default.Minimal_Default:PersistentLevel' has LevelScriptBlueprint '/Game/StarterContent/Maps/Minimal_Default.Minimal_Default:PersistentLevel.Minimal_Default' with GeneratedClass '/Game/StarterContent/Maps/Minimal_Default.Minimal_Default_C' with ClassGeneratedBy '/Game/StarterContent/Maps/Minimal_Default.Minimal_Default:PersistentLevel.Minimal_Default'
[2015.12.17-22.37.04:198][286]BlueprintLog: New page: Pre-Play auto-recompile
[2015.12.17-22.37.04:200][286]LogActorComponent: UnregisterComponent: (/Engine/Transient.CharacterMovementComponent_28) Not registered. Aborting.
[2015.12.17-22.37.04:207][286]LogPlayLevel: [PlayLevel] Compiling MyCharacter before play...
[2015.12.17-22.37.04:269][286]LogPlayLevel: PlayLevel: Blueprint regeneration took 71 ms (1 blueprints)
[2015.12.17-22.37.04:311][286]PIE: New page: PIE session: Minimal_Default (Dec 17, 2015, 6:37:04 AM)
[2015.12.17-22.37.04:311][286]LogPlayLevel: Creating play world package: /Game/StarterContent/Maps/UEDPIE_0_Minimal_Default
[2015.12.17-22.37.04:321][286]LogPlayLevel: PIE: StaticDuplicateObject took: (0.010681s)
[2015.12.17-22.37.04:323][286]LogAIModule: Creating AISystem for world Minimal_Default
[2015.12.17-22.37.04:323][286]LogPlayLevel: PIE: World Init took: (0.001969s)
[2015.12.17-22.37.04:324][286]LogPlayLevel: PIE: Created PIE world by copying editor world from /Game/StarterContent/Maps/Minimal_Default.Minimal_Default to /Game/StarterContent/Maps/UEDPIE_0_Minimal_Default.Minimal_Default (0.012922s)
[2015.12.17-22.37.04:364][286]LogInit: XAudio2 using 'Realtek Digital Output (Realtek High Definition Audio)' : 2 channels at 48 kHz using 16 bits per sample (channel mask 0x3)
[2015.12.17-22.37.04:373][286]LogInit: FAudioDevice initialized.
[2015.12.17-22.37.04:407][286]LogWorld: Game class is 'MyGame_C'
[2015.12.17-22.37.04:411][286]LogWorld: Bringing World /Game/StarterContent/Maps/UEDPIE_0_Minimal_Default.Minimal_Default up for play (max tick rate 0) at 2015.12.17-14.37.04
[2015.12.17-22.37.04:411][286]LogActor:Warning: GameSession /Game/StarterContent/Maps/UEDPIE_0_Minimal_Default.Minimal_Default:PersistentLevel.GameSession_4 has natively added scene component(s), but none of them were set as the actor's RootComponent - picking one arbitrarily
[2015.12.17-22.37.04:411][286]LogActor:Warning: GameNetworkManager /Game/StarterContent/Maps/UEDPIE_0_Minimal_Default.Minimal_Default:PersistentLevel.GameNetworkManager_5 has natively added scene component(s), but none of them were set as the actor's RootComponent - picking one arbitrarily
[2015.12.17-22.37.04:411][286]LogWorld: Bringing up level for play took: 0.003081
[2015.12.17-22.37.04:414][286]PIE: Info Play in editor start time for /Game/StarterContent/Maps/UEDPIE_0_Minimal_Default 0.294
[2015.12.17-22.37.04:414][286]LogBlueprintUserMessages: Late PlayInEditor Detection: Level '/Game/StarterContent/Maps/Minimal_Default.Minimal_Default:PersistentLevel' has LevelScriptBlueprint '/Game/StarterContent/Maps/Minimal_Default.Minimal_Default:PersistentLevel.Minimal_Default' with GeneratedClass '/Game/StarterContent/Maps/Minimal_Default.Minimal_Default_C' with ClassGeneratedBy '/Game/StarterContent/Maps/Minimal_Default.Minimal_Default:PersistentLevel.Minimal_Default'
[2015.12.17-22.37.09:959][704]LogBlueprintUserMessages: Early EndPlayMap Detection: Level '/Game/StarterContent/Maps/Minimal_Default.Minimal_Default:PersistentLevel' has LevelScriptBlueprint '/Game/StarterContent/Maps/Minimal_Default.Minimal_Default:PersistentLevel.Minimal_Default' with GeneratedClass '/Game/StarterContent/Maps/Minimal_Default.Minimal_Default_C' with ClassGeneratedBy '/Game/StarterContent/Maps/Minimal_Default.Minimal_Default:PersistentLevel.Minimal_Default'
[2015.12.17-22.37.10:008][704]LogBlueprintUserMessages: Late EndPlayMap Detection: Level '/Game/StarterContent/Maps/Minimal_Default.Minimal_Default:PersistentLevel' has LevelScriptBlueprint '/Game/StarterContent/Maps/Minimal_Default.Minimal_Default:PersistentLevel.Minimal_Default' with GeneratedClass '/Game/StarterContent/Maps/Minimal_Default.Minimal_Default_C' with ClassGeneratedBy '/Game/StarterContent/Maps/Minimal_Default.Minimal_Default:PersistentLevel.Minimal_Default'
[2015.12.17-22.37.10:008][704]LogActorComponent: UnregisterComponent: (/Engine/Transient.CharMoveComp) Not registered. Aborting.
[2015.12.17-22.37.10:084][705]LogParticles: Destroying 0 GPU particle simulations for FXSystem 0x000001CF1AB3B4C0
[2015.12.17-22.37.13:054][901]LogBlueprintUserMessages: Early PlayInEditor Detection: Level '/Game/StarterContent/Maps/Minimal_Default.Minimal_Default:PersistentLevel' has LevelScriptBlueprint '/Game/StarterContent/Maps/Minimal_Default.Minimal_Default:PersistentLevel.Minimal_Default' with GeneratedClass '/Game/StarterContent/Maps/Minimal_Default.Minimal_Default_C' with ClassGeneratedBy '/Game/StarterContent/Maps/Minimal_Default.Minimal_Default:PersistentLevel.Minimal_Default'
[2015.12.17-22.37.13:054][901]BlueprintLog: New page: Pre-Play auto-recompile
[2015.12.17-22.37.13:056][901]LogActorComponent: UnregisterComponent: (/Engine/Transient.CharMoveComp) Not registered. Aborting.
[2015.12.17-22.37.13:062][901]LogPlayLevel: [PlayLevel] Compiling MyCharacter before play...
[2015.12.17-22.37.13:128][901]LogPlayLevel: PlayLevel: Blueprint regeneration took 73 ms (1 blueprints)
[2015.12.17-22.37.13:165][901]PIE: New page: PIE session: Minimal_Default (Dec 17, 2015, 6:37:13 AM)
[2015.12.17-22.37.13:165][901]LogPlayLevel: Creating play world package: /Game/StarterContent/Maps/UEDPIE_0_Minimal_Default
[2015.12.17-22.37.13:174][901]LogPlayLevel: PIE: StaticDuplicateObject took: (0.008702s)
[2015.12.17-22.37.13:175][901]LogAIModule: Creating AISystem for world Minimal_Default
[2015.12.17-22.37.13:176][901]LogPlayLevel: PIE: World Init took: (0.001540s)
[2015.12.17-22.37.13:176][901]LogPlayLevel: PIE: Created PIE world by copying editor world from /Game/StarterContent/Maps/Minimal_Default.Minimal_Default to /Game/StarterContent/Maps/UEDPIE_0_Minimal_Default.Minimal_Default (0.010506s)
[2015.12.17-22.37.13:219][901]LogInit: XAudio2 using 'Realtek Digital Output (Realtek High Definition Audio)' : 2 channels at 48 kHz using 16 bits per sample (channel mask 0x3)
[2015.12.17-22.37.13:228][901]LogInit: FAudioDevice initialized.
[2015.12.17-22.37.13:264][901]LogWorld: Game class is 'MyGame_C'
[2015.12.17-22.37.13:268][901]LogWorld: Bringing World /Game/StarterContent/Maps/UEDPIE_0_Minimal_Default.Minimal_Default up for play (max tick rate 0) at 2015.12.17-14.37.13
[2015.12.17-22.37.13:268][901]LogActor:Warning: GameSession /Game/StarterContent/Maps/UEDPIE_0_Minimal_Default.Minimal_Default:PersistentLevel.GameSession_5 has natively added scene component(s), but none of them were set as the actor's RootComponent - picking one arbitrarily
[2015.12.17-22.37.13:268][901]LogActor:Warning: GameNetworkManager /Game/StarterContent/Maps/UEDPIE_0_Minimal_Default.Minimal_Default:PersistentLevel.GameNetworkManager_6 has natively added scene component(s), but none of them were set as the actor's RootComponent - picking one arbitrarily
[2015.12.17-22.37.13:268][901]LogWorld: Bringing up level for play took: 0.003314
[2015.12.17-22.37.13:271][901]PIE: Info Play in editor start time for /Game/StarterContent/Maps/UEDPIE_0_Minimal_Default 1.151
[2015.12.17-22.37.13:271][901]LogBlueprintUserMessages: Late PlayInEditor Detection: Level '/Game/StarterContent/Maps/Minimal_Default.Minimal_Default:PersistentLevel' has LevelScriptBlueprint '/Game/StarterContent/Maps/Minimal_Default.Minimal_Default:PersistentLevel.Minimal_Default' with GeneratedClass '/Game/StarterContent/Maps/Minimal_Default.Minimal_Default_C' with ClassGeneratedBy '/Game/StarterContent/Maps/Minimal_Default.Minimal_Default:PersistentLevel.Minimal_Default'
[2015.12.17-22.37.31:115][157]LogBlueprintUserMessages: Early EndPlayMap Detection: Level '/Game/StarterContent/Maps/Minimal_Default.Minimal_Default:PersistentLevel' has LevelScriptBlueprint '/Game/StarterContent/Maps/Minimal_Default.Minimal_Default:PersistentLevel.Minimal_Default' with GeneratedClass '/Game/StarterContent/Maps/Minimal_Default.Minimal_Default_C' with ClassGeneratedBy '/Game/StarterContent/Maps/Minimal_Default.Minimal_Default:PersistentLevel.Minimal_Default'
[2015.12.17-22.37.31:164][157]LogBlueprintUserMessages: Late EndPlayMap Detection: Level '/Game/StarterContent/Maps/Minimal_Default.Minimal_Default:PersistentLevel' has LevelScriptBlueprint '/Game/StarterContent/Maps/Minimal_Default.Minimal_Default:PersistentLevel.Minimal_Default' with GeneratedClass '/Game/StarterContent/Maps/Minimal_Default.Minimal_Default_C' with ClassGeneratedBy '/Game/StarterContent/Maps/Minimal_Default.Minimal_Default:PersistentLevel.Minimal_Default'
[2015.12.17-22.37.31:164][157]LogActorComponent: UnregisterComponent: (/Engine/Transient.CharMoveComp) Not registered. Aborting.
[2015.12.17-22.37.31:239][158]LogParticles: Destroying 0 GPU particle simulations for FXSystem 0x000001CFF92F0220
[2015.12.17-22.37.34:570][377]LogBlueprintUserMessages: Early PlayInEditor Detection: Level '/Game/StarterContent/Maps/Minimal_Default.Minimal_Default:PersistentLevel' has LevelScriptBlueprint '/Game/StarterContent/Maps/Minimal_Default.Minimal_Default:PersistentLevel.Minimal_Default' with GeneratedClass '/Game/StarterContent/Maps/Minimal_Default.Minimal_Default_C' with ClassGeneratedBy '/Game/StarterContent/Maps/Minimal_Default.Minimal_Default:PersistentLevel.Minimal_Default'
[2015.12.17-22.37.34:570][377]BlueprintLog: New page: Pre-Play auto-recompile
[2015.12.17-22.37.34:572][377]LogActorComponent: UnregisterComponent: (/Engine/Transient.CharMoveComp) Not registered. Aborting.
[2015.12.17-22.37.34:579][377]LogPlayLevel: [PlayLevel] Compiling MyCharacter before play...
[2015.12.17-22.37.34:643][377]LogPlayLevel: PlayLevel: Blueprint regeneration took 73 ms (1 blueprints)
[2015.12.17-22.37.34:686][377]PIE: New page: PIE session: Minimal_Default (Dec 17, 2015, 6:37:34 AM)
[2015.12.17-22.37.34:686][377]LogPlayLevel: Creating play world package: /Game/StarterContent/Maps/UEDPIE_0_Minimal_Default
[2015.12.17-22.37.34:696][377]LogPlayLevel: PIE: StaticDuplicateObject took: (0.009266s)
[2015.12.17-22.37.34:697][377]LogAIModule: Creating AISystem for world Minimal_Default
[2015.12.17-22.37.34:697][377]LogPlayLevel: PIE: World Init took: (0.001764s)
[2015.12.17-22.37.34:698][377]LogPlayLevel: PIE: Created PIE world by copying editor world from /Game/StarterContent/Maps/Minimal_Default.Minimal_Default to /Game/StarterContent/Maps/UEDPIE_0_Minimal_Default.Minimal_Default (0.011283s)
[2015.12.17-22.37.34:740][377]LogInit: XAudio2 using 'Realtek Digital Output (Realtek High Definition Audio)' : 2 channels at 48 kHz using 16 bits per sample (channel mask 0x3)
[2015.12.17-22.37.34:749][377]LogInit: FAudioDevice initialized.
[2015.12.17-22.37.34:787][377]LogWorld: Game class is 'MyGame_C'
[2015.12.17-22.37.34:790][377]LogWorld: Bringing World /Game/StarterContent/Maps/UEDPIE_0_Minimal_Default.Minimal_Default up for play (max tick rate 0) at 2015.12.17-14.37.34
[2015.12.17-22.37.34:791][377]LogActor:Warning: GameSession /Game/StarterContent/Maps/UEDPIE_0_Minimal_Default.Minimal_Default:PersistentLevel.GameSession_6 has natively added scene component(s), but none of them were set as the actor's RootComponent - picking one arbitrarily
[2015.12.17-22.37.34:791][377]LogActor:Warning: GameNetworkManager /Game/StarterContent/Maps/UEDPIE_0_Minimal_Default.Minimal_Default:PersistentLevel.GameNetworkManager_7 has natively added scene component(s), but none of them were set as the actor's RootComponent - picking one arbitrarily
[2015.12.17-22.37.34:791][377]LogWorld: Bringing up level for play took: 0.003016
[2015.12.17-22.37.34:794][377]PIE: Info Play in editor start time for /Game/StarterContent/Maps/UEDPIE_0_Minimal_Default 0.673
[2015.12.17-22.37.34:794][377]LogBlueprintUserMessages: Late PlayInEditor Detection: Level '/Game/StarterContent/Maps/Minimal_Default.Minimal_Default:PersistentLevel' has LevelScriptBlueprint '/Game/StarterContent/Maps/Minimal_Default.Minimal_Default:PersistentLevel.Minimal_Default' with GeneratedClass '/Game/StarterContent/Maps/Minimal_Default.Minimal_Default_C' with ClassGeneratedBy '/Game/StarterContent/Maps/Minimal_Default.Minimal_Default:PersistentLevel.Minimal_Default'
[2015.12.17-22.37.38:477][653]LogBlueprintUserMessages: Early EndPlayMap Detection: Level '/Game/StarterContent/Maps/Minimal_Default.Minimal_Default:PersistentLevel' has LevelScriptBlueprint '/Game/StarterContent/Maps/Minimal_Default.Minimal_Default:PersistentLevel.Minimal_Default' with GeneratedClass '/Game/StarterContent/Maps/Minimal_Default.Minimal_Default_C' with ClassGeneratedBy '/Game/StarterContent/Maps/Minimal_Default.Minimal_Default:PersistentLevel.Minimal_Default'
[2015.12.17-22.37.38:528][653]LogBlueprintUserMessages: Late EndPlayMap Detection: Level '/Game/StarterContent/Maps/Minimal_Default.Minimal_Default:PersistentLevel' has LevelScriptBlueprint '/Game/StarterContent/Maps/Minimal_Default.Minimal_Default:PersistentLevel.Minimal_Default' with GeneratedClass '/Game/StarterContent/Maps/Minimal_Default.Minimal_Default_C' with ClassGeneratedBy '/Game/StarterContent/Maps/Minimal_Default.Minimal_Default:PersistentLevel.Minimal_Default'
[2015.12.17-22.37.38:529][653]LogActorComponent: UnregisterComponent: (/Engine/Transient.CharMoveComp) Not registered. Aborting.
[2015.12.17-22.37.38:602][654]LogParticles: Destroying 0 GPU particle simulations for FXSystem 0x000001CFF9D163E0
[2015.12.17-22.40.03:753][105]LogActorComponent: UnregisterComponent: (/Engine/Transient.CharMoveComp) Not registered. Aborting.
[2015.12.17-22.40.04:036][105]LogSavePackage: Save=231.392517ms
[2015.12.17-22.40.04:036][105]LogSavePackage: Moving '../../../../../../Users/3DJoe/Documents/Unreal Projects/MyProject5/Saved/Minimal_Default054B9C0640F7C18993073E8FB1F794B2.tmp' to '../../../../../../Users/3DJoe/Documents/Unreal Projects/MyProject5/Content/StarterContent/Maps/Minimal_Default.umap'
[2015.12.17-22.40.04:038][105]LogSavePackage: Total save time: 245.349094ms
[2015.12.17-22.40.04:038][105]LogSavePackage:Display: Finished SavePackage ../../../../../../Users/3DJoe/Documents/Unreal Projects/MyProject5/Content/StarterContent/Maps/Minimal_Default.umap
[2015.12.17-22.40.13:233][672]LogBlueprintUserMessages: Early PlayInEditor Detection: Level '/Game/StarterContent/Maps/Minimal_Default.Minimal_Default:PersistentLevel' has LevelScriptBlueprint '/Game/StarterContent/Maps/Minimal_Default.Minimal_Default:PersistentLevel.Minimal_Default' with GeneratedClass '/Game/StarterContent/Maps/Minimal_Default.Minimal_Default_C' with ClassGeneratedBy '/Game/StarterContent/Maps/Minimal_Default.Minimal_Default:PersistentLevel.Minimal_Default'
[2015.12.17-22.40.13:233][672]LogPlayLevel: PlayLevel: No blueprints needed recompiling
[2015.12.17-22.40.13:234][672]PIE: New page: PIE session: Minimal_Default (Dec 17, 2015, 6:40:13 AM)
[2015.12.17-22.40.13:234][672]LogPlayLevel: Creating play world package: /Game/StarterContent/Maps/UEDPIE_0_Minimal_Default
[2015.12.17-22.40.13:243][672]LogPlayLevel: PIE: StaticDuplicateObject took: (0.009307s)
[2015.12.17-22.40.13:244][672]LogAIModule: Creating AISystem for world Minimal_Default
[2015.12.17-22.40.13:245][672]LogPlayLevel: PIE: World Init took: (0.001590s)
[2015.12.17-22.40.13:245][672]LogPlayLevel: PIE: Created PIE world by copying editor world from /Game/StarterContent/Maps/Minimal_Default.Minimal_Default to /Game/StarterContent/Maps/UEDPIE_0_Minimal_Default.Minimal_Default (0.011178s)
[2015.12.17-22.40.13:291][672]LogInit: XAudio2 using 'Realtek Digital Output (Realtek High Definition Audio)' : 2 channels at 48 kHz using 16 bits per sample (channel mask 0x3)
[2015.12.17-22.40.13:301][672]LogInit: FAudioDevice initialized.
[2015.12.17-22.40.13:338][672]LogWorld: Game class is 'MyGame_C'
[2015.12.17-22.40.13:342][672]LogWorld: Bringing World /Game/StarterContent/Maps/UEDPIE_0_Minimal_Default.Minimal_Default up for play (max tick rate 0) at 2015.12.17-14.40.13
[2015.12.17-22.40.13:342][672]LogActor:Warning: GameSession /Game/StarterContent/Maps/UEDPIE_0_Minimal_Default.Minimal_Default:PersistentLevel.GameSession_7 has natively added scene component(s), but none of them were set as the actor's RootComponent - picking one arbitrarily
[2015.12.17-22.40.13:342][672]LogActor:Warning: GameNetworkManager /Game/StarterContent/Maps/UEDPIE_0_Minimal_Default.Minimal_Default:PersistentLevel.GameNetworkManager_8 has natively added scene component(s), but none of them were set as the actor's RootComponent - picking one arbitrarily
[2015.12.17-22.40.13:342][672]LogWorld: Bringing up level for play took: 0.003127
[2015.12.17-22.40.13:345][672]PIE: Info Play in editor start time for /Game/StarterContent/Maps/UEDPIE_0_Minimal_Default -0.776
[2015.12.17-22.40.13:345][672]LogBlueprintUserMessages: Late PlayInEditor Detection: Level '/Game/StarterContent/Maps/Minimal_Default.Minimal_Default:PersistentLevel' has LevelScriptBlueprint '/Game/StarterContent/Maps/Minimal_Default.Minimal_Default:PersistentLevel.Minimal_Default' with GeneratedClass '/Game/StarterContent/Maps/Minimal_Default.Minimal_Default_C' with ClassGeneratedBy '/Game/StarterContent/Maps/Minimal_Default.Minimal_Default:PersistentLevel.Minimal_Default'
[2015.12.17-22.40.21:964][246]LogBlueprintUserMessages: Early EndPlayMap Detection: Level '/Game/StarterContent/Maps/Minimal_Default.Minimal_Default:PersistentLevel' has LevelScriptBlueprint '/Game/StarterContent/Maps/Minimal_Default.Minimal_Default:PersistentLevel.Minimal_Default' with GeneratedClass '/Game/StarterContent/Maps/Minimal_Default.Minimal_Default_C' with ClassGeneratedBy '/Game/StarterContent/Maps/Minimal_Default.Minimal_Default:PersistentLevel.Minimal_Default'
[2015.12.17-22.40.22:015][246]LogBlueprintUserMessages: Late EndPlayMap Detection: Level '/Game/StarterContent/Maps/Minimal_Default.Minimal_Default:PersistentLevel' has LevelScriptBlueprint '/Game/StarterContent/Maps/Minimal_Default.Minimal_Default:PersistentLevel.Minimal_Default' with GeneratedClass '/Game/StarterContent/Maps/Minimal_Default.Minimal_Default_C' with ClassGeneratedBy '/Game/StarterContent/Maps/Minimal_Default.Minimal_Default:PersistentLevel.Minimal_Default'
[2015.12.17-22.40.22:051][246]LogParticles: Destroying 0 GPU particle simulations for FXSystem 0x000001CFC3719940
[2015.12.17-22.41.35:077][383]LogActorComponent: UnregisterComponent: (/Engine/Transient.CharMoveComp) Not registered. Aborting.
[2015.12.17-22.41.36:718][383]LogSavePackage: Save=73.243546ms
[2015.12.17-22.41.36:718][383]LogSavePackage: Moving '../../../../../../Users/3DJoe/Documents/Unreal Projects/MyProject5/Saved/MyCharacterB3C1248840C9FC526F0657902D71A22F.tmp' to '../../../../../../Users/3DJoe/Documents/Unreal Projects/MyProject5/Content/StarterContent/Character/MyCharacter.uasset'
[2015.12.17-22.41.36:721][383]LogSavePackage: Total save time: 83.854791ms
[2015.12.17-22.41.36:721][383]LogSavePackage:Display: Finished SavePackage ../../../../../../Users/3DJoe/Documents/Unreal Projects/MyProject5/Content/StarterContent/Character/MyCharacter.uasset
[2015.12.17-22.41.37:030][383]LogActorComponent: UnregisterComponent: (/Engine/Transient.EditorFloorComp) Not registered. Aborting.
[2015.12.17-22.41.37:086][383]LogWindowsTextInputMethodSystem:Display: IME system now deactivated.
[2015.12.17-22.41.37:343][384]Cmd: QUIT_EDITOR
[2015.12.17-22.41.37:931][384]LogExit: Preparing to exit.
[2015.12.17-22.41.38:353][384]LogExit: Editor shut down
[2015.12.17-22.41.38:354][384]LogExit: Transaction tracking system shut down
[2015.12.17-22.41.38:361][384]LogParticles: Destroying 0 GPU particle simulations for FXSystem 0x000001CF3FFDAA20
[2015.12.17-22.41.38:362][384]LogParticles: Destroying 0 GPU particle simulations for FXSystem 0x000001CF4E2F7880
[2015.12.17-22.41.38:363][384]LogParticles: Destroying 0 GPU particle simulations for FXSystem 0x000001CFC1059E40
[2015.12.17-22.41.38:368][384]LogParticles: Destroying 0 GPU particle simulations for FXSystem 0x000001CF6C073740
[2015.12.17-22.41.38:372][384]LogParticles: Destroying 0 GPU particle simulations for FXSystem 0x000001CF6C0731A0
[2015.12.17-22.41.38:373][384]LogParticles: Destroying 0 GPU particle simulations for FXSystem 0x000001CFACBB5B20
[2015.12.17-22.41.38:375][384]LogParticles: Destroying 0 GPU particle simulations for FXSystem 0x000001CF6C6E0EA0
[2015.12.17-22.41.38:378][384]LogParticles: Destroying 0 GPU particle simulations for FXSystem 0x000001CF6D37BCE0
[2015.12.17-22.41.38:378][384]LogParticles: Destroying 0 GPU particle simulations for FXSystem 0x000001CF7C4E32E0
[2015.12.17-22.41.38:383][384]LogParticles: Destroying 0 GPU particle simulations for FXSystem 0x000001CF78147920
[2015.12.17-22.41.38:389][384]LogParticles: Destroying 0 GPU particle simulations for FXSystem 0x000001CF354D4E00
[2015.12.17-22.41.38:389][384]LogParticles: Destroying 0 GPU particle simulations for FXSystem 0x000001CF414D72E0
[2015.12.17-22.41.38:733][384]LogExit: Object subsystem successfully closed.
[2015.12.17-22.41.38:759][384]LogD3D11RHI: Shutdown
[2015.12.17-22.41.38:759][384]LogD3D11RHI: CleanupD3DDevice
[2015.12.17-22.41.38:871][384]LogD3D11RHI: ~FD3D11DynamicRHI
[2015.12.17-22.41.38:894][384]LogModuleManager: Shutting down and abandoning module ExternalImagePicker (201)
[2015.12.17-22.41.38:894][384]LogModuleManager: Shutting down and abandoning module CookingStats (200)
[2015.12.17-22.41.38:894][384]LogModuleManager: Shutting down and abandoning module BlueprintGraph (199)
[2015.12.17-22.41.38:894][384]LogModuleManager: Shutting down and abandoning module CrashTracker (198)
[2015.12.17-22.41.38:894][384]LogModuleManager: Shutting down and abandoning module SceneOutliner (197)
[2015.12.17-22.41.38:894][384]LogModuleManager: Shutting down and abandoning module SuperSearch (196)
[2015.12.17-22.41.38:894][384]LogModuleManager: Shutting down and abandoning module WidgetCarousel (195)
[2015.12.17-22.41.38:894][384]LogModuleManager: Shutting down and abandoning module AddContentDialog (194)
[2015.12.17-22.41.38:904][384]LogModuleManager: Shutting down and abandoning module EditorWidgets (193)
[2015.12.17-22.41.38:904][384]LogModuleManager: Shutting down and abandoning module CollectionManager (192)
[2015.12.17-22.41.38:905][384]LogModuleManager: Shutting down and abandoning module StatsViewer (191)
[2015.12.17-22.41.38:905][384]LogModuleManager: Shutting down and abandoning module FoliageEdit (190)
[2015.12.17-22.41.38:905][384]LogModuleManager: Shutting down and abandoning module LandscapeEditor (189)
[2015.12.17-22.41.38:905][384]LogModuleManager: Shutting down and abandoning module ActorPickerMode (188)
[2015.12.17-22.41.38:905][384]LogModuleManager: Shutting down and abandoning module GeometryMode (187)
[2015.12.17-22.41.38:905][384]LogModuleManager: Shutting down and abandoning module TextureAlignMode (186)
[2015.12.17-22.41.38:905][384]LogModuleManager: Shutting down and abandoning module BspMode (185)
[2015.12.17-22.41.38:905][384]LogModuleManager: Shutting down and abandoning module PlacementMode (184)
[2015.12.17-22.41.38:905][384]LogModuleManager: Shutting down and abandoning module AutomationWorker (183)
[2015.12.17-22.41.38:905][384]LogModuleManager: Shutting down and abandoning module CharacterAI (182)
[2015.12.17-22.41.38:905][384]LogModuleManager: Shutting down and abandoning module SmartSnapping (181)
[2015.12.17-22.41.38:905][384]LogModuleManager: Shutting down and abandoning module ViewportSnapping (180)
[2015.12.17-22.41.38:905][384]LogModuleManager: Shutting down and abandoning module LogVisualizer (179)
[2015.12.17-22.41.38:905][384]LogModuleManager: Shutting down and abandoning module GameProjectGeneration (178)
[2015.12.17-22.41.38:905][384]LogModuleManager: Shutting down and abandoning module IntroTutorials (177)
[2015.12.17-22.41.38:906][384]LogModuleManager: Shutting down and abandoning module EditorLiveStreaming (176)
[2015.12.17-22.41.38:906][384]LogModuleManager: Shutting down and abandoning module IOSPlatformEditor (175)
[2015.12.17-22.41.38:906][384]LogModuleManager: Shutting down and abandoning module HTML5PlatformEditor (174)
[2015.12.17-22.41.38:906][384]LogModuleManager: Shutting down and abandoning module AndroidDeviceDetection (173)
[2015.12.17-22.41.39:642][384]LogModuleManager: Shutting down and abandoning module AndroidPlatformEditor (172)
[2015.12.17-22.41.39:642][384]LogModuleManager: Shutting down and abandoning module IOSRuntimeSettings (171)
[2015.12.17-22.41.39:642][384]LogModuleManager: Shutting down and abandoning module AndroidRuntimeSettings (170)
[2015.12.17-22.41.39:642][384]LogModuleManager: Shutting down and abandoning module MergeActors (169)
[2015.12.17-22.41.39:642][384]LogModuleManager: Shutting down and abandoning module SizeMap (168)
[2015.12.17-22.41.39:642][384]LogModuleManager: Shutting down and abandoning module TreeMap (167)
[2015.12.17-22.41.39:643][384]LogModuleManager: Shutting down and abandoning module ReferenceViewer (166)
[2015.12.17-22.41.39:643][384]LogModuleManager: Shutting down and abandoning module LocalizationService (165)
[2015.12.17-22.41.39:643][384]LogModuleManager: Shutting down and abandoning module LocalizationDashboard (164)
[2015.12.17-22.41.39:643][384]LogModuleManager: Shutting down and abandoning module HardwareTargeting (163)
[2015.12.17-22.41.39:643][384]LogModuleManager: Shutting down and abandoning module DeviceProfileEditor (162)
[2015.12.17-22.41.39:643][384]LogModuleManager: Shutting down and abandoning module UndoHistory (161)
[2015.12.17-22.41.39:643][384]LogModuleManager: Shutting down and abandoning module GameplayTagsEditor (160)
[2015.12.17-22.41.39:643][384]LogModuleManager: Shutting down and abandoning module UserFeedback (159)
[2015.12.17-22.41.39:643][384]LogModuleManager: Shutting down and abandoning module XmlParser (158)
[2015.12.17-22.41.39:643][384]LogModuleManager: Shutting down and abandoning module Blutility (157)
[2015.12.17-22.41.39:643][384]LogModuleManager: Shutting down and abandoning module ProjectTargetPlatformEditor (156)
[2015.12.17-22.41.39:643][384]LogModuleManager: Shutting down and abandoning module ProjectSettingsViewer (155)
[2015.12.17-22.41.39:643][384]LogModuleManager: Shutting down and abandoning module InputBindingEditor (154)
[2015.12.17-22.41.39:643][384]LogModuleManager: Shutting down and abandoning module EditorSettingsViewer (153)
[2015.12.17-22.41.39:643][384]LogModuleManager: Shutting down and abandoning module SettingsEditor (152)
[2015.12.17-22.41.39:644][384]LogModuleManager: Shutting down and abandoning module ProjectLauncher (151)
[2015.12.17-22.41.39:644][384]LogModuleManager: Shutting down and abandoning module SessionFrontend (150)
[2015.12.17-22.41.39:644][384]LogModuleManager: Shutting down and abandoning module ProfilerClient (149)
[2015.12.17-22.41.39:644][384]LogModuleManager: Shutting down and abandoning module TargetDeviceServices (148)
[2015.12.17-22.41.39:644][384]LogModuleManager: Shutting down and abandoning module DeviceManager (147)
[2015.12.17-22.41.39:644][384]LogModuleManager: Shutting down and abandoning module AutomationController (146)
[2015.12.17-22.41.39:644][384]LogModuleManager: Shutting down and abandoning module AutomationWindow (145)
[2015.12.17-22.41.39:644][384]LogModuleManager: Shutting down and abandoning module Layers (144)
[2015.12.17-22.41.39:644][384]LogModuleManager: Shutting down and abandoning module ComponentVisualizers (143)
[2015.12.17-22.41.39:644][384]LogModuleManager: Shutting down and abandoning module DetailCustomizations (142)
[2015.12.17-22.41.39:644][384]LogModuleManager: Shutting down and abandoning module PackagesDialog (141)
[2015.12.17-22.41.39:645][384]LogModuleManager: Shutting down and abandoning module Persona (140)
[2015.12.17-22.41.39:645][384]LogModuleManager: Shutting down and abandoning module Kismet (139)
[2015.12.17-22.41.39:645][384]LogModuleManager: Shutting down and abandoning module GraphEditor (138)
[2015.12.17-22.41.39:645][384]LogModuleManager: Shutting down and abandoning module ClassViewer (137)
[2015.12.17-22.41.39:647][384]LogModuleManager: Shutting down and abandoning module Toolbox (136)
[2015.12.17-22.41.39:647][384]LogModuleManager: Shutting down and abandoning module ModuleUI (135)
[2015.12.17-22.41.39:647][384]LogModuleManager: Shutting down and abandoning module MovieSceneTools (134)
[2015.12.17-22.41.39:647][384]LogModuleManager: Shutting down and abandoning module OutputLog (133)
[2015.12.17-22.41.39:647][384]LogModuleManager: Shutting down and abandoning module GammaUI (132)
[2015.12.17-22.41.39:647][384]LogModuleManager: Shutting down and abandoning module Documentation (131)
[2015.12.17-22.41.39:648][384]LogModuleManager: Shutting down and abandoning module GameLiveStreaming (130)
[2015.12.17-22.41.39:648][384]LogModuleManager: Shutting down and abandoning module StreamingPauseRendering (129)
[2015.12.17-22.41.39:648][384]LogModuleManager: Shutting down and abandoning module AnalyticsET (128)
[2015.12.17-22.41.39:648][384]LogModuleManager: Shutting down and abandoning module Analytics (127)
[2015.12.17-22.41.39:648][384]LogModuleManager: Shutting down and abandoning module AITestSuite (126)
[2015.12.17-22.41.39:648][384]LogModuleManager: Shutting down and abandoning module GameplayDebugger (125)
[2015.12.17-22.41.39:648][384]LogModuleManager: Shutting down and abandoning module AIModule (124)
[2015.12.17-22.41.39:648][384]LogModuleManager: Shutting down and abandoning module ProfilerService (123)
[2015.12.17-22.41.39:789][384]LogModuleManager: Shutting down and abandoning module TaskGraph (122)
[2015.12.17-22.41.39:789][384]LogModuleManager: Shutting down and abandoning module SlateRemote (121)
[2015.12.17-22.41.39:789][384]LogModuleManager: Shutting down and abandoning module SteamVRController (120)
[2015.12.17-22.41.39:789][384]LogModuleManager: Shutting down and abandoning module SteamVR (119)
[2015.12.17-22.41.39:789][384]LogModuleManager: Shutting down and abandoning module ProceduralMeshComponent (118)
[2015.12.17-22.41.39:789][384]LogModuleManager: Shutting down and abandoning module OculusLibrary (117)
[2015.12.17-22.41.39:789][384]LogModuleManager: Shutting down and abandoning module OculusInput (116)
[2015.12.17-22.41.39:789][384]LogModuleManager: Shutting down and abandoning module LeapMotionController (115)
[2015.12.17-22.41.39:808][384]LogModuleManager: Shutting down and abandoning module CustomMeshComponent (114)
[2015.12.17-22.41.39:808][384]LogModuleManager: Shutting down and abandoning module CableComponent (113)
[2015.12.17-22.41.39:808][384]LogModuleManager: Shutting down and abandoning module ArchVisCharacter (112)
[2015.12.17-22.41.39:808][384]LogModuleManager: Shutting down and abandoning module MessagingDebugger (111)
[2015.12.17-22.41.39:809][384]LogModuleManager: Shutting down and abandoning module MediaPlayerEditor (110)
[2015.12.17-22.41.39:809][384]LogModuleManager: Shutting down and abandoning module HTML5Networking (109)
[2015.12.17-22.41.39:809][384]LogModuleManager: Shutting down and abandoning module SpeedTreeImporter (108)
[2015.12.17-22.41.39:809][384]LogModuleManager: Shutting down and abandoning module PluginBrowser (107)
[2015.12.17-22.41.39:809][384]LogModuleManager: Shutting down and abandoning module EpicSurvey (106)
[2015.12.17-22.41.39:809][384]LogModuleManager: Shutting down and abandoning module DesktopPlatform (105)
[2015.12.17-22.41.39:809][384]LogModuleManager: Shutting down and abandoning module VisualStudioSourceCodeAccess (104)
[2015.12.17-22.41.39:809][384]LogModuleManager: Shutting down and abandoning module UObjectPlugin (103)
[2015.12.17-22.41.39:809][384]LogModuleManager: Shutting down and abandoning module SubversionSourceControl (102)
[2015.12.17-22.41.39:809][384]LogModuleManager: Shutting down and abandoning module PerforceSourceControl (101)
[2015.12.17-22.41.39:809][384]LogModuleManager: Shutting down and abandoning module SourceControl (100)
[2015.12.17-22.41.39:809][384]LogModuleManager: Shutting down and abandoning module GitSourceControl (99)
[2015.12.17-22.41.39:809][384]LogModuleManager: Shutting down and abandoning module LightPropagationVolumeEditor (98)
[2015.12.17-22.41.39:809][384]LogModuleManager: Shutting down and abandoning module PaperTiledImporter (97)
[2015.12.17-22.41.39:809][384]LogModuleManager: Shutting down and abandoning module PaperSpriteSheetImporter (96)
[2015.12.17-22.41.39:809][384]LogModuleManager: Shutting down and abandoning module MeshPaint (95)
[2015.12.17-22.41.39:809][384]LogModuleManager: Shutting down and abandoning module SlateReflector (94)
[2015.12.17-22.41.39:809][384]LogModuleManager: Shutting down and abandoning module HotReload (93)
[2015.12.17-22.41.39:809][384]LogModuleManager: Shutting down and abandoning module MainFrame (92)
[2015.12.17-22.41.39:809][384]LogModuleManager: Shutting down and abandoning module LevelEditor (91)
[2015.12.17-22.41.39:811][384]LogModuleManager: Shutting down and abandoning module DirectoryWatcher (90)
[2015.12.17-22.41.39:818][384]LogModuleManager: Shutting down and abandoning module AssetRegistry (89)
[2015.12.17-22.41.39:978][384]LogModuleManager: Shutting down and abandoning module ContentBrowser (88)
[2015.12.17-22.41.39:980][384]LogModuleManager: Shutting down and abandoning module Paper2DEditor (87)
[2015.12.17-22.41.39:980][384]LogModuleManager: Shutting down and abandoning module UdpMessaging (86)
[2015.12.17-22.41.40:081][384]LogModuleManager: Shutting down and abandoning module LightPropagationVolumeRuntime (85)
[2015.12.17-22.41.40:081][384]LogModuleManager: Shutting down and abandoning module Paper2D (84)
[2015.12.17-22.41.40:081][384]LogModuleManager: Shutting down and abandoning module WindowsMoviePlayer (83)
[2015.12.17-22.41.40:091][384]LogModuleManager: Shutting down and abandoning module Media (82)
[2015.12.17-22.41.40:091][384]LogModuleManager: Shutting down and abandoning module WmfMedia (81)
[2015.12.17-22.41.40:092][384]LogModuleManager: Shutting down and abandoning module OnlineBlueprintSupport (80)
[2015.12.17-22.41.40:092][384]LogModuleManager: Shutting down and abandoning module GameplayTasksEditor (79)
[2015.12.17-22.41.40:092][384]LogModuleManager: Shutting down and abandoning module PropertyEditor (78)
[2015.12.17-22.41.40:092][384]LogModuleManager: Shutting down and abandoning module BehaviorTreeEditor (77)
[2015.12.17-22.41.40:092][384]LogModuleManager: Shutting down and abandoning module FunctionalTesting (76)
[2015.12.17-22.41.40:092][384]LogModuleManager: Shutting down and abandoning module CollisionAnalyzer (75)
[2015.12.17-22.41.40:092][384]LogModuleManager: Shutting down and abandoning module WorkspaceMenuStructure (74)
[2015.12.17-22.41.40:092][384]LogModuleManager: Shutting down and abandoning module MessageLog (73)
[2015.12.17-22.41.40:092][384]LogModuleManager: Shutting down and abandoning module Sequencer (72)
[2015.12.17-22.41.40:093][384]LogModuleManager: Shutting down and abandoning module AssetTools (71)
[2015.12.17-22.41.40:093][384]LogModuleManager: Shutting down and abandoning module UMGEditor (70)
[2015.12.17-22.41.40:093][384]LogModuleManager: Shutting down and abandoning module UMG (69)
[2015.12.17-22.41.40:093][384]LogModuleManager: Shutting down and abandoning module Slate (68)
[2015.12.17-22.41.40:093][384]LogModuleManager: Shutting down and abandoning module EditorStyle (67)
[2015.12.17-22.41.40:101][384]LogModuleManager: Shutting down and abandoning module SessionServices (66)
[2015.12.17-22.41.40:101][384]LogModuleManager: Shutting down and abandoning module SourceCodeAccess (65)
[2015.12.17-22.41.40:101][384]LogModuleManager: Shutting down and abandoning module HeadMountedDisplay (64)
[2015.12.17-22.41.40:101][384]LogModuleManager: Shutting down and abandoning module XAudio2 (63)
[2015.12.17-22.41.40:101][384]LogModuleManager: Shutting down and abandoning module Networking (61)
[2015.12.17-22.41.40:101][384]LogModuleManager: Shutting down and abandoning module Core (60)
[2015.12.17-22.41.40:101][384]LogModuleManager: Shutting down and abandoning module KismetCompiler (59)
[2015.12.17-22.41.40:101][384]LogModuleManager: Shutting down and abandoning module PhysXFormats (58)
[2015.12.17-22.41.40:101][384]LogModuleManager: Shutting down and abandoning module MeshUtilities (57)
[2015.12.17-22.41.40:102][384]LogModuleManager: Shutting down and abandoning module DerivedDataCache (56)
[2015.12.17-22.41.40:124][384]LogDerivedDataCache: Shutdown
[2015.12.17-22.41.40:124][384]LogModuleManager: Shutting down and abandoning module ShaderFormatOpenGL (55)
[2015.12.17-22.41.40:124][384]LogModuleManager: Shutting down and abandoning module ShaderFormatD3D (54)
[2015.12.17-22.41.40:124][384]LogModuleManager: Shutting down and abandoning module MetalShaderFormat (53)
[2015.12.17-22.41.40:124][384]LogModuleManager: Shutting down and abandoning module TextureFormatUncompressed (52)
[2015.12.17-22.41.40:124][384]LogModuleManager: Shutting down and abandoning module TextureFormatPVR (51)
[2015.12.17-22.41.40:124][384]LogModuleManager: Shutting down and abandoning module TextureFormatIntelISPCTexComp (50)
[2015.12.17-22.41.40:124][384]LogModuleManager: Shutting down and abandoning module TextureFormatDXT (49)
[2015.12.17-22.41.40:124][384]LogModuleManager: Shutting down and abandoning module ImageWrapper (48)
[2015.12.17-22.41.40:124][384]LogModuleManager: Shutting down and abandoning module TextureFormatASTC (47)
[2015.12.17-22.41.40:124][384]LogModuleManager: Shutting down and abandoning module TextureFormatAndroid (46)
[2015.12.17-22.41.40:124][384]LogModuleManager: Shutting down and abandoning module AudioFormatOpus (45)
[2015.12.17-22.41.40:124][384]LogModuleManager: Shutting down and abandoning module AudioFormatOgg (44)
[2015.12.17-22.41.40:124][384]LogModuleManager: Shutting down and abandoning module AudioFormatADPCM (43)
[2015.12.17-22.41.40:124][384]LogModuleManager: Shutting down and abandoning module LinuxTargetPlatform (42)
[2015.12.17-22.41.40:125][384]LogModuleManager: Shutting down and abandoning module LinuxServerTargetPlatform (41)
[2015.12.17-22.41.40:125][384]LogModuleManager: Shutting down and abandoning module LinuxNoEditorTargetPlatform (40)
[2015.12.17-22.41.40:125][384]LogModuleManager: Shutting down and abandoning module Messaging (39)
[2015.12.17-22.41.40:125][384]LogModuleManager: Shutting down and abandoning module IOSTargetPlatform (38)
[2015.12.17-22.41.40:125][384]LogModuleManager: Shutting down and abandoning module HTML5TargetPlatform (37)
[2015.12.17-22.41.40:125][384]LogModuleManager: Shutting down and abandoning module Android_PVRTCTargetPlatform (36)
[2015.12.17-22.41.40:125][384]LogModuleManager: Shutting down and abandoning module Android_MultiTargetPlatform (35)
[2015.12.17-22.41.40:125][384]LogModuleManager: Shutting down and abandoning module Android_ETC2TargetPlatform (34)
[2015.12.17-22.41.40:125][384]LogModuleManager: Shutting down and abandoning module Android_ETC1TargetPlatform (33)
[2015.12.17-22.41.40:125][384]LogModuleManager: Shutting down and abandoning module Android_DXTTargetPlatform (32)
[2015.12.17-22.41.40:126][384]LogModuleManager: Shutting down and abandoning module Android_ATCTargetPlatform (31)
[2015.12.17-22.41.40:126][384]LogModuleManager: Shutting down and abandoning module Android_ASTCTargetPlatform (30)
[2015.12.17-22.41.40:126][384]LogModuleManager: Shutting down and abandoning module AndroidTargetPlatform (29)
[2015.12.17-22.41.40:126][384]LogModuleManager: Shutting down and abandoning module WindowsTargetPlatform (28)
[2015.12.17-22.41.40:126][384]LogModuleManager: Shutting down and abandoning module WindowsServerTargetPlatform (27)
[2015.12.17-22.41.40:126][384]LogModuleManager: Shutting down and abandoning module WindowsNoEditorTargetPlatform (26)
[2015.12.17-22.41.40:127][384]LogModuleManager: Shutting down and abandoning module WindowsClientTargetPlatform (25)
[2015.12.17-22.41.40:127][384]LogModuleManager: Shutting down and abandoning module AllDesktopTargetPlatform (24)
[2015.12.17-22.41.40:127][384]LogModuleManager: Shutting down and abandoning module TargetPlatform (23)
[2015.12.17-22.41.40:128][384]LogModuleManager: Shutting down and abandoning module InputCore (22)
[2015.12.17-22.41.40:128][384]LogModuleManager: Shutting down and abandoning module Settings (21)
[2015.12.17-22.41.40:128][384]LogModuleManager: Shutting down and abandoning module OnlineSubsystem (19)
[2015.12.17-22.41.40:128][384]LogModuleManager: Shutting down and abandoning module HTTP (18)
[2015.12.17-22.41.42:131][384]LogModuleManager: Shutting down and abandoning module XMPP (17)
[2015.12.17-22.41.42:131][384]LogModuleManager: Shutting down and abandoning module OculusRift (16)
[2015.12.17-22.41.42:131][384]LogModuleManager: Shutting down and abandoning module ExampleDeviceProfileSelector (15)
[2015.12.17-22.41.42:132][384]LogModuleManager: Shutting down and abandoning module TextureCompressor (14)
[2015.12.17-22.41.42:132][384]LogModuleManager: Shutting down and abandoning module ShaderCore (13)
[2015.12.17-22.41.42:132][384]LogModuleManager: Shutting down and abandoning module Landscape (12)
[2015.12.17-22.41.42:132][384]LogModuleManager: Shutting down and abandoning module SlateRHIRenderer (11)
[2015.12.17-22.41.42:151][384]LogModuleManager: Shutting down and abandoning module OpenGLDrv (10)
[2015.12.17-22.41.42:151][384]LogModuleManager: Shutting down and abandoning module D3D11RHI (9)
[2015.12.17-22.41.42:152][384]LogModuleManager: Shutting down and abandoning module AnimGraphRuntime (8)
[2015.12.17-22.41.42:152][384]LogModuleManager: Shutting down and abandoning module Renderer (7)
[2015.12.17-22.41.42:152][384]LogModuleManager: Shutting down and abandoning module Engine (6)
[2015.12.17-22.41.42:152][384]LogModuleManager: Shutting down and abandoning module CoreUObject (5)
[2015.12.17-22.41.42:152][384]LogModuleManager: Shutting down and abandoning module NetworkFile (4)
[2015.12.17-22.41.42:152][384]LogModuleManager: Shutting down and abandoning module StreamingFile (3)
[2015.12.17-22.41.42:152][384]LogModuleManager: Shutting down and abandoning module SandboxFile (2)
[2015.12.17-22.41.42:152][384]LogModuleManager: Shutting down and abandoning module PakFile (1)
[2015.12.17-22.41.42:154][384]LogExit: Exiting.
[2015.12.17-22.41.42:162][384]Log file closed, 12/17/15 14:41:42
