[2015.12.18-17.09.30:207][  0]Log file open, 12/18/15 09:09:30
[2015.12.18-17.09.30:207][  0]LogInit:Display: Running engine for game: MyProject5
[2015.12.18-17.09.30:207][  0]LogPlatformFile: Not using cached read wrapper
[2015.12.18-17.09.30:207][  0]LogInit:Display: RandInit(-2049627203) SRandInit(-2049627200).
[2015.12.18-17.09.30:207][  0]LogTaskGraph: Started task graph with 4 named threads and 6 total threads.
[2015.12.18-17.09.30:207][  0]LogStats: Stats thread started at 0.109894
[2015.12.18-17.09.30:207][  0]LogInit: Version: 4.10.0-2758231+++depot+UE4-Releases+4.10
[2015.12.18-17.09.30:207][  0]LogInit: API Version: 2758231
[2015.12.18-17.09.30:207][  0]LogInit: Compiled (64-bit): Nov  7 2015 05:13:45
[2015.12.18-17.09.30:207][  0]LogInit: Compiled with Visual C++: 19.00.23026.00
[2015.12.18-17.09.30:207][  0]LogInit: Build Configuration: Development
[2015.12.18-17.09.30:207][  0]LogInit: Branch Name: ++depot+UE4-Releases+4.10
[2015.12.18-17.09.30:207][  0]LogInit: Command line:  /Temp/Autosaves/Game/StarterContent/Maps/UEDPCMinimal_Default -game -PIEVIACONSOLE -ResX=1280 -ResY=720  -Multiprocess -featureleveles2 -faketouches 
[2015.12.18-17.09.30:207][  0]LogInit: Base directory: C:/Program Files (x86)/Epic Games/4.10/Engine/Binaries/Win64/
[2015.12.18-17.09.30:207][  0]LogInit: Rocket: 1
[2015.12.18-17.09.30:218][  0]LogInit: Using libcurl 7.41.0
[2015.12.18-17.09.30:218][  0]LogInit:  - built for x86_64-pc-win32
[2015.12.18-17.09.30:218][  0]LogInit:  - supports SSL with WinSSL
[2015.12.18-17.09.30:218][  0]LogInit:  - other features:
[2015.12.18-17.09.30:218][  0]LogInit:      CURL_VERSION_SSL
[2015.12.18-17.09.30:218][  0]LogInit:      CURL_VERSION_IPV6
[2015.12.18-17.09.30:218][  0]LogInit:      CURL_VERSION_ASYNCHDNS
[2015.12.18-17.09.30:218][  0]LogInit:      CURL_VERSION_LARGEFILE
[2015.12.18-17.09.30:218][  0]LogInit:      CURL_VERSION_IDN
[2015.12.18-17.09.30:218][  0]LogInit:  CurlRequestOptions (configurable via config and command line):
[2015.12.18-17.09.30:218][  0]LogInit:  - bVerifyPeer = true  - Libcurl will verify peer certificate
[2015.12.18-17.09.30:218][  0]LogInit:  - bUseHttpProxy = false  - Libcurl will NOT use HTTP proxy
[2015.12.18-17.09.30:218][  0]LogInit:  - bDontReuseConnections = false  - Libcurl will reuse connections
[2015.12.18-17.09.30:218][  0]LogInit:  - CertBundlePath = nullptr  - Libcurl will use whatever was configured at build time.
[2015.12.18-17.09.30:230][  0]LogInit: Presizing for 0 objects not considered by GC, pre-allocating 0 bytes.
[2015.12.18-17.09.30:242][  0]LogInit: Object subsystem initialized
[2015.12.18-17.09.30:243][  0]LogInit: Selected Device Profile: [Windows]
[2015.12.18-17.09.30:243][  0]LogInit: Applying CVar settings loaded from the selected device profile: [Windows]
[2015.12.18-17.09.30:258][  0]LogInit: Computer: DESKTOP-B87MP3I
[2015.12.18-17.09.30:258][  0]LogInit: User: 3DJoe
[2015.12.18-17.09.30:258][  0]LogInit: CPU Page size=4096, Cores=3
[2015.12.18-17.09.30:258][  0]LogInit: High frequency timer resolution =3.433149 MHz
[2015.12.18-17.09.30:258][  0]LogMemory: Memory total: Physical=8.0GB (8GB approx)
[2015.12.18-17.09.30:258][  0]LogMemory: Platform Memory Stats for Windows
[2015.12.18-17.09.30:258][  0]LogMemory: Process Physical Memory: 55.64 MB used, 55.64 MB peak
[2015.12.18-17.09.30:258][  0]LogMemory: Process Virtual Memory: 57.68 MB used, 57.68 MB peak
[2015.12.18-17.09.30:258][  0]LogMemory: Physical Memory: 4801.63 MB used, 8173.54 MB total
[2015.12.18-17.09.30:258][  0]LogMemory: Virtual Memory: 383.29 MB used, 134217728.00 MB total
[2015.12.18-17.09.30:339][  0]LogTextLocalizationManager: No specific translations for ('en-US') exist, so ('en') translations will be used.
[2015.12.18-17.09.30:960][  0]LogD3D11RHI: Found D3D11 adapter 0: NVIDIA GeForce GTX 960 (Feature Level 11_0)
[2015.12.18-17.09.30:960][  0]LogD3D11RHI: Adapter has 1969MB of dedicated video memory, 0MB of dedicated system memory, and 4086MB of shared system memory, 2 output[s]
[2015.12.18-17.09.30:962][  0]LogD3D11RHI: Found D3D11 adapter 1: Microsoft Basic Render Driver (Feature Level 11_0)
[2015.12.18-17.09.30:962][  0]LogD3D11RHI: Adapter has 0MB of dedicated video memory, 0MB of dedicated system memory, and 4086MB of shared system memory, 0 output[s]
[2015.12.18-17.09.30:962][  0]LogD3D11RHI: Chosen D3D11 Adapter Id = 0
[2015.12.18-17.09.30:968][  0]LogD3D11RHI: !Direct3DDevice
[2015.12.18-17.09.30:968][  0]LogRHI: Texture pool is 1361 MB (70% of 1945 MB)
[2015.12.18-17.09.30:988][  0]LogD3D11RHI: Async texture creation enabled
[2015.12.18-17.09.31:004][  0]LogShaderCompilers: Guid format shader working directory is -20 characters bigger than the processId version (../../../../../../Users/3DJoe/Documents/Unreal Projects/MyProject5/Intermediate/Shaders/WorkingDirectory/6336/).
[2015.12.18-17.09.31:005][  0]LogShaderCompilers: Cleaned the shader compiler working directory 'C:/Users/3DJoe/AppData/Local/Temp/UnrealShaderWorkingDir/3240ACB24B11BE08DC73CDAEF4E0FA8B/'.
[2015.12.18-17.09.31:005][  0]LogShaderCompilers:Display: Using Local Shader Compiler.
[2015.12.18-17.09.32:409][  0]LogTemp:Display: Loaded TP AllDesktopTargetPlatform
[2015.12.18-17.09.32:415][  0]LogTemp:Display: Loaded TP WindowsClientTargetPlatform
[2015.12.18-17.09.32:422][  0]LogTemp:Display: Loaded TP WindowsNoEditorTargetPlatform
[2015.12.18-17.09.32:429][  0]LogTemp:Display: Loaded TP WindowsServerTargetPlatform
[2015.12.18-17.09.32:435][  0]LogTemp:Display: Loaded TP WindowsTargetPlatform
[2015.12.18-17.09.32:441][  0]LogTemp:Display: Loaded TP AndroidTargetPlatform
[2015.12.18-17.09.32:445][  0]LogTemp:Display: Loaded TP Android_ASTCTargetPlatform
[2015.12.18-17.09.32:450][  0]LogTemp:Display: Loaded TP Android_ATCTargetPlatform
[2015.12.18-17.09.32:453][  0]LogTemp:Display: Loaded TP Android_DXTTargetPlatform
[2015.12.18-17.09.32:457][  0]LogTemp:Display: Loaded TP Android_ETC1TargetPlatform
[2015.12.18-17.09.32:461][  0]LogTemp:Display: Loaded TP Android_ETC2TargetPlatform
[2015.12.18-17.09.32:470][  0]LogTemp:Display: Loaded TP Android_MultiTargetPlatform
[2015.12.18-17.09.32:470][  0]LogTemp:Display: Loaded TP Android_PVRTCTargetPlatform
[2015.12.18-17.09.32:470][  0]LogTemp:Display: Loaded TP HTML5TargetPlatform
[2015.12.18-17.09.32:490][  0]LogTemp:Display: Loaded TP IOSTargetPlatform
[2015.12.18-17.09.32:494][  0]LogTemp:Display: Loaded TP LinuxNoEditorTargetPlatform
[2015.12.18-17.09.32:497][  0]LogTemp:Display: Loaded TP LinuxServerTargetPlatform
[2015.12.18-17.09.32:501][  0]LogTemp:Display: Loaded TP LinuxTargetPlatform
[2015.12.18-17.09.32:501][  0]LogTargetPlatformManager:Display: Building Assets For Windows
[2015.12.18-17.09.32:618][  0]LogDerivedDataCache:Display: Max Cache Size: 512 MB
[2015.12.18-17.09.32:977][  0]LogDerivedDataCache: Loaded boot cache 0.36s 41MB C:/Users/3DJoe/AppData/Local/UnrealEngine/4.10/DerivedDataCache/Boot.ddc.
[2015.12.18-17.09.32:977][  0]LogDerivedDataCache:Display: Loaded Boot cache: C:/Users/3DJoe/AppData/Local/UnrealEngine/4.10/DerivedDataCache/Boot.ddc
[2015.12.18-17.09.32:977][  0]LogDerivedDataCache: FDerivedDataBackendGraph:  Pak pak cache file ../../../../../../Users/3DJoe/Documents/Unreal Projects/MyProject5/DerivedDataCache/DDC.ddp not found, will not use a pak cache.
[2015.12.18-17.09.32:977][  0]LogDerivedDataCache: Unable to find inner node Pak for hierarchical cache Hierarchy.
[2015.12.18-17.09.32:977][  0]LogDerivedDataCache: FDerivedDataBackendGraph:  CompressedPak pak cache file ../../../../../../Users/3DJoe/Documents/Unreal Projects/MyProject5/DerivedDataCache/Compressed.ddp not found, will not use a pak cache.
[2015.12.18-17.09.32:977][  0]LogDerivedDataCache: Unable to find inner node CompressedPak for hierarchical cache Hierarchy.
[2015.12.18-17.09.33:053][  0]LogDerivedDataCache:Display: Pak cache opened for reading ../../../Engine/DerivedDataCache/Compressed.ddp.
[2015.12.18-17.09.33:065][  0]LogDerivedDataCache: Using Local data cache path C:/Users/3DJoe/AppData/Local/UnrealEngine/Common/DerivedDataCache: Writable
[2015.12.18-17.09.33:636][  0]LogInit: Selected Device Profile: [Windows]
[2015.12.18-17.09.33:640][  0]LogContentStreaming: Texture pool size is 1000.000000MB
[2015.12.18-17.09.33:691][  0]LogMaterial: Missing cached shader map for material WorldGridMaterial, compiling. Is special engine material.
[2015.12.18-17.11.09:125][  0]LogMaterial: Missing cached shader map for material DefaultDeferredDecalMaterial, compiling. 
[2015.12.18-17.11.09:884][  0]LogMaterial: Missing cached shader map for material DefaultLightFunctionMaterial, compiling. 
[2015.12.18-17.11.10:088][  0]LogMaterial: Missing cached shader map for material DefaultPostProcessMaterial, compiling. 
[2015.12.18-17.11.10:790][  0]LogMaterial: Missing cached shader map for material Widget3DPassThrough, compiling. 
[2015.12.18-17.11.10:808][  0]LogMaterial: Missing cached shader map for material Widget3DPassThrough, compiling. 
[2015.12.18-17.11.10:815][  0]LogMaterial: Missing cached shader map for material Widget3DPassThrough, compiling. 
[2015.12.18-17.11.10:820][  0]LogMaterial: Missing cached shader map for material Widget3DPassThrough, compiling. 
[2015.12.18-17.11.10:844][  0]LogMaterial: Missing cached shader map for material Widget3DPassThrough, compiling. 
[2015.12.18-17.11.10:852][  0]LogMaterial: Missing cached shader map for material Widget3DPassThrough, compiling. 
[2015.12.18-17.11.10:928][  0]LogMeshUtilities: No automatic mesh reduction module available
[2015.12.18-17.11.10:928][  0]LogMeshUtilities: No automatic mesh merging module available
[2015.12.18-17.11.11:016][  0]LogMaterial: Missing cached shader map for material SkySphereMaterial, compiling. 
[2015.12.18-17.11.11:051][  0]LogMaterial: Missing cached shader map for material FloorPlaneMaterial, compiling. 
[2015.12.18-17.11.11:256][  0]LogMaterial: Missing cached shader map for material LandscapeGizmo_Mat, compiling. 
[2015.12.18-17.11.11:286][  0]LogMaterial: Missing cached shader map for material LandscapeGizmoHeight_Mat, compiling. 
[2015.12.18-17.11.11:332][  0]LogMaterial: Missing cached shader map for material SplineEditorMeshMat, compiling. 
[2015.12.18-17.11.11:349][  0]LogMaterial: Missing cached shader map for material MatineeCam_mat, compiling. 
[2015.12.18-17.11.11:407][  0]LogMaterial: Missing cached shader map for material HelpActorMaterial, compiling. 
[2015.12.18-17.11.11:482][  0]LogMaterial: Missing cached shader map for material DefaultTextMaterialOpaque, compiling. 
[2015.12.18-17.11.11:566][  0]LogMaterial: Missing cached shader map for material DefaultMaterial, compiling. 
[2015.12.18-17.11.11:674][  0]LogInit: WinSock: version 1.1 (2.2), MaxSocks=32767, MaxUdp=65467
[2015.12.18-17.11.12:588][  0]LogWindowsMoviePlayer: Unable to load movie: ../../../../../../Users/3DJoe/Documents/Unreal Projects/MyProject5/Content/Movies/Default_Startup.mp4
[2015.12.18-17.11.12:658][  0]LogMaterial: Missing cached shader map for material DefaultSpriteMaterial, compiling. 
[2015.12.18-17.11.12:665][  0]LogMaterial: Missing cached shader map for material DefaultSpriteMaterial, compiling. 
[2015.12.18-17.11.12:787][  0]SourceControl: Info Source control is disabled
[2015.12.18-17.11.12:787][  0]SourceControl: Info Source control is disabled
[2015.12.18-17.11.12:814][  0]SourceControl: Info Source control is disabled
[2015.12.18-17.11.13:045][  0]LogMaterial: Missing cached shader map for material LM_HandColor, compiling. 
[2015.12.18-17.11.13:070][  0]LogMaterial: Missing cached shader map for material LM_PassthroughMaterial, compiling. 
[2015.12.18-17.11.13:250][  0]LogObj: 27935 objects as part of root set at end of initial load.
[2015.12.18-17.11.13:250][  0]LogUObjectAllocator: 5830072 out of 0 bytes used by permanent object pool.
[2015.12.18-17.11.13:323][  0]LogMaterial: Missing cached shader map for material HighResScreenshot, compiling. 
[2015.12.18-17.11.13:340][  0]LogMaterial: Missing cached shader map for material HighResScreenshotMask, compiling. 
[2015.12.18-17.11.13:351][  0]LogMaterial: Missing cached shader map for material HighResScreenshotCaptureRegion, compiling. 
[2015.12.18-17.11.13:390][  0]LogEngine: Initializing Engine...
[2015.12.18-17.11.13:397][  0]LogHMD: Can't find Oculus library dev build: is proper Runtime installed? Version: 0.8.0.0
[2015.12.18-17.11.13:397][  0]LogHMD: SteamVR failed to initialize.  Err: 110
[2015.12.18-17.11.13:413][  0]LogMaterial: Missing cached shader map for material WireframeMaterial, compiling. Is special engine material.
[2015.12.18-17.11.13:436][  0]LogMaterial: Missing cached shader map for material LevelColorationLitMaterial, compiling. Is special engine material.
[2015.12.18-17.11.13:626][  0]LogMaterial: Missing cached shader map for material LevelColorationUnlitMaterial, compiling. Is special engine material.
[2015.12.18-17.11.13:663][  0]LogMaterial: Missing cached shader map for material MAT_LevelColorationLitLightmapUV, compiling. Is special engine material.
[2015.12.18-17.11.13:664][  0]LogMaterial:Warning: Failed to compile Material /Engine/EngineDebugMaterials/MAT_LevelColorationLitLightmapUV.MAT_LevelColorationLitLightmapUV for platform PCD3D_ES2, Default Material will be used in game.
[2015.12.18-17.11.13:664][  0]LogMaterial:Warning: 	(Node LightmapUVs) Node not supported in feature level ES2
[2015.12.18-17.11.13:672][  0]LogMaterial: Missing cached shader map for material ShadedLevelColorationLitMaterial, compiling. Is special engine material.
[2015.12.18-17.11.13:868][  0]LogMaterial: Missing cached shader map for material ShadedLevelColorationUnlitMateri, compiling. Is special engine material.
[2015.12.18-17.11.13:889][  0]LogMaterial: Missing cached shader map for material VertexColorMaterial, compiling. 
[2015.12.18-17.11.13:925][  0]LogMaterial: Missing cached shader map for material VertexColorViewMode_ColorOnly, compiling. 
[2015.12.18-17.11.13:945][  0]LogMaterial: Missing cached shader map for material VertexColorViewMode_AlphaAsColor, compiling. 
[2015.12.18-17.11.13:952][  0]LogMaterial: Missing cached shader map for material VertexColorViewMode_RedOnly, compiling. 
[2015.12.18-17.11.13:966][  0]LogMaterial: Missing cached shader map for material VertexColorViewMode_GreenOnly, compiling. 
[2015.12.18-17.11.13:981][  0]LogMaterial: Missing cached shader map for material VertexColorViewMode_BlueOnly, compiling. 
[2015.12.18-17.11.13:999][  0]LogMaterial: Missing cached shader map for material RemoveSurfaceMaterial, compiling. 
[2015.12.18-17.11.14:004][  0]LogMaterial: Missing cached shader map for material DebugMeshMaterial, compiling. 
[2015.12.18-17.11.14:013][  0]LogMaterial: Missing cached shader map for material M_InvalidLightmapSettings, compiling. 
[2015.12.18-17.11.14:033][  0]LogMaterial: Missing cached shader map for material GizmoMaterial, compiling. 
[2015.12.18-17.11.14:055][  0]LogInit: XAudio2 using 'Realtek Digital Output (Realtek High Definition Audio)' : 2 channels at 48 kHz using 16 bits per sample (channel mask 0x3)
[2015.12.18-17.11.14:073][  0]LogInit: FAudioDevice initialized.
[2015.12.18-17.11.14:095][  0]LogInit: Texture streaming: Enabled
[2015.12.18-17.11.14:098][  0]LogMaterial: Missing cached shader map for material BaseColor, compiling. 
[2015.12.18-17.11.14:104][  0]LogMaterial: Missing cached shader map for material CustomDepth, compiling. 
[2015.12.18-17.11.14:130][  0]LogMaterial: Missing cached shader map for material CustomStencil, compiling. 
[2015.12.18-17.11.14:131][  0]LogMaterial:Warning: Failed to compile Material /Engine/BufferVisualization/CustomStencil.CustomStencil for platform PCD3D_ES2, Default Material will be used in game.
[2015.12.18-17.11.14:131][  0]LogMaterial:Warning: 	(Node SceneTexture) Node not supported in feature level ES2
[2015.12.18-17.11.14:133][  0]LogMaterial: Missing cached shader map for material DecalMask, compiling. 
[2015.12.18-17.11.14:139][  0]LogMaterial: Missing cached shader map for material FinalImage, compiling. 
[2015.12.18-17.11.14:154][  0]LogMaterial: Missing cached shader map for material LightingModel, compiling. 
[2015.12.18-17.11.14:168][  0]LogMaterial: Missing cached shader map for material MaterialAO, compiling. 
[2015.12.18-17.11.14:173][  0]LogMaterial: Missing cached shader map for material Metallic, compiling. 
[2015.12.18-17.11.14:179][  0]LogMaterial: Missing cached shader map for material Opacity, compiling. 
[2015.12.18-17.11.14:184][  0]LogMaterial: Missing cached shader map for material Roughness, compiling. 
[2015.12.18-17.11.14:189][  0]LogMaterial: Missing cached shader map for material SceneColor, compiling. 
[2015.12.18-17.11.14:194][  0]LogMaterial: Missing cached shader map for material SceneDepth, compiling. 
[2015.12.18-17.11.14:198][  0]LogMaterial: Missing cached shader map for material SeparateTranslucencyRGB, compiling. 
[2015.12.18-17.11.14:204][  0]LogMaterial: Missing cached shader map for material SeparateTranslucencyA, compiling. 
[2015.12.18-17.11.14:217][  0]LogMaterial: Missing cached shader map for material Specular, compiling. 
[2015.12.18-17.11.14:223][  0]LogMaterial: Missing cached shader map for material SubsurfaceColor, compiling. 
[2015.12.18-17.11.14:229][  0]LogMaterial: Missing cached shader map for material WorldNormal, compiling. 
[2015.12.18-17.11.14:235][  0]LogMaterial: Missing cached shader map for material AmbientOcclusion, compiling. 
[2015.12.18-17.11.14:242][  0]LogMaterial: Missing cached shader map for material CustomDepthWorldUnits, compiling. 
[2015.12.18-17.11.14:248][  0]LogMaterial: Missing cached shader map for material SceneDepthWorldUnits, compiling. 
[2015.12.18-17.11.14:318][  0]LogNet: Browse: /Temp/Autosaves/Game/StarterContent/Maps/UEDPCMinimal_Default?Name=Player
[2015.12.18-17.11.14:318][  0]LogLoad: LoadMap: /Temp/Autosaves/Game/StarterContent/Maps/UEDPCMinimal_Default?Name=Player
[2015.12.18-17.11.14:355][  0]LogParticles: Destroying 0 GPU particle simulations for FXSystem 0x00000255F4CD4180
[2015.12.18-17.11.14:491][  0]LogMemory: Platform Memory Stats for Windows
[2015.12.18-17.11.14:491][  0]LogMemory: Process Physical Memory: 590.93 MB used, 590.93 MB peak
[2015.12.18-17.11.14:491][  0]LogMemory: Process Virtual Memory: 604.61 MB used, 604.61 MB peak
[2015.12.18-17.11.14:491][  0]LogMemory: Physical Memory: 5390.19 MB used, 8173.54 MB total
[2015.12.18-17.11.14:491][  0]LogMemory: Virtual Memory: 1157.66 MB used, 134217728.00 MB total
[2015.12.18-17.11.14:491][  0]LogMemory: 
[2015.12.18-17.11.14:491][  0]Allocator Stats for TBB: (not implemented)
[2015.12.18-17.11.14:963][  0]LogMaterial: Missing cached shader map for material M_Metal_Copper, compiling. 
[2015.12.18-17.11.15:016][  0]LogMaterial: Missing cached shader map for material M_Metal_Burnished_Steel, compiling. 
[2015.12.18-17.11.15:075][  0]LogMaterial: Missing cached shader map for material M_Metal_Brushed_Nickel, compiling. 
[2015.12.18-17.11.15:137][  0]LogMaterial: Missing cached shader map for material M_Chair, compiling. 
[2015.12.18-17.11.15:191][  0]LogMaterial: Missing cached shader map for material M_StatueGlass, compiling. 
[2015.12.18-17.11.15:341][  0]LogMaterial: Missing cached shader map for material Charater_Parent, compiling. 
[2015.12.18-17.11.15:393][  0]LogMaterial: Missing cached shader map for material M_Sky_Panning_Clouds2, compiling. 
[2015.12.18-17.11.15:418][  0]LogMaterial: Missing cached shader map for material M_Statue, compiling. 
[2015.12.18-17.11.15:447][  0]LogMaterial: Missing cached shader map for material M_TableRound, compiling. 
[2015.12.18-17.11.15:493][  0]LogMaterial: Missing cached shader map for material M_Basic_Floor, compiling. 
[2015.12.18-17.11.15:565][  0]LogAIModule: Creating AISystem for world Minimal_Default
[2015.12.18-17.11.15:566][  0]LogWorld: Game class is 'MyGame_C'
[2015.12.18-17.11.15:570][  0]LogWorld: Bringing World /Temp/Autosaves/Game/StarterContent/Maps/UEDPCMinimal_Default.Minimal_Default up for play (max tick rate 0) at 2015.12.18-09.11.15
[2015.12.18-17.11.15:570][  0]LogWorld: Bringing up level for play took: 0.002653
[2015.12.18-17.11.15:634][  0]LogInit:Display: Game Engine Initialized.
[2015.12.18-17.11.15:873][  0]LogLoad: Full Startup: 106.21 seconds (BP compile: 0.13 seconds)
[2015.12.18-17.11.15:905][  0]LogOcInput: Can't find Oculus library dev build: is proper Runtime installed? Version: 0.8.0.0
[2015.12.18-17.11.15:993][  1]LogRenderer: Reallocating scene render targets to support 1280x720 (Frame:2).
[2015.12.18-17.11.27:460][702]LogWindowsTextInputMethodSystem:Display: IME system now deactivated.
[2015.12.18-17.11.27:463][702]LogEngine: All Windows Closed
[2015.12.18-17.11.27:463][702]LogWindows: FPlatformMisc::RequestExit(0)
[2015.12.18-17.11.28:404][703]LogExit: Preparing to exit.
[2015.12.18-17.11.28:525][703]LogExit: Game engine shut down
[2015.12.18-17.11.28:527][703]LogParticles: Destroying 0 GPU particle simulations for FXSystem 0x00000255FA638F40
[2015.12.18-17.11.28:765][703]LogExit: Object subsystem successfully closed.
[2015.12.18-17.11.28:773][703]LogD3D11RHI: Shutdown
[2015.12.18-17.11.28:773][703]LogD3D11RHI: CleanupD3DDevice
[2015.12.18-17.11.28:818][703]LogD3D11RHI: ~FD3D11DynamicRHI
[2015.12.18-17.11.28:832][703]LogModuleManager: Shutting down and abandoning module AndroidDeviceDetection (117)
[2015.12.18-17.11.28:892][703]LogModuleManager: Shutting down and abandoning module AutomationController (116)
[2015.12.18-17.11.28:892][703]LogModuleManager: Shutting down and abandoning module AutomationWorker (115)
[2015.12.18-17.11.28:892][703]LogModuleManager: Shutting down and abandoning module CharacterAI (114)
[2015.12.18-17.11.28:892][703]LogModuleManager: Shutting down and abandoning module AITestSuite (113)
[2015.12.18-17.11.28:892][703]LogModuleManager: Shutting down and abandoning module GameplayDebugger (112)
[2015.12.18-17.11.28:892][703]LogModuleManager: Shutting down and abandoning module AIModule (111)
[2015.12.18-17.11.28:892][703]LogModuleManager: Shutting down and abandoning module MovieSceneCapture (110)
[2015.12.18-17.11.28:906][703]LogModuleManager: Shutting down and abandoning module GameLiveStreaming (109)
[2015.12.18-17.11.28:906][703]LogModuleManager: Shutting down and abandoning module StreamingPauseRendering (108)
[2015.12.18-17.11.28:906][703]LogModuleManager: Shutting down and abandoning module ProfilerService (107)
[2015.12.18-17.11.29:060][703]LogModuleManager: Shutting down and abandoning module TaskGraph (106)
[2015.12.18-17.11.29:060][703]LogModuleManager: Shutting down and abandoning module SlateRemote (105)
[2015.12.18-17.11.29:060][703]LogModuleManager: Shutting down and abandoning module SteamVRController (104)
[2015.12.18-17.11.29:060][703]LogModuleManager: Shutting down and abandoning module SteamVR (103)
[2015.12.18-17.11.29:060][703]LogModuleManager: Shutting down and abandoning module ProceduralMeshComponent (102)
[2015.12.18-17.11.29:060][703]LogModuleManager: Shutting down and abandoning module OculusLibrary (101)
[2015.12.18-17.11.29:060][703]LogModuleManager: Shutting down and abandoning module OculusInput (100)
[2015.12.18-17.11.29:060][703]LogModuleManager: Shutting down and abandoning module LeapMotionController (99)
[2015.12.18-17.11.29:091][703]LogModuleManager: Shutting down and abandoning module CustomMeshComponent (98)
[2015.12.18-17.11.29:092][703]LogModuleManager: Shutting down and abandoning module CableComponent (97)
[2015.12.18-17.11.29:092][703]LogModuleManager: Shutting down and abandoning module ArchVisCharacter (96)
[2015.12.18-17.11.29:092][703]LogModuleManager: Shutting down and abandoning module HTML5Networking (95)
[2015.12.18-17.11.29:092][703]LogModuleManager: Shutting down and abandoning module DesktopPlatform (94)
[2015.12.18-17.11.29:092][703]LogModuleManager: Shutting down and abandoning module DirectoryWatcher (93)
[2015.12.18-17.11.29:092][703]LogModuleManager: Shutting down and abandoning module HotReload (92)
[2015.12.18-17.11.29:092][703]LogModuleManager: Shutting down and abandoning module VisualStudioSourceCodeAccess (91)
[2015.12.18-17.11.29:092][703]LogModuleManager: Shutting down and abandoning module UObjectPlugin (90)
[2015.12.18-17.11.29:092][703]LogModuleManager: Shutting down and abandoning module SubversionSourceControl (89)
[2015.12.18-17.11.29:092][703]LogModuleManager: Shutting down and abandoning module SourceControl (88)
[2015.12.18-17.11.29:092][703]LogModuleManager: Shutting down and abandoning module PerforceSourceControl (87)
[2015.12.18-17.11.29:092][703]LogModuleManager: Shutting down and abandoning module UdpMessaging (86)
[2015.12.18-17.11.29:092][703]LogModuleManager: Shutting down and abandoning module LightPropagationVolumeRuntime (85)
[2015.12.18-17.11.29:092][703]LogModuleManager: Shutting down and abandoning module Paper2D (84)
[2015.12.18-17.11.29:092][703]LogModuleManager: Shutting down and abandoning module WindowsMoviePlayer (83)
[2015.12.18-17.11.29:092][703]LogModuleManager: Shutting down and abandoning module Media (82)
[2015.12.18-17.11.29:092][703]LogModuleManager: Shutting down and abandoning module WmfMedia (81)
[2015.12.18-17.11.29:092][703]LogModuleManager: Shutting down and abandoning module OnlineBlueprintSupport (80)
[2015.12.18-17.11.29:092][703]LogModuleManager: Shutting down and abandoning module GameplayTasksEditor (79)
[2015.12.18-17.11.29:092][703]LogModuleManager: Shutting down and abandoning module PropertyEditor (78)
[2015.12.18-17.11.29:092][703]LogModuleManager: Shutting down and abandoning module BehaviorTreeEditor (77)
[2015.12.18-17.11.29:092][703]LogModuleManager: Shutting down and abandoning module FunctionalTesting (76)
[2015.12.18-17.11.29:092][703]LogModuleManager: Shutting down and abandoning module CollisionAnalyzer (75)
[2015.12.18-17.11.29:092][703]LogModuleManager: Shutting down and abandoning module WorkspaceMenuStructure (74)
[2015.12.18-17.11.29:092][703]LogModuleManager: Shutting down and abandoning module MessageLog (73)
[2015.12.18-17.11.29:092][703]LogModuleManager: Shutting down and abandoning module Sequencer (72)
[2015.12.18-17.11.29:092][703]LogModuleManager: Shutting down and abandoning module AssetTools (71)
[2015.12.18-17.11.29:093][703]LogModuleManager: Shutting down and abandoning module UMGEditor (70)
[2015.12.18-17.11.29:093][703]LogModuleManager: Shutting down and abandoning module UMG (69)
[2015.12.18-17.11.29:093][703]LogModuleManager: Shutting down and abandoning module Slate (68)
[2015.12.18-17.11.29:093][703]LogModuleManager: Shutting down and abandoning module EditorStyle (67)
[2015.12.18-17.11.29:095][703]LogModuleManager: Shutting down and abandoning module SessionServices (66)
[2015.12.18-17.11.29:095][703]LogModuleManager: Shutting down and abandoning module SourceCodeAccess (65)
[2015.12.18-17.11.29:095][703]LogModuleManager: Shutting down and abandoning module HeadMountedDisplay (64)
[2015.12.18-17.11.29:095][703]LogModuleManager: Shutting down and abandoning module XAudio2 (63)
[2015.12.18-17.11.29:095][703]LogModuleManager: Shutting down and abandoning module Networking (61)
[2015.12.18-17.11.29:095][703]LogModuleManager: Shutting down and abandoning module Core (60)
[2015.12.18-17.11.29:095][703]LogModuleManager: Shutting down and abandoning module KismetCompiler (59)
[2015.12.18-17.11.29:095][703]LogModuleManager: Shutting down and abandoning module PhysXFormats (58)
[2015.12.18-17.11.29:095][703]LogModuleManager: Shutting down and abandoning module MeshUtilities (57)
[2015.12.18-17.11.29:095][703]LogModuleManager: Shutting down and abandoning module DerivedDataCache (56)
[2015.12.18-17.11.29:581][703]LogDerivedDataCache: Shutdown
[2015.12.18-17.11.29:581][703]LogModuleManager: Shutting down and abandoning module ShaderFormatOpenGL (55)
[2015.12.18-17.11.29:581][703]LogModuleManager: Shutting down and abandoning module ShaderFormatD3D (54)
[2015.12.18-17.11.29:581][703]LogModuleManager: Shutting down and abandoning module MetalShaderFormat (53)
[2015.12.18-17.11.29:581][703]LogModuleManager: Shutting down and abandoning module TextureFormatUncompressed (52)
[2015.12.18-17.11.29:581][703]LogModuleManager: Shutting down and abandoning module TextureFormatPVR (51)
[2015.12.18-17.11.29:581][703]LogModuleManager: Shutting down and abandoning module TextureFormatIntelISPCTexComp (50)
[2015.12.18-17.11.29:581][703]LogModuleManager: Shutting down and abandoning module TextureFormatDXT (49)
[2015.12.18-17.11.29:581][703]LogModuleManager: Shutting down and abandoning module ImageWrapper (48)
[2015.12.18-17.11.29:581][703]LogModuleManager: Shutting down and abandoning module TextureFormatASTC (47)
[2015.12.18-17.11.29:581][703]LogModuleManager: Shutting down and abandoning module TextureFormatAndroid (46)
[2015.12.18-17.11.29:581][703]LogModuleManager: Shutting down and abandoning module AudioFormatOpus (45)
[2015.12.18-17.11.29:581][703]LogModuleManager: Shutting down and abandoning module AudioFormatOgg (44)
[2015.12.18-17.11.29:581][703]LogModuleManager: Shutting down and abandoning module AudioFormatADPCM (43)
[2015.12.18-17.11.29:581][703]LogModuleManager: Shutting down and abandoning module LinuxTargetPlatform (42)
[2015.12.18-17.11.29:581][703]LogModuleManager: Shutting down and abandoning module LinuxServerTargetPlatform (41)
[2015.12.18-17.11.29:581][703]LogModuleManager: Shutting down and abandoning module LinuxNoEditorTargetPlatform (40)
[2015.12.18-17.11.29:581][703]LogModuleManager: Shutting down and abandoning module Messaging (39)
[2015.12.18-17.11.29:581][703]LogModuleManager: Shutting down and abandoning module IOSTargetPlatform (38)
[2015.12.18-17.11.29:581][703]LogModuleManager: Shutting down and abandoning module HTML5TargetPlatform (37)
[2015.12.18-17.11.29:581][703]LogModuleManager: Shutting down and abandoning module Android_PVRTCTargetPlatform (36)
[2015.12.18-17.11.29:581][703]LogModuleManager: Shutting down and abandoning module Android_MultiTargetPlatform (35)
[2015.12.18-17.11.29:581][703]LogModuleManager: Shutting down and abandoning module Android_ETC2TargetPlatform (34)
[2015.12.18-17.11.29:581][703]LogModuleManager: Shutting down and abandoning module Android_ETC1TargetPlatform (33)
[2015.12.18-17.11.29:581][703]LogModuleManager: Shutting down and abandoning module Android_DXTTargetPlatform (32)
[2015.12.18-17.11.29:581][703]LogModuleManager: Shutting down and abandoning module Android_ATCTargetPlatform (31)
[2015.12.18-17.11.29:581][703]LogModuleManager: Shutting down and abandoning module Android_ASTCTargetPlatform (30)
[2015.12.18-17.11.29:581][703]LogModuleManager: Shutting down and abandoning module AndroidTargetPlatform (29)
[2015.12.18-17.11.29:581][703]LogModuleManager: Shutting down and abandoning module WindowsTargetPlatform (28)
[2015.12.18-17.11.29:581][703]LogModuleManager: Shutting down and abandoning module WindowsServerTargetPlatform (27)
[2015.12.18-17.11.29:581][703]LogModuleManager: Shutting down and abandoning module WindowsNoEditorTargetPlatform (26)
[2015.12.18-17.11.29:581][703]LogModuleManager: Shutting down and abandoning module WindowsClientTargetPlatform (25)
[2015.12.18-17.11.29:581][703]LogModuleManager: Shutting down and abandoning module AllDesktopTargetPlatform (24)
[2015.12.18-17.11.29:581][703]LogModuleManager: Shutting down and abandoning module TargetPlatform (23)
[2015.12.18-17.11.29:582][703]LogModuleManager: Shutting down and abandoning module InputCore (22)
[2015.12.18-17.11.29:582][703]LogModuleManager: Shutting down and abandoning module Settings (21)
[2015.12.18-17.11.29:582][703]LogModuleManager: Shutting down and abandoning module OnlineSubsystem (19)
[2015.12.18-17.11.29:582][703]LogModuleManager: Shutting down and abandoning module HTTP (18)
[2015.12.18-17.11.29:582][703]LogModuleManager: Shutting down and abandoning module XMPP (17)
[2015.12.18-17.11.29:582][703]LogModuleManager: Shutting down and abandoning module OculusRift (16)
[2015.12.18-17.11.29:582][703]LogModuleManager: Shutting down and abandoning module ExampleDeviceProfileSelector (15)
[2015.12.18-17.11.29:582][703]LogModuleManager: Shutting down and abandoning module TextureCompressor (14)
[2015.12.18-17.11.29:582][703]LogModuleManager: Shutting down and abandoning module ShaderCore (13)
[2015.12.18-17.11.29:582][703]LogModuleManager: Shutting down and abandoning module Landscape (12)
[2015.12.18-17.11.29:582][703]LogModuleManager: Shutting down and abandoning module SlateRHIRenderer (11)
[2015.12.18-17.11.29:583][703]LogModuleManager: Shutting down and abandoning module OpenGLDrv (10)
[2015.12.18-17.11.29:583][703]LogModuleManager: Shutting down and abandoning module D3D11RHI (9)
[2015.12.18-17.11.29:583][703]LogModuleManager: Shutting down and abandoning module AnimGraphRuntime (8)
[2015.12.18-17.11.29:583][703]LogModuleManager: Shutting down and abandoning module Renderer (7)
[2015.12.18-17.11.29:583][703]LogModuleManager: Shutting down and abandoning module Engine (6)
[2015.12.18-17.11.29:583][703]LogModuleManager: Shutting down and abandoning module CoreUObject (5)
[2015.12.18-17.11.29:583][703]LogModuleManager: Shutting down and abandoning module NetworkFile (4)
[2015.12.18-17.11.29:583][703]LogModuleManager: Shutting down and abandoning module StreamingFile (3)
[2015.12.18-17.11.29:583][703]LogModuleManager: Shutting down and abandoning module SandboxFile (2)
[2015.12.18-17.11.29:583][703]LogModuleManager: Shutting down and abandoning module PakFile (1)
[2015.12.18-17.11.29:584][703]LogExit: Exiting.
[2015.12.18-17.11.29:585][703]Log file closed, 12/18/15 09:11:29
