[2015.12.19-20.10.23:724][  0]Log file open, 12/19/15 12:10:23
[2015.12.19-20.10.23:724][  0]LogInit:Display: Running engine for game: MyProject5
[2015.12.19-20.10.23:724][  0]LogPlatformFile: Not using cached read wrapper
[2015.12.19-20.10.23:724][  0]LogInit:Display: RandInit(-537306935) SRandInit(-537306932).
[2015.12.19-20.10.23:724][  0]LogTaskGraph: Started task graph with 4 named threads and 6 total threads.
[2015.12.19-20.10.23:725][  0]LogStats: Stats thread started at 0.087962
[2015.12.19-20.10.23:725][  0]LogInit: Version: 4.10.0-2758231+++depot+UE4-Releases+4.10
[2015.12.19-20.10.23:725][  0]LogInit: API Version: 2758231
[2015.12.19-20.10.23:725][  0]LogInit: Compiled (64-bit): Nov  7 2015 05:13:45
[2015.12.19-20.10.23:725][  0]LogInit: Compiled with Visual C++: 19.00.23026.00
[2015.12.19-20.10.23:725][  0]LogInit: Build Configuration: Development
[2015.12.19-20.10.23:725][  0]LogInit: Branch Name: ++depot+UE4-Releases+4.10
[2015.12.19-20.10.23:725][  0]LogInit: Command line: 
[2015.12.19-20.10.23:725][  0]LogInit: Base directory: C:/Program Files (x86)/Epic Games/4.10/Engine/Binaries/Win64/
[2015.12.19-20.10.23:725][  0]LogInit: Rocket: 1
[2015.12.19-20.10.23:735][  0]LogInit: Using libcurl 7.41.0
[2015.12.19-20.10.23:735][  0]LogInit:  - built for x86_64-pc-win32
[2015.12.19-20.10.23:735][  0]LogInit:  - supports SSL with WinSSL
[2015.12.19-20.10.23:735][  0]LogInit:  - other features:
[2015.12.19-20.10.23:735][  0]LogInit:      CURL_VERSION_SSL
[2015.12.19-20.10.23:735][  0]LogInit:      CURL_VERSION_IPV6
[2015.12.19-20.10.23:735][  0]LogInit:      CURL_VERSION_ASYNCHDNS
[2015.12.19-20.10.23:735][  0]LogInit:      CURL_VERSION_LARGEFILE
[2015.12.19-20.10.23:735][  0]LogInit:      CURL_VERSION_IDN
[2015.12.19-20.10.23:735][  0]LogInit:  CurlRequestOptions (configurable via config and command line):
[2015.12.19-20.10.23:735][  0]LogInit:  - bVerifyPeer = true  - Libcurl will verify peer certificate
[2015.12.19-20.10.23:735][  0]LogInit:  - bUseHttpProxy = false  - Libcurl will NOT use HTTP proxy
[2015.12.19-20.10.23:735][  0]LogInit:  - bDontReuseConnections = false  - Libcurl will reuse connections
[2015.12.19-20.10.23:735][  0]LogInit:  - CertBundlePath = nullptr  - Libcurl will use whatever was configured at build time.
[2015.12.19-20.10.23:744][  0]LogInit: Presizing for 0 objects not considered by GC, pre-allocating 0 bytes.
[2015.12.19-20.10.23:753][  0]LogInit: Object subsystem initialized
[2015.12.19-20.10.23:754][  0]LogInit: Selected Device Profile: [Windows]
[2015.12.19-20.10.23:754][  0]LogInit: Applying CVar settings loaded from the selected device profile: [Windows]
[2015.12.19-20.10.23:768][  0]LogInit: Computer: DESKTOP-B87MP3I
[2015.12.19-20.10.23:768][  0]LogInit: User: 3DJoe
[2015.12.19-20.10.23:768][  0]LogInit: CPU Page size=4096, Cores=3
[2015.12.19-20.10.23:768][  0]LogInit: High frequency timer resolution =3.433157 MHz
[2015.12.19-20.10.23:768][  0]LogMemory: Memory total: Physical=8.0GB (8GB approx)
[2015.12.19-20.10.23:768][  0]LogMemory: Platform Memory Stats for Windows
[2015.12.19-20.10.23:768][  0]LogMemory: Process Physical Memory: 56.07 MB used, 56.07 MB peak
[2015.12.19-20.10.23:768][  0]LogMemory: Process Virtual Memory: 55.61 MB used, 55.61 MB peak
[2015.12.19-20.10.23:768][  0]LogMemory: Physical Memory: 3310.61 MB used, 8173.54 MB total
[2015.12.19-20.10.23:768][  0]LogMemory: Virtual Memory: 381.37 MB used, 134217728.00 MB total
[2015.12.19-20.10.23:809][  0]LogTextLocalizationManager: No specific translations for ('en-US') exist, so ('en') translations will be used.
[2015.12.19-20.10.24:379][  0]LogD3D11RHI: Found D3D11 adapter 0: NVIDIA GeForce GTX 960 (Feature Level 11_0)
[2015.12.19-20.10.24:379][  0]LogD3D11RHI: Adapter has 1969MB of dedicated video memory, 0MB of dedicated system memory, and 4086MB of shared system memory, 2 output[s]
[2015.12.19-20.10.24:380][  0]LogD3D11RHI: Found D3D11 adapter 1: Microsoft Basic Render Driver (Feature Level 11_0)
[2015.12.19-20.10.24:381][  0]LogD3D11RHI: Adapter has 0MB of dedicated video memory, 0MB of dedicated system memory, and 4086MB of shared system memory, 0 output[s]
[2015.12.19-20.10.24:381][  0]LogD3D11RHI: Chosen D3D11 Adapter Id = 0
[2015.12.19-20.10.24:387][  0]LogD3D11RHI: !Direct3DDevice
[2015.12.19-20.10.24:387][  0]LogRHI: Texture pool is 1361 MB (70% of 1945 MB)
[2015.12.19-20.10.24:410][  0]LogD3D11RHI: Async texture creation enabled
[2015.12.19-20.10.24:427][  0]LogShaderCompilers: Guid format shader working directory is -20 characters bigger than the processId version (../../../../../../Users/3DJoe/Documents/Unreal Projects/MyProject5/Intermediate/Shaders/WorkingDirectory/8560/).
[2015.12.19-20.10.24:427][  0]LogShaderCompilers: Cleaned the shader compiler working directory 'C:/Users/3DJoe/AppData/Local/Temp/UnrealShaderWorkingDir/4CD8AF284ABB8C9859BB48AB4FEDBFB8/'.
[2015.12.19-20.10.24:427][  0]LogShaderCompilers:Display: Using Local Shader Compiler.
[2015.12.19-20.10.25:510][  0]LogTemp:Display: Loaded TP AllDesktopTargetPlatform
[2015.12.19-20.10.25:517][  0]LogTemp:Display: Loaded TP WindowsClientTargetPlatform
[2015.12.19-20.10.25:524][  0]LogTemp:Display: Loaded TP WindowsNoEditorTargetPlatform
[2015.12.19-20.10.25:531][  0]LogTemp:Display: Loaded TP WindowsServerTargetPlatform
[2015.12.19-20.10.25:538][  0]LogTemp:Display: Loaded TP WindowsTargetPlatform
[2015.12.19-20.10.25:542][  0]LogTemp:Display: Loaded TP AndroidTargetPlatform
[2015.12.19-20.10.25:546][  0]LogTemp:Display: Loaded TP Android_ASTCTargetPlatform
[2015.12.19-20.10.25:550][  0]LogTemp:Display: Loaded TP Android_ATCTargetPlatform
[2015.12.19-20.10.25:555][  0]LogTemp:Display: Loaded TP Android_DXTTargetPlatform
[2015.12.19-20.10.25:559][  0]LogTemp:Display: Loaded TP Android_ETC1TargetPlatform
[2015.12.19-20.10.25:564][  0]LogTemp:Display: Loaded TP Android_ETC2TargetPlatform
[2015.12.19-20.10.25:573][  0]LogTemp:Display: Loaded TP Android_MultiTargetPlatform
[2015.12.19-20.10.25:573][  0]LogTemp:Display: Loaded TP Android_PVRTCTargetPlatform
[2015.12.19-20.10.25:574][  0]LogTemp:Display: Loaded TP HTML5TargetPlatform
[2015.12.19-20.10.25:594][  0]LogTemp:Display: Loaded TP IOSTargetPlatform
[2015.12.19-20.10.25:598][  0]LogTemp:Display: Loaded TP LinuxNoEditorTargetPlatform
[2015.12.19-20.10.25:602][  0]LogTemp:Display: Loaded TP LinuxServerTargetPlatform
[2015.12.19-20.10.25:606][  0]LogTemp:Display: Loaded TP LinuxTargetPlatform
[2015.12.19-20.10.25:606][  0]LogTargetPlatformManager:Display: Building Assets For Windows
[2015.12.19-20.10.25:726][  0]LogDerivedDataCache:Display: Max Cache Size: 512 MB
[2015.12.19-20.10.25:809][  0]LogDerivedDataCache: Loaded boot cache 0.08s 41MB C:/Users/3DJoe/AppData/Local/UnrealEngine/4.10/DerivedDataCache/Boot.ddc.
[2015.12.19-20.10.25:809][  0]LogDerivedDataCache:Display: Loaded Boot cache: C:/Users/3DJoe/AppData/Local/UnrealEngine/4.10/DerivedDataCache/Boot.ddc
[2015.12.19-20.10.25:810][  0]LogDerivedDataCache: FDerivedDataBackendGraph:  Pak pak cache file ../../../../../../Users/3DJoe/Documents/Unreal Projects/MyProject5/DerivedDataCache/DDC.ddp not found, will not use a pak cache.
[2015.12.19-20.10.25:810][  0]LogDerivedDataCache: Unable to find inner node Pak for hierarchical cache Hierarchy.
[2015.12.19-20.10.25:810][  0]LogDerivedDataCache: FDerivedDataBackendGraph:  CompressedPak pak cache file ../../../../../../Users/3DJoe/Documents/Unreal Projects/MyProject5/DerivedDataCache/Compressed.ddp not found, will not use a pak cache.
[2015.12.19-20.10.25:810][  0]LogDerivedDataCache: Unable to find inner node CompressedPak for hierarchical cache Hierarchy.
[2015.12.19-20.10.25:879][  0]LogDerivedDataCache:Display: Pak cache opened for reading ../../../Engine/DerivedDataCache/Compressed.ddp.
[2015.12.19-20.10.25:891][  0]LogDerivedDataCache: Using Local data cache path C:/Users/3DJoe/AppData/Local/UnrealEngine/Common/DerivedDataCache: Writable
[2015.12.19-20.10.26:123][  0]LogInit: Selected Device Profile: [Windows]
[2015.12.19-20.10.26:127][  0]LogContentStreaming: Texture pool size is 0.000000MB
[2015.12.19-20.10.26:255][  0]LogMeshUtilities: No automatic mesh reduction module available
[2015.12.19-20.10.26:255][  0]LogMeshUtilities: No automatic mesh merging module available
[2015.12.19-20.10.26:547][  0]LogInit: WinSock: version 1.1 (2.2), MaxSocks=32767, MaxUdp=65467
[2015.12.19-20.10.27:479][  0]UdpMessaging: Initializing bridge on interface 0.0.0.0:0 to multicast group 230.0.0.1:6666.
[2015.12.19-20.10.27:610][  0]LogAssetRegistry: FAssetRegistry took 0.0116 seconds to start up
[2015.12.19-20.10.27:858][  0]SourceControl: Info Source control is disabled
[2015.12.19-20.10.27:859][  0]SourceControl: Info Source control is disabled
[2015.12.19-20.10.27:881][  0]SourceControl: Info Source control is disabled
[2015.12.19-20.10.27:903][  0]SourceControl: Info Source control is disabled
[2015.12.19-20.10.28:320][  0]LogObj: 28633 objects as part of root set at end of initial load.
[2015.12.19-20.10.28:320][  0]LogUObjectAllocator: 6099752 out of 0 bytes used by permanent object pool.
[2015.12.19-20.10.28:385][  0]LogEngine: Initializing Engine...
[2015.12.19-20.10.28:389][  0]LogHMD: Can't find Oculus library dev build: is proper Runtime installed? Version: 0.8.0.0
[2015.12.19-20.10.28:389][  0]LogHMD: SteamVR failed to initialize.  Err: 110
[2015.12.19-20.10.28:532][  0]LogAIModule: Creating AISystem for world NewWorld
[2015.12.19-20.10.28:540][  0]LogInit: XAudio2 using 'Speakers (Realtek High Definition Audio)' : 2 channels at 48 kHz using 32 bits per sample (channel mask 0x3)
[2015.12.19-20.10.28:564][  0]LogInit: FAudioDevice initialized.
[2015.12.19-20.10.28:621][  0]LogDerivedDataCache: Saved boot cache 0.06s 41MB C:/Users/3DJoe/AppData/Local/UnrealEngine/4.10/DerivedDataCache/Boot.ddc.
[2015.12.19-20.10.28:640][  0]LogInit: Texture streaming: Enabled
[2015.12.19-20.10.28:648][  0]LogAnalytics: Creating configured Analytics provider AnalyticsET
[2015.12.19-20.10.28:648][  0]LogAnalytics: [UEEditor.Rocket.Release] APIServer = http://et2.epicgames.com/ET2/. AppVersion = 4.10.0-2758231+++depot+UE4-Releases+4.10
[2015.12.19-20.10.28:648][  0]LogAnalytics: [UEEditor.Rocket.Release] SetUserId 1a807d494f5b66ec1ec29184428bbc4c|db07f81b636248bea7701d154ca95474|e39d2392-a47f-464b-8725-f8b9ff408f2a
[2015.12.19-20.10.28:648][  0]LogAnalytics: [UEEditor.Rocket.Release] AnalyticsET::StartSession
[2015.12.19-20.10.28:688][  0]LogInit: Transaction tracking system initialized
[2015.12.19-20.10.28:734][  0]BlueprintLog: New page: Editor Load
[2015.12.19-20.10.28:860][  0]LocalizationService: Info Localization service is disabled
[2015.12.19-20.10.28:978][  0]LogConsoleResponse:Display: 
[2015.12.19-20.10.29:116][  0]LogCook:Display: Done creating registry. It took  0.00s.
[2015.12.19-20.10.29:222][  0]LogFileCache: Scanning file cache for directory 'C:/Users/3DJoe/Documents/Unreal Projects/MyProject5/Content/' took 0.02s
[2015.12.19-20.10.29:222][  0]SourceControl: Info Source control is disabled
[2015.12.19-20.10.29:223][  0]Cmd: MAP LOAD FILE="../../../../../../Users/3DJoe/Documents/Unreal Projects/MyProject5/Content/StarterContent/Maps/Minimal_Default.umap" TEMPLATE=0 SHOWPROGRESS=1 FEATURELEVEL=3
[2015.12.19-20.10.29:226][  0]LightingResults: New page: Lighting Build
[2015.12.19-20.10.29:232][  0]MapCheck: New page: Map Check
[2015.12.19-20.10.29:232][  0]LightingResults: New page: Lighting Build
[2015.12.19-20.10.29:249][  0]LogParticles: Destroying 0 GPU particle simulations for FXSystem 0x000002640AC8F420
[2015.12.19-20.10.30:466][  0]LogAIModule: Creating AISystem for world Minimal_Default
[2015.12.19-20.10.30:475][  0]LogEditorServer: Finished looking for orphan Actors (0.000 secs)
[2015.12.19-20.10.30:475][  0]Cmd: MAP CHECKDEP NOCLEARLOG
[2015.12.19-20.10.30:553][  0]MapCheck: Info Map check complete: 0 Error(s), 0 Warning(s), took 76.804ms to complete.
[2015.12.19-20.10.30:553][  0]LogFileHelpers: Loading map 'Minimal_Default' took 1.330
[2015.12.19-20.10.30:743][  0]LogCollectionManager: Loaded 0 collections in 0.004344 seconds
[2015.12.19-20.10.30:791][  0]LogFileCache: Scanning file cache for directory 'C:/Users/3DJoe/Documents/Unreal Projects/MyProject5/Saved/Collections/' took 0.01s
[2015.12.19-20.10.30:791][  0]LogFileCache: Scanning file cache for directory 'C:/Users/3DJoe/Documents/Unreal Projects/MyProject5/Content/Developers/3DJoe/Collections/' took 0.01s
[2015.12.19-20.10.30:791][  0]LogFileCache: Scanning file cache for directory 'C:/Users/3DJoe/Documents/Unreal Projects/MyProject5/Content/Collections/' took 0.01s
[2015.12.19-20.10.30:791][  0]LogCollectionManager: Rebuilt the GUID cache for 0 collections in 0.000002 seconds
[2015.12.19-20.10.30:803][  0]LogContentBrowser: Native class hierarchy populated in 0.0114 seconds. Added 1893 classes and 338 folders.
[2015.12.19-20.10.30:814][  0]LogContentBrowser: Native class hierarchy updated for 'WidgetCarousel' in 0.0005 seconds. Added 0 classes and 0 folders.
[2015.12.19-20.10.31:536][  0]LogContentBrowser: Native class hierarchy updated for 'AddContentDialog' in 0.0004 seconds. Added 0 classes and 0 folders.
[2015.12.19-20.10.31:542][  0]LogContentBrowser: Native class hierarchy updated for 'SceneOutliner' in 0.0004 seconds. Added 1 classes and 2 folders.
[2015.12.19-20.10.31:688][  0]LogCrashTracker: Crashtracker disabled due to settings.
[2015.12.19-20.10.31:693][  0]LogUObjectGlobals:Warning: Failed to find object 'Class None.'
[2015.12.19-20.10.31:716][  0]LogLoad: Full Startup: 8.52 seconds (BP compile: 0.15 seconds)
[2015.12.19-20.10.32:060][  0]LogOcInput: Can't find Oculus library dev build: is proper Runtime installed? Version: 0.8.0.0
[2015.12.19-20.10.32:235][  0]LogContentStreaming: Texture pool size now 1000 MB
[2015.12.19-20.10.32:430][  0]LogRenderer: Reallocating scene render targets to support 1208x572 (Frame:2).
[2015.12.19-20.10.33:866][  5]LogAssetRegistry: Asset discovery search completed in 6.2682 seconds
[2015.12.19-20.10.33:866][  5]LogCollectionManager: Rebuilt the object cache for 0 collections in 0.000001 seconds (found 0 objects)
[2015.12.19-20.10.33:866][  5]LogCollectionManager: Fixed up redirectors for 0 collections in 0.000027 seconds (updated 0 objects)
[2015.12.19-20.10.40:896][ 25]LogLinker:Warning: Asset '../../../Engine/Content/ArtTools/RenderToTexture/Macros/RenderToTextureMacros.uasset' has been saved with empty engine version. The asset will be loaded but may be incompatible.
[2015.12.19-20.10.41:416][ 25]LogContentBrowser: Native class hierarchy updated for 'BlueprintGraph' in 0.0009 seconds. Added 107 classes and 0 folders.
[2015.12.19-20.10.41:570][ 25]LogSkeletalMesh: InitArticulated: Bodies already created (/Engine/Transient.DebugSkelMeshComponent_0) - call TermArticulated first.
[2015.12.19-20.10.41:889][ 25]LogActorComponent: RegisterComponentWithWorld: (/Engine/Transient.DebugSkelMeshComponent_0) Already registered. Aborting.
[2015.12.19-20.10.42:579][ 25]LogContentBrowser:Verbose: The majority of assets in the view are of type: AnimSequence
[2015.12.19-20.15.29:861][582]LogBlueprintUserMessages: Early PlayInEditor Detection: Level '/Game/StarterContent/Maps/Minimal_Default.Minimal_Default:PersistentLevel' has LevelScriptBlueprint '/Game/StarterContent/Maps/Minimal_Default.Minimal_Default:PersistentLevel.Minimal_Default' with GeneratedClass '/Game/StarterContent/Maps/Minimal_Default.Minimal_Default_C' with ClassGeneratedBy '/Game/StarterContent/Maps/Minimal_Default.Minimal_Default:PersistentLevel.Minimal_Default'
[2015.12.19-20.15.29:861][582]BlueprintLog: New page: Pre-Play auto-recompile
[2015.12.19-20.15.29:865][582]LogPlayLevel: [PlayLevel] Compiling CharacterAnimBP before play...
[2015.12.19-20.15.30:025][582]LogPlayLevel: PlayLevel: Blueprint regeneration took 164 ms (1 blueprints)
[2015.12.19-20.15.30:025][582]LogActorComponent: UnregisterComponent: (/Engine/Transient.CharMoveComp) Not registered. Aborting.
[2015.12.19-20.15.30:069][582]LogParticles: Destroying 0 GPU particle simulations for FXSystem 0x000002644B731580
[2015.12.19-20.15.30:070][582]LogParticles: Destroying 0 GPU particle simulations for FXSystem 0x000002644B732FC0
[2015.12.19-20.15.30:086][582]PIE: New page: PIE session: Minimal_Default (Dec 19, 2015, 4:15:30 AM)
[2015.12.19-20.15.30:086][582]LogPlayLevel: Creating play world package: /Game/StarterContent/Maps/UEDPIE_0_Minimal_Default
[2015.12.19-20.15.30:097][582]LogPlayLevel: PIE: StaticDuplicateObject took: (0.011578s)
[2015.12.19-20.15.30:099][582]LogAIModule: Creating AISystem for world Minimal_Default
[2015.12.19-20.15.30:099][582]LogPlayLevel: PIE: World Init took: (0.001275s)
[2015.12.19-20.15.30:099][582]LogPlayLevel: PIE: Created PIE world by copying editor world from /Game/StarterContent/Maps/Minimal_Default.Minimal_Default to /Game/StarterContent/Maps/UEDPIE_0_Minimal_Default.Minimal_Default (0.013157s)
[2015.12.19-20.15.30:140][582]LogInit: XAudio2 using 'Speakers (Realtek High Definition Audio)' : 2 channels at 48 kHz using 32 bits per sample (channel mask 0x3)
[2015.12.19-20.15.30:152][582]LogInit: FAudioDevice initialized.
[2015.12.19-20.15.30:226][582]LogWorld: Game class is 'MyGame_C'
[2015.12.19-20.15.30:230][582]LogWorld: Bringing World /Game/StarterContent/Maps/UEDPIE_0_Minimal_Default.Minimal_Default up for play (max tick rate 0) at 2015.12.19-12.15.30
[2015.12.19-20.15.30:230][582]LogActor:Warning: GameSession /Game/StarterContent/Maps/UEDPIE_0_Minimal_Default.Minimal_Default:PersistentLevel.GameSession_0 has natively added scene component(s), but none of them were set as the actor's RootComponent - picking one arbitrarily
[2015.12.19-20.15.30:230][582]LogActor:Warning: GameNetworkManager /Game/StarterContent/Maps/UEDPIE_0_Minimal_Default.Minimal_Default:PersistentLevel.GameNetworkManager_0 has natively added scene component(s), but none of them were set as the actor's RootComponent - picking one arbitrarily
[2015.12.19-20.15.30:231][582]LogWorld: Bringing up level for play took: 0.003596
[2015.12.19-20.15.30:234][582]PIE: Info Play in editor start time for /Game/StarterContent/Maps/UEDPIE_0_Minimal_Default 0.115
[2015.12.19-20.15.30:234][582]LogBlueprintUserMessages: Late PlayInEditor Detection: Level '/Game/StarterContent/Maps/Minimal_Default.Minimal_Default:PersistentLevel' has LevelScriptBlueprint '/Game/StarterContent/Maps/Minimal_Default.Minimal_Default:PersistentLevel.Minimal_Default' with GeneratedClass '/Game/StarterContent/Maps/Minimal_Default.Minimal_Default_C' with ClassGeneratedBy '/Game/StarterContent/Maps/Minimal_Default.Minimal_Default:PersistentLevel.Minimal_Default'
[2015.12.19-20.15.42:739][374]LogBlueprintUserMessages: Early EndPlayMap Detection: Level '/Game/StarterContent/Maps/Minimal_Default.Minimal_Default:PersistentLevel' has LevelScriptBlueprint '/Game/StarterContent/Maps/Minimal_Default.Minimal_Default:PersistentLevel.Minimal_Default' with GeneratedClass '/Game/StarterContent/Maps/Minimal_Default.Minimal_Default_C' with ClassGeneratedBy '/Game/StarterContent/Maps/Minimal_Default.Minimal_Default:PersistentLevel.Minimal_Default'
[2015.12.19-20.15.42:805][374]LogBlueprintUserMessages: Late EndPlayMap Detection: Level '/Game/StarterContent/Maps/Minimal_Default.Minimal_Default:PersistentLevel' has LevelScriptBlueprint '/Game/StarterContent/Maps/Minimal_Default.Minimal_Default:PersistentLevel.Minimal_Default' with GeneratedClass '/Game/StarterContent/Maps/Minimal_Default.Minimal_Default_C' with ClassGeneratedBy '/Game/StarterContent/Maps/Minimal_Default.Minimal_Default:PersistentLevel.Minimal_Default'
[2015.12.19-20.15.42:876][375]LogParticles: Destroying 0 GPU particle simulations for FXSystem 0x0000026488A12CA0
[2015.12.19-20.16.40:852][151]LogSavePackage: Save=17.760912ms
[2015.12.19-20.16.40:852][151]LogSavePackage: Moving '../../../../../../Users/3DJoe/Documents/Unreal Projects/MyProject5/Saved/Run56D2BF14443A2D4A7340838F71F9F1FA.tmp' to '../../../../../../Users/3DJoe/Documents/Unreal Projects/MyProject5/Content/StarterContent/Character/Animations/Run.uasset'
[2015.12.19-20.16.40:855][151]LogSavePackage: Total save time: 35.725717ms
[2015.12.19-20.16.40:855][151]LogSavePackage:Display: Finished SavePackage ../../../../../../Users/3DJoe/Documents/Unreal Projects/MyProject5/Content/StarterContent/Character/Animations/Run.uasset
[2015.12.19-20.16.42:429][249]LogBlueprintUserMessages: Early PlayInEditor Detection: Level '/Game/StarterContent/Maps/Minimal_Default.Minimal_Default:PersistentLevel' has LevelScriptBlueprint '/Game/StarterContent/Maps/Minimal_Default.Minimal_Default:PersistentLevel.Minimal_Default' with GeneratedClass '/Game/StarterContent/Maps/Minimal_Default.Minimal_Default_C' with ClassGeneratedBy '/Game/StarterContent/Maps/Minimal_Default.Minimal_Default:PersistentLevel.Minimal_Default'
[2015.12.19-20.16.42:429][249]BlueprintLog: New page: Pre-Play auto-recompile
[2015.12.19-20.16.42:433][249]LogPlayLevel: [PlayLevel] Compiling CharacterAnimBP before play...
[2015.12.19-20.16.42:527][249]LogPlayLevel: PlayLevel: Blueprint regeneration took 98 ms (1 blueprints)
[2015.12.19-20.16.42:565][249]PIE: New page: PIE session: Minimal_Default (Dec 19, 2015, 4:16:42 AM)
[2015.12.19-20.16.42:565][249]LogPlayLevel: Creating play world package: /Game/StarterContent/Maps/UEDPIE_0_Minimal_Default
[2015.12.19-20.16.42:575][249]LogPlayLevel: PIE: StaticDuplicateObject took: (0.009395s)
[2015.12.19-20.16.42:576][249]LogAIModule: Creating AISystem for world Minimal_Default
[2015.12.19-20.16.42:577][249]LogPlayLevel: PIE: World Init took: (0.001991s)
[2015.12.19-20.16.42:577][249]LogPlayLevel: PIE: Created PIE world by copying editor world from /Game/StarterContent/Maps/Minimal_Default.Minimal_Default to /Game/StarterContent/Maps/UEDPIE_0_Minimal_Default.Minimal_Default (0.011707s)
[2015.12.19-20.16.42:618][249]LogInit: XAudio2 using 'Speakers (Realtek High Definition Audio)' : 2 channels at 48 kHz using 32 bits per sample (channel mask 0x3)
[2015.12.19-20.16.42:628][249]LogInit: FAudioDevice initialized.
[2015.12.19-20.16.42:662][249]LogWorld: Game class is 'MyGame_C'
[2015.12.19-20.16.42:666][249]LogWorld: Bringing World /Game/StarterContent/Maps/UEDPIE_0_Minimal_Default.Minimal_Default up for play (max tick rate 0) at 2015.12.19-12.16.42
[2015.12.19-20.16.42:666][249]LogActor:Warning: GameSession /Game/StarterContent/Maps/UEDPIE_0_Minimal_Default.Minimal_Default:PersistentLevel.GameSession_1 has natively added scene component(s), but none of them were set as the actor's RootComponent - picking one arbitrarily
[2015.12.19-20.16.42:666][249]LogActor:Warning: GameNetworkManager /Game/StarterContent/Maps/UEDPIE_0_Minimal_Default.Minimal_Default:PersistentLevel.GameNetworkManager_1 has natively added scene component(s), but none of them were set as the actor's RootComponent - picking one arbitrarily
[2015.12.19-20.16.42:667][249]LogWorld: Bringing up level for play took: 0.003194
[2015.12.19-20.16.42:670][249]PIE: Info Play in editor start time for /Game/StarterContent/Maps/UEDPIE_0_Minimal_Default 0.551
[2015.12.19-20.16.42:670][249]LogBlueprintUserMessages: Late PlayInEditor Detection: Level '/Game/StarterContent/Maps/Minimal_Default.Minimal_Default:PersistentLevel' has LevelScriptBlueprint '/Game/StarterContent/Maps/Minimal_Default.Minimal_Default:PersistentLevel.Minimal_Default' with GeneratedClass '/Game/StarterContent/Maps/Minimal_Default.Minimal_Default_C' with ClassGeneratedBy '/Game/StarterContent/Maps/Minimal_Default.Minimal_Default:PersistentLevel.Minimal_Default'
[2015.12.19-20.17.10:387][ 67]LogBlueprintUserMessages: Early EndPlayMap Detection: Level '/Game/StarterContent/Maps/Minimal_Default.Minimal_Default:PersistentLevel' has LevelScriptBlueprint '/Game/StarterContent/Maps/Minimal_Default.Minimal_Default:PersistentLevel.Minimal_Default' with GeneratedClass '/Game/StarterContent/Maps/Minimal_Default.Minimal_Default_C' with ClassGeneratedBy '/Game/StarterContent/Maps/Minimal_Default.Minimal_Default:PersistentLevel.Minimal_Default'
[2015.12.19-20.17.10:421][ 67]LogBlueprintUserMessages: Late EndPlayMap Detection: Level '/Game/StarterContent/Maps/Minimal_Default.Minimal_Default:PersistentLevel' has LevelScriptBlueprint '/Game/StarterContent/Maps/Minimal_Default.Minimal_Default:PersistentLevel.Minimal_Default' with GeneratedClass '/Game/StarterContent/Maps/Minimal_Default.Minimal_Default_C' with ClassGeneratedBy '/Game/StarterContent/Maps/Minimal_Default.Minimal_Default:PersistentLevel.Minimal_Default'
[2015.12.19-20.17.10:483][ 68]LogParticles: Destroying 0 GPU particle simulations for FXSystem 0x000002647BAD0220
[2015.12.19-20.17.15:111][385]LogSavePackage: Save=8.414122ms
[2015.12.19-20.17.15:111][385]LogSavePackage: Moving '../../../../../../Users/3DJoe/Documents/Unreal Projects/MyProject5/Saved/RunE21D9CC74A9331526840A7B1967D6DD3.tmp' to '../../../../../../Users/3DJoe/Documents/Unreal Projects/MyProject5/Content/StarterContent/Character/Animations/Run.uasset'
[2015.12.19-20.17.15:112][385]LogSavePackage: Total save time: 15.007470ms
[2015.12.19-20.17.15:112][385]LogSavePackage:Display: Finished SavePackage ../../../../../../Users/3DJoe/Documents/Unreal Projects/MyProject5/Content/StarterContent/Character/Animations/Run.uasset
[2015.12.19-20.17.58:115][348]LogContentBrowser: Native class hierarchy updated for 'Cascade' in 0.0006 seconds. Added 2 classes and 2 folders.
[2015.12.19-20.19.20:809][315]LogSavePackage: Save=21.166525ms
[2015.12.19-20.19.20:809][315]LogSavePackage: Moving '../../../../../../Users/3DJoe/Documents/Unreal Projects/MyProject5/Saved/P-Dust_Puffy81DC85324AA662BBF76E64A6D9C981A2.tmp' to '../../../../../../Users/3DJoe/Documents/Unreal Projects/MyProject5/Content/StarterContent/Particles/P-Dust_Puffy.uasset'
[2015.12.19-20.19.20:811][315]LogSavePackage: Total save time: 23.841321ms
[2015.12.19-20.19.20:811][315]LogSavePackage:Display: Finished SavePackage ../../../../../../Users/3DJoe/Documents/Unreal Projects/MyProject5/Content/StarterContent/Particles/P-Dust_Puffy.uasset
[2015.12.19-20.24.23:243][842]LogSavePackage: Save=18.500174ms
[2015.12.19-20.24.23:243][842]LogSavePackage: Moving '../../../../../../Users/3DJoe/Documents/Unreal Projects/MyProject5/Saved/P-Dust_PuffyA089CD484CECFE92BF492B9B3FA2E5CA.tmp' to '../../../../../../Users/3DJoe/Documents/Unreal Projects/MyProject5/Content/StarterContent/Particles/P-Dust_Puffy.uasset'
[2015.12.19-20.24.23:245][842]LogSavePackage: Total save time: 31.391807ms
[2015.12.19-20.24.23:245][842]LogSavePackage:Display: Finished SavePackage ../../../../../../Users/3DJoe/Documents/Unreal Projects/MyProject5/Content/StarterContent/Particles/P-Dust_Puffy.uasset
[2015.12.19-20.24.24:501][963]LogBlueprintUserMessages: Early PlayInEditor Detection: Level '/Game/StarterContent/Maps/Minimal_Default.Minimal_Default:PersistentLevel' has LevelScriptBlueprint '/Game/StarterContent/Maps/Minimal_Default.Minimal_Default:PersistentLevel.Minimal_Default' with GeneratedClass '/Game/StarterContent/Maps/Minimal_Default.Minimal_Default_C' with ClassGeneratedBy '/Game/StarterContent/Maps/Minimal_Default.Minimal_Default:PersistentLevel.Minimal_Default'
[2015.12.19-20.24.24:501][963]LogPlayLevel: PlayLevel: No blueprints needed recompiling
[2015.12.19-20.24.24:501][963]PIE: New page: PIE session: Minimal_Default (Dec 19, 2015, 4:24:24 AM)
[2015.12.19-20.24.24:501][963]LogPlayLevel: Creating play world package: /Game/StarterContent/Maps/UEDPIE_0_Minimal_Default
[2015.12.19-20.24.24:510][963]LogPlayLevel: PIE: StaticDuplicateObject took: (0.009518s)
[2015.12.19-20.24.24:512][963]LogAIModule: Creating AISystem for world Minimal_Default
[2015.12.19-20.24.24:512][963]LogPlayLevel: PIE: World Init took: (0.002035s)
[2015.12.19-20.24.24:513][963]LogPlayLevel: PIE: Created PIE world by copying editor world from /Game/StarterContent/Maps/Minimal_Default.Minimal_Default to /Game/StarterContent/Maps/UEDPIE_0_Minimal_Default.Minimal_Default (0.011789s)
[2015.12.19-20.24.24:513][963]LogActorComponent: UnregisterComponent: (/Engine/Transient.CharMoveComp) Not registered. Aborting.
[2015.12.19-20.24.24:557][963]LogInit: XAudio2 using 'Speakers (Realtek High Definition Audio)' : 2 channels at 48 kHz using 32 bits per sample (channel mask 0x3)
[2015.12.19-20.24.24:569][963]LogInit: FAudioDevice initialized.
[2015.12.19-20.24.24:603][963]LogWorld: Game class is 'MyGame_C'
[2015.12.19-20.24.24:607][963]LogWorld: Bringing World /Game/StarterContent/Maps/UEDPIE_0_Minimal_Default.Minimal_Default up for play (max tick rate 0) at 2015.12.19-12.24.24
[2015.12.19-20.24.24:607][963]LogActor:Warning: GameSession /Game/StarterContent/Maps/UEDPIE_0_Minimal_Default.Minimal_Default:PersistentLevel.GameSession_2 has natively added scene component(s), but none of them were set as the actor's RootComponent - picking one arbitrarily
[2015.12.19-20.24.24:607][963]LogActor:Warning: GameNetworkManager /Game/StarterContent/Maps/UEDPIE_0_Minimal_Default.Minimal_Default:PersistentLevel.GameNetworkManager_2 has natively added scene component(s), but none of them were set as the actor's RootComponent - picking one arbitrarily
[2015.12.19-20.24.24:608][963]LogWorld: Bringing up level for play took: 0.003533
[2015.12.19-20.24.24:611][963]PIE: Info Play in editor start time for /Game/StarterContent/Maps/UEDPIE_0_Minimal_Default 0.493
[2015.12.19-20.24.24:611][963]LogBlueprintUserMessages: Late PlayInEditor Detection: Level '/Game/StarterContent/Maps/Minimal_Default.Minimal_Default:PersistentLevel' has LevelScriptBlueprint '/Game/StarterContent/Maps/Minimal_Default.Minimal_Default:PersistentLevel.Minimal_Default' with GeneratedClass '/Game/StarterContent/Maps/Minimal_Default.Minimal_Default_C' with ClassGeneratedBy '/Game/StarterContent/Maps/Minimal_Default.Minimal_Default:PersistentLevel.Minimal_Default'
[2015.12.19-20.24.27:177][216]LogBlueprintUserMessages: Early EndPlayMap Detection: Level '/Game/StarterContent/Maps/Minimal_Default.Minimal_Default:PersistentLevel' has LevelScriptBlueprint '/Game/StarterContent/Maps/Minimal_Default.Minimal_Default:PersistentLevel.Minimal_Default' with GeneratedClass '/Game/StarterContent/Maps/Minimal_Default.Minimal_Default_C' with ClassGeneratedBy '/Game/StarterContent/Maps/Minimal_Default.Minimal_Default:PersistentLevel.Minimal_Default'
[2015.12.19-20.24.27:209][216]LogBlueprintUserMessages: Late EndPlayMap Detection: Level '/Game/StarterContent/Maps/Minimal_Default.Minimal_Default:PersistentLevel' has LevelScriptBlueprint '/Game/StarterContent/Maps/Minimal_Default.Minimal_Default:PersistentLevel.Minimal_Default' with GeneratedClass '/Game/StarterContent/Maps/Minimal_Default.Minimal_Default_C' with ClassGeneratedBy '/Game/StarterContent/Maps/Minimal_Default.Minimal_Default:PersistentLevel.Minimal_Default'
[2015.12.19-20.24.27:247][216]LogParticles: Destroying 0 GPU particle simulations for FXSystem 0x00000264833468E0
[2015.12.19-20.24.46:322][505]LogRenderer: Reallocating scene render targets to support 1208x732 (Frame:140588).
[2015.12.19-20.24.46:322][505]LogContentBrowser:Verbose: The majority of assets in the view are of type: AnimSequence
[2015.12.19-20.25.02:291][479]LogSavePackage: Save=7.201535ms
[2015.12.19-20.25.02:291][479]LogSavePackage: Moving '../../../../../../Users/3DJoe/Documents/Unreal Projects/MyProject5/Saved/Run30F1349040E9AD9DF15943A09A09F746.tmp' to '../../../../../../Users/3DJoe/Documents/Unreal Projects/MyProject5/Content/StarterContent/Character/Animations/Run.uasset'
[2015.12.19-20.25.02:293][479]LogSavePackage: Total save time: 20.105403ms
[2015.12.19-20.25.02:294][479]LogSavePackage:Display: Finished SavePackage ../../../../../../Users/3DJoe/Documents/Unreal Projects/MyProject5/Content/StarterContent/Character/Animations/Run.uasset
[2015.12.19-20.25.02:315][479]LogSavePackage: Save=7.568544ms
[2015.12.19-20.25.02:315][479]LogSavePackage: Moving '../../../../../../Users/3DJoe/Documents/Unreal Projects/MyProject5/Saved/Run5E7C9E1D4D440C220E4CA796367AE8CC.tmp' to '../../../../../../Users/3DJoe/Documents/Unreal Projects/MyProject5/Content/StarterContent/Character/Animations/Run.uasset'
[2015.12.19-20.25.02:317][479]LogSavePackage: Total save time: 14.449090ms
[2015.12.19-20.25.02:317][479]LogSavePackage:Display: Finished SavePackage ../../../../../../Users/3DJoe/Documents/Unreal Projects/MyProject5/Content/StarterContent/Character/Animations/Run.uasset
[2015.12.19-20.25.03:897][573]LogBlueprintUserMessages: Early PlayInEditor Detection: Level '/Game/StarterContent/Maps/Minimal_Default.Minimal_Default:PersistentLevel' has LevelScriptBlueprint '/Game/StarterContent/Maps/Minimal_Default.Minimal_Default:PersistentLevel.Minimal_Default' with GeneratedClass '/Game/StarterContent/Maps/Minimal_Default.Minimal_Default_C' with ClassGeneratedBy '/Game/StarterContent/Maps/Minimal_Default.Minimal_Default:PersistentLevel.Minimal_Default'
[2015.12.19-20.25.03:897][573]BlueprintLog: New page: Pre-Play auto-recompile
[2015.12.19-20.25.03:901][573]LogPlayLevel: [PlayLevel] Compiling CharacterAnimBP before play...
[2015.12.19-20.25.04:276][573]LogPlayLevel: PlayLevel: Blueprint regeneration took 379 ms (1 blueprints)
[2015.12.19-20.25.04:276][573]LogActorComponent: UnregisterComponent: (/Engine/Transient.CharMoveComp) Not registered. Aborting.
[2015.12.19-20.25.04:311][573]LogParticles: Destroying 0 GPU particle simulations for FXSystem 0x000002644B732160
[2015.12.19-20.25.04:312][573]LogParticles: Destroying 0 GPU particle simulations for FXSystem 0x000002641A644180
[2015.12.19-20.25.04:315][573]LogParticles: Destroying 0 GPU particle simulations for FXSystem 0x0000026480B47A60
[2015.12.19-20.25.04:323][573]PIE: New page: PIE session: Minimal_Default (Dec 19, 2015, 4:25:04 AM)
[2015.12.19-20.25.04:323][573]LogPlayLevel: Creating play world package: /Game/StarterContent/Maps/UEDPIE_0_Minimal_Default
[2015.12.19-20.25.04:332][573]LogPlayLevel: PIE: StaticDuplicateObject took: (0.009325s)
[2015.12.19-20.25.04:333][573]LogAIModule: Creating AISystem for world Minimal_Default
[2015.12.19-20.25.04:334][573]LogPlayLevel: PIE: World Init took: (0.001086s)
[2015.12.19-20.25.04:334][573]LogPlayLevel: PIE: Created PIE world by copying editor world from /Game/StarterContent/Maps/Minimal_Default.Minimal_Default to /Game/StarterContent/Maps/UEDPIE_0_Minimal_Default.Minimal_Default (0.010635s)
[2015.12.19-20.25.04:374][573]LogInit: XAudio2 using 'Speakers (Realtek High Definition Audio)' : 2 channels at 48 kHz using 32 bits per sample (channel mask 0x3)
[2015.12.19-20.25.04:385][573]LogInit: FAudioDevice initialized.
[2015.12.19-20.25.04:418][573]LogWorld: Game class is 'MyGame_C'
[2015.12.19-20.25.04:422][573]LogWorld: Bringing World /Game/StarterContent/Maps/UEDPIE_0_Minimal_Default.Minimal_Default up for play (max tick rate 0) at 2015.12.19-12.25.04
[2015.12.19-20.25.04:422][573]LogActor:Warning: GameSession /Game/StarterContent/Maps/UEDPIE_0_Minimal_Default.Minimal_Default:PersistentLevel.GameSession_3 has natively added scene component(s), but none of them were set as the actor's RootComponent - picking one arbitrarily
[2015.12.19-20.25.04:422][573]LogActor:Warning: GameNetworkManager /Game/StarterContent/Maps/UEDPIE_0_Minimal_Default.Minimal_Default:PersistentLevel.GameNetworkManager_3 has natively added scene component(s), but none of them were set as the actor's RootComponent - picking one arbitrarily
[2015.12.19-20.25.04:422][573]LogWorld: Bringing up level for play took: 0.003249
[2015.12.19-20.25.04:425][573]PIE: Info Play in editor start time for /Game/StarterContent/Maps/UEDPIE_0_Minimal_Default 0.307
[2015.12.19-20.25.04:425][573]LogBlueprintUserMessages: Late PlayInEditor Detection: Level '/Game/StarterContent/Maps/Minimal_Default.Minimal_Default:PersistentLevel' has LevelScriptBlueprint '/Game/StarterContent/Maps/Minimal_Default.Minimal_Default:PersistentLevel.Minimal_Default' with GeneratedClass '/Game/StarterContent/Maps/Minimal_Default.Minimal_Default_C' with ClassGeneratedBy '/Game/StarterContent/Maps/Minimal_Default.Minimal_Default:PersistentLevel.Minimal_Default'
[2015.12.19-20.26.05:054][547]LogBlueprintUserMessages: Early EndPlayMap Detection: Level '/Game/StarterContent/Maps/Minimal_Default.Minimal_Default:PersistentLevel' has LevelScriptBlueprint '/Game/StarterContent/Maps/Minimal_Default.Minimal_Default:PersistentLevel.Minimal_Default' with GeneratedClass '/Game/StarterContent/Maps/Minimal_Default.Minimal_Default_C' with ClassGeneratedBy '/Game/StarterContent/Maps/Minimal_Default.Minimal_Default:PersistentLevel.Minimal_Default'
[2015.12.19-20.26.05:087][547]LogBlueprintUserMessages: Late EndPlayMap Detection: Level '/Game/StarterContent/Maps/Minimal_Default.Minimal_Default:PersistentLevel' has LevelScriptBlueprint '/Game/StarterContent/Maps/Minimal_Default.Minimal_Default:PersistentLevel.Minimal_Default' with GeneratedClass '/Game/StarterContent/Maps/Minimal_Default.Minimal_Default_C' with ClassGeneratedBy '/Game/StarterContent/Maps/Minimal_Default.Minimal_Default:PersistentLevel.Minimal_Default'
[2015.12.19-20.26.05:153][548]LogParticles: Destroying 0 GPU particle simulations for FXSystem 0x00000264AD6A6F20
[2015.12.19-20.26.07:820][717]LogSavePackage: Save=151.845947ms
[2015.12.19-20.26.07:820][717]LogSavePackage: Moving '../../../../../../Users/3DJoe/Documents/Unreal Projects/MyProject5/Saved/Minimal_Default480F895A4638EECD8EEAFEB579FF8233.tmp' to '../../../../../../Users/3DJoe/Documents/Unreal Projects/MyProject5/Content/StarterContent/Maps/Minimal_Default.umap'
[2015.12.19-20.26.07:823][717]LogSavePackage: Total save time: 166.672248ms
[2015.12.19-20.26.07:823][717]LogSavePackage:Display: Finished SavePackage ../../../../../../Users/3DJoe/Documents/Unreal Projects/MyProject5/Content/StarterContent/Maps/Minimal_Default.umap
[2015.12.19-20.26.11:668][849]LogSavePackage: Save=111.047356ms
[2015.12.19-20.26.11:668][849]LogSavePackage: Moving '../../../../../../Users/3DJoe/Documents/Unreal Projects/MyProject5/Saved/CharacterAnimBPB0377FC046ABFDC9CB418DA14CA8A5B4.tmp' to '../../../../../../Users/3DJoe/Documents/Unreal Projects/MyProject5/Content/StarterContent/Character/CharacterAnimBP.uasset'
[2015.12.19-20.26.11:671][849]LogSavePackage: Total save time: 126.782142ms
[2015.12.19-20.26.11:671][849]LogSavePackage:Display: Finished SavePackage ../../../../../../Users/3DJoe/Documents/Unreal Projects/MyProject5/Content/StarterContent/Character/CharacterAnimBP.uasset
[2015.12.19-20.26.11:697][849]LogSavePackage: Save=5.201918ms
[2015.12.19-20.26.11:697][849]LogSavePackage: Moving '../../../../../../Users/3DJoe/Documents/Unreal Projects/MyProject5/Saved/HeroTPP_Skeleton975FA03644491D8F7859C0B6AA594D83.tmp' to '../../../../../../Users/3DJoe/Documents/Unreal Projects/MyProject5/Content/StarterContent/Character/HeroTPP_Skeleton.uasset'
[2015.12.19-20.26.11:699][849]LogSavePackage: Total save time: 17.161176ms
[2015.12.19-20.26.11:699][849]LogSavePackage:Display: Finished SavePackage ../../../../../../Users/3DJoe/Documents/Unreal Projects/MyProject5/Content/StarterContent/Character/HeroTPP_Skeleton.uasset
[2015.12.19-20.26.11:967][849]LogCascade: Quitting Cascade. FXSystem=0x000002647B591E40
[2015.12.19-20.26.12:075][849]LogWindowsTextInputMethodSystem:Display: IME system now deactivated.
[2015.12.19-20.26.12:326][850]Cmd: QUIT_EDITOR
[2015.12.19-20.26.13:103][850]LogExit: Preparing to exit.
[2015.12.19-20.26.13:914][850]LogExit: Editor shut down
[2015.12.19-20.26.13:914][850]LogExit: Transaction tracking system shut down
[2015.12.19-20.26.13:917][850]LogParticles: Destroying 0 GPU particle simulations for FXSystem 0x000002647D8AF240
[2015.12.19-20.26.13:918][850]LogParticles: Destroying 0 GPU particle simulations for FXSystem 0x0000026419C17880
[2015.12.19-20.26.13:918][850]LogParticles: Destroying 0 GPU particle simulations for FXSystem 0x000002641A74C7C0
[2015.12.19-20.26.13:918][850]LogParticles: Destroying 0 GPU particle simulations for FXSystem 0x000002641A7FCF40
[2015.12.19-20.26.13:918][850]LogParticles: Destroying 0 GPU particle simulations for FXSystem 0x000002641A7FCE00
[2015.12.19-20.26.13:918][850]LogParticles: Destroying 0 GPU particle simulations for FXSystem 0x000002641AF8BCE0
[2015.12.19-20.26.13:919][850]LogParticles: Destroying 0 GPU particle simulations for FXSystem 0x000002641AF8B740
[2015.12.19-20.26.13:919][850]LogParticles: Destroying 0 GPU particle simulations for FXSystem 0x000002641AEBF880
[2015.12.19-20.26.13:919][850]LogParticles: Destroying 0 GPU particle simulations for FXSystem 0x0000026419B5EDE0
[2015.12.19-20.26.13:920][850]LogParticles: Destroying 0 GPU particle simulations for FXSystem 0x0000026419B5E3E0
[2015.12.19-20.26.13:923][850]LogParticles: Destroying 0 GPU particle simulations for FXSystem 0x000002644B898400
[2015.12.19-20.26.13:928][850]LogParticles: Destroying 0 GPU particle simulations for FXSystem 0x000002644B56C5E0
[2015.12.19-20.26.13:928][850]LogParticles: Destroying 0 GPU particle simulations for FXSystem 0x00000264896F1EE0
[2015.12.19-20.26.13:929][850]LogParticles: Destroying 0 GPU particle simulations for FXSystem 0x000002647B591E40
[2015.12.19-20.26.14:177][850]LogExit: Object subsystem successfully closed.
[2015.12.19-20.26.14:194][850]LogD3D11RHI: Shutdown
[2015.12.19-20.26.14:194][850]LogD3D11RHI: CleanupD3DDevice
[2015.12.19-20.26.14:299][850]LogD3D11RHI: ~FD3D11DynamicRHI
[2015.12.19-20.26.14:318][850]LogModuleManager: Shutting down and abandoning module DistCurveEditor (202)
[2015.12.19-20.26.14:318][850]LogModuleManager: Shutting down and abandoning module Cascade (201)
[2015.12.19-20.26.14:318][850]LogModuleManager: Shutting down and abandoning module CookingStats (200)
[2015.12.19-20.26.14:318][850]LogModuleManager: Shutting down and abandoning module BlueprintGraph (199)
[2015.12.19-20.26.14:318][850]LogModuleManager: Shutting down and abandoning module CrashTracker (198)
[2015.12.19-20.26.14:318][850]LogModuleManager: Shutting down and abandoning module SceneOutliner (197)
[2015.12.19-20.26.14:318][850]LogModuleManager: Shutting down and abandoning module SuperSearch (196)
[2015.12.19-20.26.14:318][850]LogModuleManager: Shutting down and abandoning module WidgetCarousel (195)
[2015.12.19-20.26.14:318][850]LogModuleManager: Shutting down and abandoning module AddContentDialog (194)
[2015.12.19-20.26.14:320][850]LogModuleManager: Shutting down and abandoning module EditorWidgets (193)
[2015.12.19-20.26.14:320][850]LogModuleManager: Shutting down and abandoning module CollectionManager (192)
[2015.12.19-20.26.14:320][850]LogModuleManager: Shutting down and abandoning module StatsViewer (191)
[2015.12.19-20.26.14:320][850]LogModuleManager: Shutting down and abandoning module FoliageEdit (190)
[2015.12.19-20.26.14:320][850]LogModuleManager: Shutting down and abandoning module LandscapeEditor (189)
[2015.12.19-20.26.14:320][850]LogModuleManager: Shutting down and abandoning module ActorPickerMode (188)
[2015.12.19-20.26.14:320][850]LogModuleManager: Shutting down and abandoning module GeometryMode (187)
[2015.12.19-20.26.14:320][850]LogModuleManager: Shutting down and abandoning module TextureAlignMode (186)
[2015.12.19-20.26.14:320][850]LogModuleManager: Shutting down and abandoning module BspMode (185)
[2015.12.19-20.26.14:320][850]LogModuleManager: Shutting down and abandoning module PlacementMode (184)
[2015.12.19-20.26.14:320][850]LogModuleManager: Shutting down and abandoning module AutomationWorker (183)
[2015.12.19-20.26.14:320][850]LogModuleManager: Shutting down and abandoning module CharacterAI (182)
[2015.12.19-20.26.14:320][850]LogModuleManager: Shutting down and abandoning module SmartSnapping (181)
[2015.12.19-20.26.14:320][850]LogModuleManager: Shutting down and abandoning module ViewportSnapping (180)
[2015.12.19-20.26.14:320][850]LogModuleManager: Shutting down and abandoning module LogVisualizer (179)
[2015.12.19-20.26.14:321][850]LogModuleManager: Shutting down and abandoning module GameProjectGeneration (178)
[2015.12.19-20.26.14:321][850]LogModuleManager: Shutting down and abandoning module IntroTutorials (177)
[2015.12.19-20.26.14:321][850]LogModuleManager: Shutting down and abandoning module EditorLiveStreaming (176)
[2015.12.19-20.26.14:321][850]LogModuleManager: Shutting down and abandoning module IOSPlatformEditor (175)
[2015.12.19-20.26.14:321][850]LogModuleManager: Shutting down and abandoning module HTML5PlatformEditor (174)
[2015.12.19-20.26.14:321][850]LogModuleManager: Shutting down and abandoning module AndroidDeviceDetection (173)
[2015.12.19-20.26.15:191][850]LogModuleManager: Shutting down and abandoning module AndroidPlatformEditor (172)
[2015.12.19-20.26.15:191][850]LogModuleManager: Shutting down and abandoning module IOSRuntimeSettings (171)
[2015.12.19-20.26.15:191][850]LogModuleManager: Shutting down and abandoning module AndroidRuntimeSettings (170)
[2015.12.19-20.26.15:191][850]LogModuleManager: Shutting down and abandoning module MergeActors (169)
[2015.12.19-20.26.15:191][850]LogModuleManager: Shutting down and abandoning module SizeMap (168)
[2015.12.19-20.26.15:191][850]LogModuleManager: Shutting down and abandoning module TreeMap (167)
[2015.12.19-20.26.15:191][850]LogModuleManager: Shutting down and abandoning module ReferenceViewer (166)
[2015.12.19-20.26.15:192][850]LogModuleManager: Shutting down and abandoning module LocalizationService (165)
[2015.12.19-20.26.15:192][850]LogModuleManager: Shutting down and abandoning module LocalizationDashboard (164)
[2015.12.19-20.26.15:192][850]LogModuleManager: Shutting down and abandoning module HardwareTargeting (163)
[2015.12.19-20.26.15:192][850]LogModuleManager: Shutting down and abandoning module DeviceProfileEditor (162)
[2015.12.19-20.26.15:192][850]LogModuleManager: Shutting down and abandoning module UndoHistory (161)
[2015.12.19-20.26.15:192][850]LogModuleManager: Shutting down and abandoning module GameplayTagsEditor (160)
[2015.12.19-20.26.15:192][850]LogModuleManager: Shutting down and abandoning module UserFeedback (159)
[2015.12.19-20.26.15:192][850]LogModuleManager: Shutting down and abandoning module XmlParser (158)
[2015.12.19-20.26.15:192][850]LogModuleManager: Shutting down and abandoning module Blutility (157)
[2015.12.19-20.26.15:192][850]LogModuleManager: Shutting down and abandoning module ProjectTargetPlatformEditor (156)
[2015.12.19-20.26.15:192][850]LogModuleManager: Shutting down and abandoning module ProjectSettingsViewer (155)
[2015.12.19-20.26.15:192][850]LogModuleManager: Shutting down and abandoning module InputBindingEditor (154)
[2015.12.19-20.26.15:192][850]LogModuleManager: Shutting down and abandoning module EditorSettingsViewer (153)
[2015.12.19-20.26.15:192][850]LogModuleManager: Shutting down and abandoning module SettingsEditor (152)
[2015.12.19-20.26.15:193][850]LogModuleManager: Shutting down and abandoning module ProjectLauncher (151)
[2015.12.19-20.26.15:193][850]LogModuleManager: Shutting down and abandoning module SessionFrontend (150)
[2015.12.19-20.26.15:193][850]LogModuleManager: Shutting down and abandoning module ProfilerClient (149)
[2015.12.19-20.26.15:193][850]LogModuleManager: Shutting down and abandoning module TargetDeviceServices (148)
[2015.12.19-20.26.15:193][850]LogModuleManager: Shutting down and abandoning module DeviceManager (147)
[2015.12.19-20.26.15:193][850]LogModuleManager: Shutting down and abandoning module AutomationController (146)
[2015.12.19-20.26.15:193][850]LogModuleManager: Shutting down and abandoning module AutomationWindow (145)
[2015.12.19-20.26.15:193][850]LogModuleManager: Shutting down and abandoning module Layers (144)
[2015.12.19-20.26.15:193][850]LogModuleManager: Shutting down and abandoning module ComponentVisualizers (143)
[2015.12.19-20.26.15:193][850]LogModuleManager: Shutting down and abandoning module DetailCustomizations (142)
[2015.12.19-20.26.15:193][850]LogModuleManager: Shutting down and abandoning module PackagesDialog (141)
[2015.12.19-20.26.15:193][850]LogModuleManager: Shutting down and abandoning module Persona (140)
[2015.12.19-20.26.15:193][850]LogModuleManager: Shutting down and abandoning module Kismet (139)
[2015.12.19-20.26.15:194][850]LogModuleManager: Shutting down and abandoning module GraphEditor (138)
[2015.12.19-20.26.15:194][850]LogModuleManager: Shutting down and abandoning module ClassViewer (137)
[2015.12.19-20.26.15:197][850]LogModuleManager: Shutting down and abandoning module Toolbox (136)
[2015.12.19-20.26.15:197][850]LogModuleManager: Shutting down and abandoning module ModuleUI (135)
[2015.12.19-20.26.15:197][850]LogModuleManager: Shutting down and abandoning module MovieSceneTools (134)
[2015.12.19-20.26.15:197][850]LogModuleManager: Shutting down and abandoning module OutputLog (133)
[2015.12.19-20.26.15:197][850]LogModuleManager: Shutting down and abandoning module GammaUI (132)
[2015.12.19-20.26.15:197][850]LogModuleManager: Shutting down and abandoning module Documentation (131)
[2015.12.19-20.26.15:197][850]LogModuleManager: Shutting down and abandoning module GameLiveStreaming (130)
[2015.12.19-20.26.15:197][850]LogModuleManager: Shutting down and abandoning module StreamingPauseRendering (129)
[2015.12.19-20.26.15:197][850]LogModuleManager: Shutting down and abandoning module AnalyticsET (128)
[2015.12.19-20.26.15:197][850]LogModuleManager: Shutting down and abandoning module Analytics (127)
[2015.12.19-20.26.15:197][850]LogModuleManager: Shutting down and abandoning module AITestSuite (126)
[2015.12.19-20.26.15:197][850]LogModuleManager: Shutting down and abandoning module GameplayDebugger (125)
[2015.12.19-20.26.15:197][850]LogModuleManager: Shutting down and abandoning module AIModule (124)
[2015.12.19-20.26.15:197][850]LogModuleManager: Shutting down and abandoning module ProfilerService (123)
[2015.12.19-20.26.15:339][850]LogModuleManager: Shutting down and abandoning module TaskGraph (122)
[2015.12.19-20.26.15:340][850]LogModuleManager: Shutting down and abandoning module SlateRemote (121)
[2015.12.19-20.26.15:340][850]LogModuleManager: Shutting down and abandoning module SteamVRController (120)
[2015.12.19-20.26.15:340][850]LogModuleManager: Shutting down and abandoning module SteamVR (119)
[2015.12.19-20.26.15:340][850]LogModuleManager: Shutting down and abandoning module ProceduralMeshComponent (118)
[2015.12.19-20.26.15:340][850]LogModuleManager: Shutting down and abandoning module OculusLibrary (117)
[2015.12.19-20.26.15:340][850]LogModuleManager: Shutting down and abandoning module OculusInput (116)
[2015.12.19-20.26.15:340][850]LogModuleManager: Shutting down and abandoning module LeapMotionController (115)
[2015.12.19-20.26.15:389][850]LogModuleManager: Shutting down and abandoning module CustomMeshComponent (114)
[2015.12.19-20.26.15:389][850]LogModuleManager: Shutting down and abandoning module CableComponent (113)
[2015.12.19-20.26.15:389][850]LogModuleManager: Shutting down and abandoning module ArchVisCharacter (112)
[2015.12.19-20.26.15:389][850]LogModuleManager: Shutting down and abandoning module MessagingDebugger (111)
[2015.12.19-20.26.15:389][850]LogModuleManager: Shutting down and abandoning module MediaPlayerEditor (110)
[2015.12.19-20.26.15:389][850]LogModuleManager: Shutting down and abandoning module HTML5Networking (109)
[2015.12.19-20.26.15:389][850]LogModuleManager: Shutting down and abandoning module SpeedTreeImporter (108)
[2015.12.19-20.26.15:389][850]LogModuleManager: Shutting down and abandoning module PluginBrowser (107)
[2015.12.19-20.26.15:389][850]LogModuleManager: Shutting down and abandoning module EpicSurvey (106)
[2015.12.19-20.26.15:389][850]LogModuleManager: Shutting down and abandoning module DesktopPlatform (105)
[2015.12.19-20.26.15:389][850]LogModuleManager: Shutting down and abandoning module VisualStudioSourceCodeAccess (104)
[2015.12.19-20.26.15:389][850]LogModuleManager: Shutting down and abandoning module UObjectPlugin (103)
[2015.12.19-20.26.15:389][850]LogModuleManager: Shutting down and abandoning module SubversionSourceControl (102)
[2015.12.19-20.26.15:389][850]LogModuleManager: Shutting down and abandoning module PerforceSourceControl (101)
[2015.12.19-20.26.15:389][850]LogModuleManager: Shutting down and abandoning module SourceControl (100)
[2015.12.19-20.26.15:389][850]LogModuleManager: Shutting down and abandoning module GitSourceControl (99)
[2015.12.19-20.26.15:389][850]LogModuleManager: Shutting down and abandoning module LightPropagationVolumeEditor (98)
[2015.12.19-20.26.15:389][850]LogModuleManager: Shutting down and abandoning module PaperTiledImporter (97)
[2015.12.19-20.26.15:389][850]LogModuleManager: Shutting down and abandoning module PaperSpriteSheetImporter (96)
[2015.12.19-20.26.15:389][850]LogModuleManager: Shutting down and abandoning module MeshPaint (95)
[2015.12.19-20.26.15:389][850]LogModuleManager: Shutting down and abandoning module SlateReflector (94)
[2015.12.19-20.26.15:389][850]LogModuleManager: Shutting down and abandoning module HotReload (93)
[2015.12.19-20.26.15:389][850]LogModuleManager: Shutting down and abandoning module MainFrame (92)
[2015.12.19-20.26.15:390][850]LogModuleManager: Shutting down and abandoning module LevelEditor (91)
[2015.12.19-20.26.15:391][850]LogModuleManager: Shutting down and abandoning module DirectoryWatcher (90)
[2015.12.19-20.26.15:392][850]LogModuleManager: Shutting down and abandoning module AssetRegistry (89)
[2015.12.19-20.26.15:500][850]LogModuleManager: Shutting down and abandoning module ContentBrowser (88)
[2015.12.19-20.26.15:500][850]LogModuleManager: Shutting down and abandoning module Paper2DEditor (87)
[2015.12.19-20.26.15:500][850]LogModuleManager: Shutting down and abandoning module UdpMessaging (86)
[2015.12.19-20.26.15:601][850]LogModuleManager: Shutting down and abandoning module LightPropagationVolumeRuntime (85)
[2015.12.19-20.26.15:601][850]LogModuleManager: Shutting down and abandoning module Paper2D (84)
[2015.12.19-20.26.15:601][850]LogModuleManager: Shutting down and abandoning module WindowsMoviePlayer (83)
[2015.12.19-20.26.15:610][850]LogModuleManager: Shutting down and abandoning module Media (82)
[2015.12.19-20.26.15:610][850]LogModuleManager: Shutting down and abandoning module WmfMedia (81)
[2015.12.19-20.26.15:611][850]LogModuleManager: Shutting down and abandoning module OnlineBlueprintSupport (80)
[2015.12.19-20.26.15:611][850]LogModuleManager: Shutting down and abandoning module GameplayTasksEditor (79)
[2015.12.19-20.26.15:611][850]LogModuleManager: Shutting down and abandoning module PropertyEditor (78)
[2015.12.19-20.26.15:611][850]LogModuleManager: Shutting down and abandoning module BehaviorTreeEditor (77)
[2015.12.19-20.26.15:611][850]LogModuleManager: Shutting down and abandoning module FunctionalTesting (76)
[2015.12.19-20.26.15:611][850]LogModuleManager: Shutting down and abandoning module CollisionAnalyzer (75)
[2015.12.19-20.26.15:611][850]LogModuleManager: Shutting down and abandoning module WorkspaceMenuStructure (74)
[2015.12.19-20.26.15:611][850]LogModuleManager: Shutting down and abandoning module MessageLog (73)
[2015.12.19-20.26.15:611][850]LogModuleManager: Shutting down and abandoning module Sequencer (72)
[2015.12.19-20.26.15:611][850]LogModuleManager: Shutting down and abandoning module AssetTools (71)
[2015.12.19-20.26.15:611][850]LogModuleManager: Shutting down and abandoning module UMGEditor (70)
[2015.12.19-20.26.15:611][850]LogModuleManager: Shutting down and abandoning module UMG (69)
[2015.12.19-20.26.15:612][850]LogModuleManager: Shutting down and abandoning module Slate (68)
[2015.12.19-20.26.15:612][850]LogModuleManager: Shutting down and abandoning module EditorStyle (67)
[2015.12.19-20.26.15:618][850]LogModuleManager: Shutting down and abandoning module SessionServices (66)
[2015.12.19-20.26.15:618][850]LogModuleManager: Shutting down and abandoning module SourceCodeAccess (65)
[2015.12.19-20.26.15:618][850]LogModuleManager: Shutting down and abandoning module HeadMountedDisplay (64)
[2015.12.19-20.26.15:618][850]LogModuleManager: Shutting down and abandoning module XAudio2 (63)
[2015.12.19-20.26.15:618][850]LogModuleManager: Shutting down and abandoning module Networking (61)
[2015.12.19-20.26.15:619][850]LogModuleManager: Shutting down and abandoning module Core (60)
[2015.12.19-20.26.15:619][850]LogModuleManager: Shutting down and abandoning module KismetCompiler (59)
[2015.12.19-20.26.15:619][850]LogModuleManager: Shutting down and abandoning module PhysXFormats (58)
[2015.12.19-20.26.15:619][850]LogModuleManager: Shutting down and abandoning module MeshUtilities (57)
[2015.12.19-20.26.15:619][850]LogModuleManager: Shutting down and abandoning module DerivedDataCache (56)
[2015.12.19-20.26.15:622][850]LogDerivedDataCache: Shutdown
[2015.12.19-20.26.15:622][850]LogModuleManager: Shutting down and abandoning module ShaderFormatOpenGL (55)
[2015.12.19-20.26.15:622][850]LogModuleManager: Shutting down and abandoning module ShaderFormatD3D (54)
[2015.12.19-20.26.15:622][850]LogModuleManager: Shutting down and abandoning module MetalShaderFormat (53)
[2015.12.19-20.26.15:622][850]LogModuleManager: Shutting down and abandoning module TextureFormatUncompressed (52)
[2015.12.19-20.26.15:622][850]LogModuleManager: Shutting down and abandoning module TextureFormatPVR (51)
[2015.12.19-20.26.15:622][850]LogModuleManager: Shutting down and abandoning module TextureFormatIntelISPCTexComp (50)
[2015.12.19-20.26.15:622][850]LogModuleManager: Shutting down and abandoning module TextureFormatDXT (49)
[2015.12.19-20.26.15:622][850]LogModuleManager: Shutting down and abandoning module ImageWrapper (48)
[2015.12.19-20.26.15:622][850]LogModuleManager: Shutting down and abandoning module TextureFormatASTC (47)
[2015.12.19-20.26.15:622][850]LogModuleManager: Shutting down and abandoning module TextureFormatAndroid (46)
[2015.12.19-20.26.15:622][850]LogModuleManager: Shutting down and abandoning module AudioFormatOpus (45)
[2015.12.19-20.26.15:622][850]LogModuleManager: Shutting down and abandoning module AudioFormatOgg (44)
[2015.12.19-20.26.15:622][850]LogModuleManager: Shutting down and abandoning module AudioFormatADPCM (43)
[2015.12.19-20.26.15:622][850]LogModuleManager: Shutting down and abandoning module LinuxTargetPlatform (42)
[2015.12.19-20.26.15:622][850]LogModuleManager: Shutting down and abandoning module LinuxServerTargetPlatform (41)
[2015.12.19-20.26.15:622][850]LogModuleManager: Shutting down and abandoning module LinuxNoEditorTargetPlatform (40)
[2015.12.19-20.26.15:622][850]LogModuleManager: Shutting down and abandoning module Messaging (39)
[2015.12.19-20.26.15:622][850]LogModuleManager: Shutting down and abandoning module IOSTargetPlatform (38)
[2015.12.19-20.26.15:622][850]LogModuleManager: Shutting down and abandoning module HTML5TargetPlatform (37)
[2015.12.19-20.26.15:622][850]LogModuleManager: Shutting down and abandoning module Android_PVRTCTargetPlatform (36)
[2015.12.19-20.26.15:622][850]LogModuleManager: Shutting down and abandoning module Android_MultiTargetPlatform (35)
[2015.12.19-20.26.15:622][850]LogModuleManager: Shutting down and abandoning module Android_ETC2TargetPlatform (34)
[2015.12.19-20.26.15:622][850]LogModuleManager: Shutting down and abandoning module Android_ETC1TargetPlatform (33)
[2015.12.19-20.26.15:622][850]LogModuleManager: Shutting down and abandoning module Android_DXTTargetPlatform (32)
[2015.12.19-20.26.15:622][850]LogModuleManager: Shutting down and abandoning module Android_ATCTargetPlatform (31)
[2015.12.19-20.26.15:622][850]LogModuleManager: Shutting down and abandoning module Android_ASTCTargetPlatform (30)
[2015.12.19-20.26.15:622][850]LogModuleManager: Shutting down and abandoning module AndroidTargetPlatform (29)
[2015.12.19-20.26.15:622][850]LogModuleManager: Shutting down and abandoning module WindowsTargetPlatform (28)
[2015.12.19-20.26.15:622][850]LogModuleManager: Shutting down and abandoning module WindowsServerTargetPlatform (27)
[2015.12.19-20.26.15:623][850]LogModuleManager: Shutting down and abandoning module WindowsNoEditorTargetPlatform (26)
[2015.12.19-20.26.15:623][850]LogModuleManager: Shutting down and abandoning module WindowsClientTargetPlatform (25)
[2015.12.19-20.26.15:623][850]LogModuleManager: Shutting down and abandoning module AllDesktopTargetPlatform (24)
[2015.12.19-20.26.15:623][850]LogModuleManager: Shutting down and abandoning module TargetPlatform (23)
[2015.12.19-20.26.15:623][850]LogModuleManager: Shutting down and abandoning module InputCore (22)
[2015.12.19-20.26.15:623][850]LogModuleManager: Shutting down and abandoning module Settings (21)
[2015.12.19-20.26.15:623][850]LogModuleManager: Shutting down and abandoning module OnlineSubsystem (19)
[2015.12.19-20.26.15:623][850]LogModuleManager: Shutting down and abandoning module HTTP (18)
[2015.12.19-20.26.16:625][850]LogModuleManager: Shutting down and abandoning module XMPP (17)
[2015.12.19-20.26.16:625][850]LogModuleManager: Shutting down and abandoning module OculusRift (16)
[2015.12.19-20.26.16:625][850]LogModuleManager: Shutting down and abandoning module ExampleDeviceProfileSelector (15)
[2015.12.19-20.26.16:625][850]LogModuleManager: Shutting down and abandoning module TextureCompressor (14)
[2015.12.19-20.26.16:625][850]LogModuleManager: Shutting down and abandoning module ShaderCore (13)
[2015.12.19-20.26.16:625][850]LogModuleManager: Shutting down and abandoning module Landscape (12)
[2015.12.19-20.26.16:625][850]LogModuleManager: Shutting down and abandoning module SlateRHIRenderer (11)
[2015.12.19-20.26.16:629][850]LogModuleManager: Shutting down and abandoning module OpenGLDrv (10)
[2015.12.19-20.26.16:629][850]LogModuleManager: Shutting down and abandoning module D3D11RHI (9)
[2015.12.19-20.26.16:629][850]LogModuleManager: Shutting down and abandoning module AnimGraphRuntime (8)
[2015.12.19-20.26.16:629][850]LogModuleManager: Shutting down and abandoning module Renderer (7)
[2015.12.19-20.26.16:629][850]LogModuleManager: Shutting down and abandoning module Engine (6)
[2015.12.19-20.26.16:629][850]LogModuleManager: Shutting down and abandoning module CoreUObject (5)
[2015.12.19-20.26.16:629][850]LogModuleManager: Shutting down and abandoning module NetworkFile (4)
[2015.12.19-20.26.16:629][850]LogModuleManager: Shutting down and abandoning module StreamingFile (3)
[2015.12.19-20.26.16:629][850]LogModuleManager: Shutting down and abandoning module SandboxFile (2)
[2015.12.19-20.26.16:629][850]LogModuleManager: Shutting down and abandoning module PakFile (1)
[2015.12.19-20.26.16:633][850]LogExit: Exiting.
[2015.12.19-20.26.16:679][850]Log file closed, 12/19/15 12:26:16
